87
62
62
58
61
60
59
58
57
59
58
58
58
61
58
58
61
58
58
60
60
59
58
58
57
58
58
58
60
58
58
57
60
57
56
56
57
55
55
57
57
58
57
58
57
56
57
56
58
57
57
57
56
58
57
57
57
58
59
57
57
58
58
56
58
56
58
56
56
58
56
56
57
60
56
56
56
56
56
56
58
57
56
56
55
57
57
56
59
56
56
56
56
58
56
57
58
56
57
55
55
56
56
57
59
54
56
56
56
57
57
56
58
56
56
56
55
57
57
56
55
55
56
56
56
56
56
55
58
55
55
56
55
58
104
59
57
56
55
56
56
55
55
55
58
55
55
57
56
55
54
54
56
56
55
55
56
55
54
55
58
54
54
54
53
55
55
54
54
54
54
54
54
55
54
54
64
54
55
55
54
54
54
54
54
54
54
55
55
55
55
54
59
54
54
55
55
53
54
54
54
54
55
55
55
56
54
56
57
55
54
54
55
54
55
54
54
54
54
54
54
54
57
54
55
55
55
54
54
54
54
54
55
54
55
53
55
56
55
55
57
54
55
54
54
55
54
54
55
55
54
55
57
54
54
55
