   Operation      Sample         Ops
64   0            1      501.33
64   0            2      494.81
64   0            3      495.66
64   0            4      499.72
64   0            5      503.46
128  0            1      934.20
128  0            2      940.05
128  0            3      931.83
128  0            4      919.14
128  0            5      932.10
256  0            1     1734.77
256  0            2     1798.27
256  0            3     1738.87
256  0            4     1654.62
256  0            5     1806.68
1024 0            1     6056.34
1024 0            2     6288.91
1024 0            3     6046.25
1024 0            4     6238.91
1024 0            5     6339.22
2048 0            1     9707.69
2048 0            2     9795.49
2048 0            3     9619.14
2048 0            4     9621.34
2048 0            5     9669.11
3312 0            1    11827.14
3312 0            2    11697.60
3312 0            3    11691.04
3312 0            4    11702.56
3312 0            5    11819.68
4096 0            1    13194.14
4096 0            2    13715.24
4096 0            3    12988.71
4096 0            4    13417.06
4096 0            5    13800.34
8192 0            1    18447.40
8192 0            2    17425.60
8192 0            3    18399.88
8192 0            4    19162.35
8192 0            5    18959.09
163840            1    18861.22
163840            2    18894.20
163840            3    18534.34
163840            4    19022.99
163840            5    17678.36
   Operation      Sample         Ops
send-64   0            1       72.70
send-64   0            4       71.37
send-64   0            7       69.84
send-64   0           10       70.76
send-64   0           13       73.47
send-128  0            1      143.27
send-128  0            4      145.13
send-128  0            7      141.93
send-128  0           10      141.45
send-128  0           13      142.00
send-256  0            1      273.10
send-256  0            4      287.50
send-256  0            7      282.23
send-256  0           10      290.70
send-256  0           13      285.03
send-1024 0            1     1150.45
send-1024 0            4     1122.15
send-1024 0            7     1149.52
send-1024 0           10     1131.61
send-1024 0           13     1121.88
send-2048 0            1     2171.52
send-2048 0            4     2171.00
send-2048 0            7     2193.23
send-2048 0           10     2190.70
send-2048 0           13     2136.53
send-3312 0            1     3579.18
send-3312 0            4     3587.21
send-3312 0            7     3458.74
send-3312 0           10     3540.27
send-3312 0           13     3540.16
send-4096 0            1     4276.74
send-4096 0            4     4192.19
send-4096 0            7     4234.22
send-4096 0           10     4254.70
send-4096 0           13     4289.10
send-8192 0            1     7949.99
send-8192 0            4     8079.01
send-8192 0            7     7983.80
send-8192 0           10     8014.26
send-8192 0           13     8032.07
send-163840            1    14381.56
send-163840            4    14757.95
send-163840            7    14807.87
send-163840           10    14862.79
send-163840           13    14485.64
recv-64   0            2       52.91
recv-64   0            5       50.51
recv-64   0            8       50.75
recv-64   0           11       51.17
recv-64   0           14       53.53
recv-128  0            2      103.07
recv-128  0            5      104.74
recv-128  0            8      101.02
recv-128  0           11      102.64
recv-128  0           14      102.75
recv-256  0            2      195.53
recv-256  0            5      207.06
recv-256  0            8      203.00
recv-256  0           11      210.66
recv-256  0           14      207.67
recv-1024 0            2      831.92
recv-1024 0            5      808.94
recv-1024 0            8      834.15
recv-1024 0           11      824.93
recv-1024 0           14      821.15
recv-2048 0            2     1602.96
recv-2048 0            5     1593.77
recv-2048 0            8     1630.19
recv-2048 0           11     1603.27
recv-2048 0           14     1577.98
recv-3312 0            2     2666.47
recv-3312 0            5     2691.87
recv-3312 0            8     2555.26
recv-3312 0           11     2590.42
recv-3312 0           14     2612.67
recv-4096 0            2     3208.34
recv-4096 0            5     3155.14
recv-4096 0            8     3165.98
recv-4096 0           11     3139.25
recv-4096 0           14     3210.14
recv-8192 0            2     5952.22
recv-8192 0            5     6014.98
recv-8192 0            8     6003.98
recv-8192 0           11     5959.17
recv-8192 0           14     6010.61
recv-163840            2    10951.52
recv-163840            5    11156.26
recv-163840            8    11435.73
recv-163840           11    11340.08
recv-163840           14    10990.34
loss-64   0            3       19.79
loss-64   0            6       20.86
loss-64   0            9       19.09
loss-64   0           12       19.59
loss-64   0           15       19.94
loss-128  0            3       40.20
loss-128  0            6       40.39
loss-128  0            9       40.91
loss-128  0           12       38.81
loss-128  0           15       39.25
loss-256  0            3       77.57
loss-256  0            6       80.44
loss-256  0            9       79.23
loss-256  0           12       80.04
loss-256  0           15       77.36
loss-1024 0            3      318.53
loss-1024 0            6      313.21
loss-1024 0            9      315.37
loss-1024 0           12      306.68
loss-1024 0           15      300.73
loss-2048 0            3      568.56
loss-2048 0            6      577.23
loss-2048 0            9      563.04
loss-2048 0           12      587.43
loss-2048 0           15      558.55
loss-3312 0            3      912.71
loss-3312 0            6      895.34
loss-3312 0            9      903.48
loss-3312 0           12      949.85
loss-3312 0           15      927.49
loss-4096 0            3     1068.40
loss-4096 0            6     1037.05
loss-4096 0            9     1068.24
loss-4096 0           12     1115.45
loss-4096 0           15     1078.96
loss-8192 0            3     1997.77
loss-8192 0            6     2064.03
loss-8192 0            9     1979.82
loss-8192 0           12     2055.09
loss-8192 0           15     2021.46
loss-163840            3     3430.04
loss-163840            6     3601.69
loss-163840            9     3372.14
loss-163840           12     3522.71
loss-163840           15     3495.30
