   Operation      Sample     Latency
10-i1-d0   0            1  2067680.20
10-i1-d0   0            2  2119306.20
10-i1-d0   0            3  2103496.60
10-i128-d0 0            1  1101037.60
10-i128-d0 0            2  1088271.40
10-i128-d0 0            3  1095211.80
10-i16-d0  0            1  2512300.40
10-i16-d0  0            2  2533805.00
10-i16-d0  0            3  2507385.00
10-i2-d0   0            1  2779507.00
10-i2-d0   0            2  2748272.20
10-i2-d0   0            3  2730206.20
10-i32-d0  0            1  1836994.80
10-i32-d0  0            2  1837806.80
10-i32-d0  0            3  1818432.40
10-i4-d0   0            1  3707976.00
10-i4-d0   0            2  3774025.00
10-i4-d0   0            3  3765925.60
10-i64-d0  0            1  1329226.80
10-i64-d0  0            2  1327065.00
10-i64-d0  0            3  1330022.20
10-i8-d0   0            1  3016516.20
10-i8-d0   0            2  3000917.60
10-i8-d0   0            3  3065108.40
100-i1-d0  0            1  5675816.00
100-i1-d0  0            2  5078689.40
100-i1-d0  0            3  5936726.80
100-i128-d00            1  5038360.00
100-i128-d00            2  4854309.00
100-i128-d00            3  4959406.20
100-i16-d0 0            1  4723350.00
100-i16-d0 0            2  4750604.20
100-i16-d0 0            3  4790614.80
100-i2-d0  0            1  4527552.20
100-i2-d0  0            2  4318146.20
100-i2-d0  0            3  4274537.40
100-i32-d0 0            1  4503346.00
100-i32-d0 0            2  4562285.80
100-i32-d0 0            3  4542078.40
100-i4-d0  0            1  4313424.40
100-i4-d0  0            2  4285629.80
100-i4-d0  0            3  4164827.20
100-i64-d0 0            1  4436764.20
100-i64-d0 0            2  4385123.40
100-i64-d0 0            3  4433080.80
100-i8-d0  0            1  4710464.80
100-i8-d0  0            2  4778636.60
100-i8-d0  0            3  4818056.40
120-i1-d0  0            1  5191937.20
120-i1-d0  0            2  4464784.00
120-i1-d0  0            3  5051850.00
120-i128-d00            1  4702203.80
120-i128-d00            2  4476507.60
120-i128-d00            3  4788121.20
120-i16-d0 0            1  4408291.40
120-i16-d0 0            2  4456490.00
120-i16-d0 0            3  4458437.60
120-i2-d0  0            1  4286225.80
120-i2-d0  0            2  4090547.20
120-i2-d0  0            3  4203393.20
120-i32-d0 0            1  4371202.20
120-i32-d0 0            2  4263037.40
120-i32-d0 0            3  4358274.60
120-i4-d0  0            1  4060351.80
120-i4-d0  0            2  3942379.40
120-i4-d0  0            3  3911250.80
120-i64-d0 0            1  4259962.80
120-i64-d0 0            2  4231869.40
120-i64-d0 0            3  4300609.20
120-i8-d0  0            1  4416840.20
120-i8-d0  0            2  4474529.20
120-i8-d0  0            3  4512016.20
14-i1-d0   0            1  2603137.00
14-i1-d0   0            2  2544683.60
14-i1-d0   0            3  2672116.00
14-i128-d0 0            1  1206525.40
14-i128-d0 0            2  1212339.40
14-i128-d0 0            3  1205283.00
14-i16-d0  0            1  3160972.00
14-i16-d0  0            2  3104193.60
14-i16-d0  0            3  3149179.20
14-i2-d0   0            1  3955179.60
14-i2-d0   0            2  3933080.80
14-i2-d0   0            3  4146840.00
14-i32-d0  0            1  2187769.00
14-i32-d0  0            2  2155616.60
14-i32-d0  0            3  2201663.00
14-i4-d0   0            1  5045601.80
14-i4-d0   0            2  4992097.80
14-i4-d0   0            3  4994928.80
14-i64-d0  0            1  1480741.40
14-i64-d0  0            2  1500216.40
14-i64-d0  0            3  1496037.60
14-i8-d0   0            1  3965039.00
14-i8-d0   0            2  3922492.60
14-i8-d0   0            3  3978698.80
146-i1-d0  0            1  4335637.40
146-i1-d0  0            2  3891090.80
146-i1-d0  0            3  4601713.60
146-i128-d00            1  4334205.60
146-i128-d00            2  4033885.80
146-i128-d00            3  4390385.40
146-i16-d0 0            1  4204388.80
146-i16-d0 0            2  4202043.20
146-i16-d0 0            3  4244181.00
146-i2-d0  0            1  4096982.20
146-i2-d0  0            2  3730320.60
146-i2-d0  0            3  4054697.40
146-i32-d0 0            1  4090425.00
146-i32-d0 0            2  4136937.80
146-i32-d0 0            3  4124034.20
146-i64-d0 0            1  4120926.20
146-i64-d0 0            2  4096578.20
146-i64-d0 0            3  4120334.80
146-i8-d0  0            1  4243518.80
146-i8-d0  0            2  4286265.00
146-i8-d0  0            3  4261990.40
16-i1-d0   0            1  2917396.00
16-i1-d0   0            2  2946888.80
16-i1-d0   0            3  2877189.00
16-i128-d0 0            1  1245489.00
16-i128-d0 0            2  1247818.60
16-i128-d0 0            3  1249951.60
16-i16-d0  0            1  3489228.00
16-i16-d0  0            2  3506122.60
16-i16-d0  0            3  3441794.00
16-i2-d0   0            1  4372542.00
16-i2-d0   0            2  4636809.80
16-i2-d0   0            3  4440383.20
16-i32-d0  0            1  2346676.20
16-i32-d0  0            2  2400393.60
16-i32-d0  0            3  2424109.40
16-i4-d0   0            1  6886798.80
16-i4-d0   0            2  6795282.60
16-i4-d0   0            3  6383955.60
16-i64-d0  0            1  1572200.40
16-i64-d0  0            2  1580958.60
16-i64-d0  0            3  1577308.00
16-i8-d0   0            1  4532324.40
16-i8-d0   0            2  4500399.00
16-i8-d0   0            3  4516140.20
160-i1-d0  0            1  4607643.60
160-i1-d0  0            2  3695574.60
160-i1-d0  0            3  4392705.20
160-i128-d00            1  4130080.60
160-i128-d00            2  3855798.20
160-i128-d00            3  4466866.00
160-i16-d0 0            1  4097010.00
160-i16-d0 0            2  4101435.80
160-i16-d0 0            3  4120195.20
160-i2-d0  0            1  4170669.20
160-i2-d0  0            2  4066574.60
160-i32-d0 0            1  4014228.00
160-i32-d0 0            2  4007349.40
160-i32-d0 0            3  4033525.80
160-i64-d0 0            1  3980795.60
160-i64-d0 0            2  3970672.40
160-i64-d0 0            3  3992887.60
160-i8-d0  0            1  4161247.20
160-i8-d0  0            2  4125969.40
160-i8-d0  0            3  4174909.80
2-i1-d0    0            1   923402.00
2-i1-d0    0            2   726932.00
2-i1-d0    0            3   743124.00
2-i128-d0  0            1   386831.20
2-i128-d0  0            2   387377.20
2-i128-d0  0            3   388157.40
2-i16-d0   0            1   773716.80
2-i16-d0   0            2   822677.20
2-i16-d0   0            3   799181.60
2-i2-d0    0            1   767823.20
2-i2-d0    0            2   746481.20
2-i2-d0    0            3   747981.20
2-i32-d0   0            1   846003.20
2-i32-d0   0            2   791443.80
2-i32-d0   0            3   817211.80
2-i4-d0    0            1   738844.00
2-i4-d0    0            2   736210.00
2-i4-d0    0            3   734929.80
2-i64-d0   0            1   422067.00
2-i64-d0   0            2   432374.40
2-i64-d0   0            3   441257.80
2-i8-d0    0            1   776723.60
2-i8-d0    0            2   785285.00
2-i8-d0    0            3   775858.20
20-i1-d0   0            1  3914627.20
20-i1-d0   0            2  3751318.80
20-i1-d0   0            3  3935671.40
20-i128-d0 0            1  1854514.80
20-i128-d0 0            2  1853638.00
20-i128-d0 0            3  1883672.00
20-i16-d0  0            1  3976275.60
20-i16-d0  0            2  3929615.40
20-i16-d0  0            3  3935224.80
20-i2-d0   0            1  5121481.20
20-i2-d0   0            2  5205635.00
20-i2-d0   0            3  5135061.20
20-i32-d0  0            1  2461604.80
20-i32-d0  0            2  2493363.20
20-i32-d0  0            3  2490822.00
20-i4-d0   0            1  6743446.00
20-i4-d0   0            2  6546091.20
20-i4-d0   0            3  6525827.20
20-i64-d0  0            1  1653615.20
20-i64-d0  0            2  1658288.20
20-i64-d0  0            3  1673058.80
20-i8-d0   0            1  5274936.00
20-i8-d0   0            2  5279745.40
20-i8-d0   0            3  5271662.40
26-i1-d0   0            1  5336603.20
26-i1-d0   0            2  4805672.00
26-i1-d0   0            3  5217340.00
26-i128-d0 0            1  2270655.80
26-i128-d0 0            2  2226894.40
26-i128-d0 0            3  2238837.20
26-i16-d0  0            1  4527782.60
26-i16-d0  0            2  4498485.40
26-i16-d0  0            3  4478239.60
26-i2-d0   0            1  7266692.20
26-i2-d0   0            2  6814371.20
26-i2-d0   0            3  7868471.20
26-i32-d0  0            1  2652021.40
26-i32-d0  0            2  2694309.20
26-i32-d0  0            3  2694220.80
26-i4-d0   0            1  8157727.20
26-i4-d0   0            2  8031484.40
26-i4-d0   0            3  7837347.40
26-i64-d0  0            1  2143508.20
26-i64-d0  0            2  2155463.40
26-i64-d0  0            3  2193836.60
26-i8-d0   0            1  6177706.60
26-i8-d0   0            2  6148747.60
26-i8-d0   0            3  6129252.80
32-i1-d0   0            1  5388776.40
32-i1-d0   0            2  4958369.00
32-i1-d0   0            3  5567604.20
32-i128-d0 0            1  2336971.60
32-i128-d0 0            2  2343642.80
32-i128-d0 0            3  2362970.60
32-i16-d0  0            1  4788452.20
32-i16-d0  0            2  4776684.00
32-i16-d0  0            3  4931650.00
32-i2-d0   0            1  6882912.00
32-i2-d0   0            2  7501072.60
32-i2-d0   0            3  6911015.40
32-i32-d0  0            1  2763217.60
32-i32-d0  0            2  2753705.00
32-i32-d0  0            3  2806728.80
32-i4-d0   0            1  8509377.60
32-i4-d0   0            2  7723616.40
32-i4-d0   0            3  8030402.40
32-i64-d0  0            1  2781628.60
32-i64-d0  0            2  2804559.00
32-i64-d0  0            3  2786233.20
32-i8-d0   0            1  6768605.40
32-i8-d0   0            2  6763042.00
32-i8-d0   0            3  6717596.00
38-i1-d0   0            1  6439219.80
38-i1-d0   0            2  5927267.20
38-i1-d0   0            3  6410257.60
38-i128-d0 0            1  3090192.00
38-i128-d0 0            2  3048876.00
38-i128-d0 0            3  3110659.00
38-i16-d0  0            1  4912797.40
38-i16-d0  0            2  5109568.40
38-i16-d0  0            3  4954827.80
38-i2-d0   0            1  8046982.80
38-i2-d0   0            2  8044337.00
38-i2-d0   0            3  8011462.20
38-i32-d0  0            1  2920254.80
38-i32-d0  0            2  2823323.00
38-i32-d0  0            3  2843599.20
38-i4-d0   0            1  7383135.80
38-i4-d0   0            2  6257229.40
38-i4-d0   0            3  6297259.60
38-i64-d0  0            1  3041069.00
38-i64-d0  0            2  3042457.00
38-i64-d0  0            3  3064188.20
38-i8-d0   0            1  6880834.80
38-i8-d0   0            2  6712021.00
38-i8-d0   0            3  6839181.80
4-i1-d0    0            1  1199697.40
4-i1-d0    0            2  1247475.20
4-i1-d0    0            3  1215444.60
4-i128-d0  0            1   658120.80
4-i128-d0  0            2   665459.60
4-i128-d0  0            3   668542.00
4-i16-d0   0            1  1093880.00
4-i16-d0   0            2  1093017.20
4-i16-d0   0            3  1102998.00
4-i2-d0    0            1  1254703.60
4-i2-d0    0            2  1334684.80
4-i2-d0    0            3  1298174.40
4-i32-d0   0            1  1012736.60
4-i32-d0   0            2  1021318.20
4-i32-d0   0            3  1034482.80
4-i4-d0    0            1  1568123.80
4-i4-d0    0            2  1503342.20
4-i4-d0    0            3  1559286.00
4-i64-d0   0            1   734723.20
4-i64-d0   0            2   743885.60
4-i64-d0   0            3   743301.00
4-i8-d0    0            1  1427452.00
4-i8-d0    0            2  1423941.20
4-i8-d0    0            3  1422671.20
46-i1-d0   0            1  6879385.80
46-i1-d0   0            2  6255890.40
46-i1-d0   0            3  6870149.40
46-i128-d0 0            1  3337415.40
46-i128-d0 0            2  3302290.20
46-i128-d0 0            3  3257613.80
46-i16-d0  0            1  5059152.60
46-i16-d0  0            2  4753426.00
46-i16-d0  0            3  5109969.80
46-i2-d0   0            1  7691910.40
46-i2-d0   0            2  7664168.40
46-i2-d0   0            3  7013448.00
46-i32-d0  0            1  3646679.20
46-i32-d0  0            2  3760170.80
46-i32-d0  0            3  3655558.00
46-i4-d0   0            1  6313023.00
46-i4-d0   0            2  5634379.20
46-i4-d0   0            3  5399592.40
46-i64-d0  0            1  3182709.80
46-i64-d0  0            2  3174342.40
46-i64-d0  0            3  3251534.60
46-i8-d0   0            1  6355388.40
46-i8-d0   0            2  6671166.60
46-i8-d0   0            3  6515788.60
56-i1-d0   0            1  7706092.80
56-i1-d0   0            2  7325403.20
56-i1-d0   0            3  8777224.40
56-i128-d0 0            1  4078293.00
56-i128-d0 0            2  3979181.00
56-i128-d0 0            3  4044417.80
56-i16-d0  0            1  4797261.20
56-i16-d0  0            2  4952634.60
56-i16-d0  0            3  4849390.80
56-i2-d0   0            1  6344794.20
56-i2-d0   0            2  6509776.40
56-i2-d0   0            3  6273073.80
56-i32-d0  0            1  4337203.00
56-i32-d0  0            2  4393118.00
56-i32-d0  0            3  4341033.40
56-i4-d0   0            1  5573814.40
56-i4-d0   0            2  5342004.80
56-i4-d0   0            3  4858268.20
56-i64-d0  0            1  3989320.20
56-i64-d0  0            2  3931396.00
56-i64-d0  0            3  4057080.00
56-i8-d0   0            1  5892036.80
56-i8-d0   0            2  6113302.00
56-i8-d0   0            3  6070337.60
6-i1-d0    0            1  1238370.40
6-i1-d0    0            2  1287074.20
6-i1-d0    0            3  1268490.00
6-i128-d0  0            1   861634.40
6-i128-d0  0            2   868996.60
6-i128-d0  0            3   861944.60
6-i16-d0   0            1  1440801.00
6-i16-d0   0            2  1495468.60
6-i16-d0   0            3  1478493.00
6-i2-d0    0            1  2883077.00
6-i2-d0    0            2  2781463.00
6-i2-d0    0            3  2719621.60
6-i32-d0   0            1  1357686.00
6-i32-d0   0            2  1325776.60
6-i32-d0   0            3  1343519.40
6-i4-d0    0            1  3372182.80
6-i4-d0    0            2  3321766.20
6-i4-d0    0            3  3616896.80
6-i64-d0   0            1  1039937.60
6-i64-d0   0            2  1057760.80
6-i64-d0   0            3  1056449.20
6-i8-d0    0            1  1805455.20
6-i8-d0    0            2  1824709.40
6-i8-d0    0            3  1864130.00
68-i1-d0   0            1  8225007.00
68-i1-d0   0            2  7577399.40
68-i1-d0   0            3  8733859.80
68-i128-d0 0            1  4613713.20
68-i128-d0 0            2  4594317.20
68-i128-d0 0            3  4620660.40
68-i16-d0  0            1  4897186.00
68-i16-d0  0            2  4770582.40
68-i16-d0  0            3  4969760.20
68-i2-d0   0            1  5441585.20
68-i2-d0   0            2  5330102.80
68-i2-d0   0            3  5175630.80
68-i32-d0  0            1  4548927.60
68-i32-d0  0            2  4417197.40
68-i32-d0  0            3  4554336.60
68-i4-d0   0            1  4896467.80
68-i4-d0   0            2  4850630.80
68-i4-d0   0            3  4622615.60
68-i64-d0  0            1  4160710.80
68-i64-d0  0            2  4086776.00
68-i64-d0  0            3  4149063.40
68-i8-d0   0            1  5385009.80
68-i8-d0   0            2  5586024.20
68-i8-d0   0            3  5540724.00
8-i1-d0    0            1  1557214.80
8-i1-d0    0            2  1557704.40
8-i1-d0    0            3  1527070.40
8-i128-d0  0            1   996506.80
8-i128-d0  0            2   995552.80
8-i128-d0  0            3  1015943.20
8-i16-d0   0            1  2016627.20
8-i16-d0   0            2  2033929.00
8-i16-d0   0            3  2044681.80
8-i2-d0    0            1  2272860.80
8-i2-d0    0            2  2337188.80
8-i2-d0    0            3  2298359.60
8-i32-d0   0            1  1494433.00
8-i32-d0   0            2  1517352.20
8-i32-d0   0            3  1530772.60
8-i4-d0    0            1  2974158.00
8-i4-d0    0            2  3066855.40
8-i4-d0    0            3  2898251.00
8-i64-d0   0            1  1164510.20
8-i64-d0   0            2  1169888.00
8-i64-d0   0            3  1199466.20
8-i8-d0    0            1  2398301.60
8-i8-d0    0            2  2425707.40
8-i8-d0    0            3  2467717.60
82-i1-d0   0            1  6901355.20
82-i1-d0   0            2  6539158.40
82-i1-d0   0            3  7149003.80
82-i128-d0 0            1  4919123.60
82-i128-d0 0            2  4927456.20
82-i128-d0 0            3  4908926.20
82-i16-d0  0            1  4994784.00
82-i16-d0  0            2  4814881.20
82-i16-d0  0            3  5017609.00
82-i2-d0   0            1  4691404.60
82-i2-d0   0            2  4596936.20
82-i2-d0   0            3  4401780.60
82-i32-d0  0            1  4520566.20
82-i32-d0  0            2  4578997.00
82-i32-d0  0            3  4495199.80
82-i4-d0   0            1  4623905.80
82-i4-d0   0            2  4718670.60
82-i4-d0   0            3  4407598.60
82-i64-d0  0            1  4555374.40
82-i64-d0  0            2  4478842.80
82-i64-d0  0            3  4538566.20
82-i8-d0   0            1  4883300.80
82-i8-d0   0            2  5115806.00
82-i8-d0   0            3  5086120.40
   Operation      Sample     Latency
1-i1-d0       0            1  1438896.00
1-i1-d0       0            2  1458719.20
1-i1-d0       0            3  1449520.20
1-i128-d0     0            1  1454671.60
1-i128-d0     0            2  1470749.40
1-i128-d0     0            3  1372166.60
1-i16-d0      0            1  1472475.60
1-i16-d0      0            2  1453097.40
1-i16-d0      0            3  1457967.80
1-i2-d0       0            1  1451569.00
1-i2-d0       0            2  1466017.40
1-i2-d0       0            3  1456924.00
1-i32-d0      0            1  1471013.80
1-i32-d0      0            2  1467062.60
1-i32-d0      0            3  1370871.60
1-i4-d0       0            1  1451871.80
1-i4-d0       0            2  1451953.00
1-i4-d0       0            3  1454478.40
1-i64-d0      0            1  1453353.40
1-i64-d0      0            2  1467070.00
1-i64-d0      0            3  1382515.80
1-i8-d0       0            1  1452392.00
1-i8-d0       0            2  1470243.00
1-i8-d0       0            3  1456242.40
100-i1-d0     0            1 40644794.40
100-i1-d0     0            2 40663685.40
100-i1-d0     0            3 40665538.40
100-i128-d0   0            1 39529221.40
100-i128-d0   0            2 39725250.60
100-i128-d0   0            3 38672982.40
100-i16-d0    0            1 51095176.40
100-i16-d0    0            2 51064094.80
100-i16-d0    0            3 49339553.20
100-i2-d0     0            1 60508584.60
100-i2-d0     0            2 60695348.00
100-i2-d0     0            3 60509795.40
100-i32-d0    0            1 44413107.40
100-i32-d0    0            2 44497220.40
100-i32-d0    0            3 43587855.00
100-i4-d0     0            1 58778747.00
100-i4-d0     0            2 58953634.20
100-i4-d0     0            3 58775333.40
100-i64-d0    0            1 40366602.40
100-i64-d0    0            2 40401176.00
100-i64-d0    0            3 39372400.40
100-i8-d0     0            1 54322321.40
100-i8-d0     0            2 54241348.60
100-i8-d0     0            3 54392148.80
11-i1-d0      0            1  5721231.20
11-i1-d0      0            2  5740410.40
11-i1-d0      0            3  5743184.20
11-i128-d0    0            1  5435165.80
11-i128-d0    0            2  5406746.20
11-i128-d0    0            3  5385800.60
11-i16-d0     0            1 10327157.60
11-i16-d0     0            2 10323181.80
11-i16-d0     0            3 10009904.80
11-i2-d0      0            1  8449018.00
11-i2-d0      0            2  8465857.00
11-i2-d0      0            3  8491379.60
11-i32-d0     0            1  9221119.20
11-i32-d0     0            2  9202899.20
11-i32-d0     0            3  8899330.00
11-i4-d0      0            1 10569233.20
11-i4-d0      0            2 10690560.00
11-i4-d0      0            3 10560145.00
11-i64-d0     0            1  6763402.20
11-i64-d0     0            2  6776527.60
11-i64-d0     0            3  6794739.00
11-i8-d0      0            1 11342681.80
11-i8-d0      0            2 11286114.60
11-i8-d0      0            3 11283678.20
121-i1-d0     0            1 48596500.40
121-i1-d0     0            2 48435519.00
121-i1-d0     0            3 48506124.80
121-i128-d0   0            1 47315332.40
121-i128-d0   0            2 47226501.80
121-i128-d0   0            3 45995068.00
121-i16-d0    0            1 59109851.80
121-i16-d0    0            2 59144599.00
121-i16-d0    0            3 58112754.60
121-i2-d0     0            1 61141001.40
121-i2-d0     0            2 61185928.60
121-i2-d0     0            3 61084395.40
121-i32-d0    0            1 46377920.20
121-i32-d0    0            2 46242074.00
121-i32-d0    0            3 45079845.40
121-i4-d0     0            1 59347859.20
121-i4-d0     0            2 59425121.80
121-i4-d0     0            3 59315933.00
121-i64-d0    0            1 48139939.20
121-i64-d0    0            2 48068098.00
121-i64-d0    0            3 46834881.60
121-i8-d0     0            1 58209037.40
121-i8-d0     0            2 58089383.80
121-i8-d0     0            3 58180474.40
14-i1-d0      0            1  6281821.80
14-i1-d0      0            2  6294670.40
14-i1-d0      0            3  6322567.40
14-i128-d0    0            1  5739020.00
14-i128-d0    0            2  5712789.20
14-i128-d0    0            3  5575045.60
14-i16-d0     0            1 12671728.80
14-i16-d0     0            2 12562892.40
14-i16-d0     0            3 12160095.80
14-i2-d0      0            1 11156576.40
14-i2-d0      0            2 11224281.80
14-i2-d0      0            3 11201176.00
14-i32-d0     0            1 10291161.00
14-i32-d0     0            2 10240075.00
14-i32-d0     0            3 10211444.60
14-i4-d0      0            1 14107445.60
14-i4-d0      0            2 14184899.40
14-i4-d0      0            3 14048620.60
14-i64-d0     0            1  7344135.00
14-i64-d0     0            2  7394111.00
14-i64-d0     0            3  7250137.20
14-i8-d0      0            1 14687001.20
14-i8-d0      0            2 14682584.60
14-i8-d0      0            3 14668869.00
146-i1-d0     0            1 58971585.80
146-i1-d0     0            2 59078734.20
146-i1-d0     0            3 59163834.20
146-i128-d0   0            1 57990241.40
146-i128-d0   0            2 58036918.80
146-i128-d0   0            3 56443029.20
146-i16-d0    0            1 60060300.80
146-i16-d0    0            2 59993185.40
146-i16-d0    0            3 58670511.80
146-i2-d0     0            1 62268140.00
146-i2-d0     0            2 62427426.20
146-i2-d0     0            3 62406107.40
146-i32-d0    0            1 59378566.80
146-i32-d0    0            2 59553484.60
146-i32-d0    0            3 58034369.40
146-i4-d0     0            1 61139878.20
146-i4-d0     0            2 61298474.40
146-i4-d0     0            3 61223085.40
146-i64-d0    0            1 57104524.60
146-i64-d0    0            2 57015614.40
146-i64-d0    0            3 55631181.80
146-i8-d0     0            1 59940159.40
146-i8-d0     0            2 60008419.80
146-i8-d0     0            3 60146377.80
160-i1-d0     0            1 63448400.60
160-i1-d0     0            2 63332480.00
160-i1-d0     0            3 63337357.80
160-i128-d0   0            1 62101176.40
160-i128-d0   0            2 62232620.00
160-i128-d0   0            3 60668757.60
160-i16-d0    0            1 60799977.60
160-i16-d0    0            2 61068338.60
160-i16-d0    0            3 59731817.20
160-i2-d0     0            1 62978564.40
160-i2-d0     0            2 62989436.60
160-i2-d0     0            3 63148895.20
160-i32-d0    0            1 60614526.60
160-i32-d0    0            2 60807660.40
160-i32-d0    0            3 59493122.40
160-i4-d0     0            1 62122145.00
160-i4-d0     0            2 62157674.40
160-i4-d0     0            3 62179386.00
160-i64-d0    0            1 61057453.20
160-i64-d0    0            2 61095852.40
160-i64-d0    0            3 59599765.20
160-i8-d0     0            1 60881584.00
160-i8-d0     0            2 61148341.20
160-i8-d0     0            3 61279923.00
17-i1-d0      0            1  7720810.40
17-i1-d0      0            2  7724142.40
17-i1-d0      0            3  7766399.60
17-i128-d0    0            1  6567584.20
17-i128-d0    0            2  6589706.80
17-i128-d0    0            3  6453706.60
17-i16-d0     0            1 14940145.80
17-i16-d0     0            2 14882538.80
17-i16-d0     0            3 14736994.40
17-i2-d0      0            1 13227643.60
17-i2-d0      0            2 13254156.40
17-i2-d0      0            3 13251283.00
17-i32-d0     0            1 11550269.40
17-i32-d0     0            2 11473108.20
17-i32-d0     0            3 11329718.40
17-i4-d0      0            1 16885478.40
17-i4-d0      0            2 16886700.40
17-i4-d0      0            3 16956192.00
17-i64-d0     0            1  7848105.60
17-i64-d0     0            2  7773483.40
17-i64-d0     0            3  7779097.20
17-i8-d0      0            1 18438921.80
17-i8-d0      0            2 18393111.00
17-i8-d0      0            3 18401626.00
2-i1-d0       0            1  2254484.80
2-i1-d0       0            2  2260319.60
2-i1-d0       0            3  2286585.80
2-i128-d0     0            1  2193391.40
2-i128-d0     0            2  2181451.20
2-i128-d0     0            3  2145285.80
2-i16-d0      0            1  2537983.60
2-i16-d0      0            2  2549777.60
2-i16-d0      0            3  2626148.60
2-i2-d0       0            1  2264179.80
2-i2-d0       0            2  2271462.60
2-i2-d0       0            3  2270201.80
2-i32-d0      0            1  2618422.20
2-i32-d0      0            2  2540632.20
2-i32-d0      0            3  2473525.40
2-i4-d0       0            1  2256769.20
2-i4-d0       0            2  2258216.80
2-i4-d0       0            3  2251237.60
2-i64-d0      0            1  2307073.00
2-i64-d0      0            2  2318889.00
2-i64-d0      0            3  2206016.00
2-i8-d0       0            1  2593342.60
2-i8-d0       0            2  2545753.60
2-i8-d0       0            3  2587435.60
21-i1-d0      0            1  9297577.60
21-i1-d0      0            2  9293671.40
21-i1-d0      0            3  9303681.00
21-i128-d0    0            1  9938230.80
21-i128-d0    0            2  9977431.00
21-i128-d0    0            3  9785263.80
21-i16-d0     0            1 18931538.60
21-i16-d0     0            2 19049017.60
21-i16-d0     0            3 18345895.80
21-i2-d0      0            1 15007089.00
21-i2-d0      0            2 14972240.80
21-i2-d0      0            3 14802058.00
21-i32-d0     0            1 12817693.00
21-i32-d0     0            2 12873682.80
21-i32-d0     0            3 12731179.80
21-i4-d0      0            1 21124662.80
21-i4-d0      0            2 21183639.40
21-i4-d0      0            3 21073080.00
21-i64-d0     0            1  8199713.80
21-i64-d0     0            2  8211899.20
21-i64-d0     0            3  8027697.20
21-i8-d0      0            1 23159844.20
21-i8-d0      0            2 23091556.20
21-i8-d0      0            3 23164406.60
26-i1-d0      0            1 11840261.00
26-i1-d0      0            2 11844736.40
26-i1-d0      0            3 11874673.20
26-i128-d0    0            1 11031534.80
26-i128-d0    0            2 11070623.00
26-i128-d0    0            3 10847887.40
26-i16-d0     0            1 21015294.40
26-i16-d0     0            2 21028091.40
26-i16-d0     0            3 20722623.00
26-i2-d0      0            1 19344912.60
26-i2-d0      0            2 19449213.00
26-i2-d0      0            3 19423582.40
26-i32-d0     0            1 13052535.60
26-i32-d0     0            2 13042130.80
26-i32-d0     0            3 12793243.00
26-i4-d0      0            1 26870526.00
26-i4-d0      0            2 26768829.80
26-i4-d0      0            3 26996008.60
26-i64-d0     0            1 10347004.60
26-i64-d0     0            2 10328433.20
26-i64-d0     0            3 10143252.20
26-i8-d0      0            1 25921272.40
26-i8-d0      0            2 25970896.00
26-i8-d0      0            3 25931696.00
3-i1-d0       0            1  2597649.60
3-i1-d0       0            2  2623280.60
3-i1-d0       0            3  2610582.60
3-i128-d0     0            1  2957787.20
3-i128-d0     0            2  2983545.40
3-i128-d0     0            3  2821133.40
3-i16-d0      0            1  3934544.20
3-i16-d0      0            2  3854407.80
3-i16-d0      0            3  3738391.00
3-i2-d0       0            1  2594931.60
3-i2-d0       0            2  2597679.20
3-i2-d0       0            3  2620316.80
3-i32-d0      0            1  3339574.80
3-i32-d0      0            2  3399919.60
3-i32-d0      0            3  3248024.00
3-i4-d0       0            1  3414539.80
3-i4-d0       0            2  3401285.40
3-i4-d0       0            3  3385333.60
3-i64-d0      0            1  2958940.00
3-i64-d0      0            2  2981838.60
3-i64-d0      0            3  2837648.00
3-i8-d0       0            1  3917984.00
3-i8-d0       0            2  3890378.00
3-i8-d0       0            3  3872105.80
32-i1-d0      0            1 12892592.40
32-i1-d0      0            2 12884508.80
32-i1-d0      0            3 12913827.80
32-i128-d0    0            1 11654735.40
32-i128-d0    0            2 11709050.80
32-i128-d0    0            3 11492600.60
32-i16-d0     0            1 23197597.20
32-i16-d0     0            2 23110022.40
32-i16-d0     0            3 22757769.20
32-i2-d0      0            1 23333247.80
32-i2-d0      0            2 23290990.00
32-i2-d0      0            3 23327806.40
32-i32-d0     0            1 13984054.80
32-i32-d0     0            2 13988220.80
32-i32-d0     0            3 13781599.00
32-i4-d0      0            1 33391238.20
32-i4-d0      0            2 33559180.40
32-i4-d0      0            3 33518975.60
32-i64-d0     0            1 15236283.20
32-i64-d0     0            2 15277283.60
32-i64-d0     0            3 14893520.40
32-i8-d0      0            1 31222588.80
32-i8-d0      0            2 31293352.20
32-i8-d0      0            3 31310934.20
39-i1-d0      0            1 16090477.40
39-i1-d0      0            2 16034843.80
39-i1-d0      0            3 16074336.00
39-i128-d0    0            1 16916276.80
39-i128-d0    0            2 17033013.60
39-i128-d0    0            3 16762148.20
39-i16-d0     0            1 26626824.00
39-i16-d0     0            2 26566880.80
39-i16-d0     0            3 26384523.00
39-i2-d0      0            1 28743365.00
39-i2-d0      0            2 28832091.40
39-i2-d0      0            3 28681681.20
39-i32-d0     0            1 14436827.40
39-i32-d0     0            2 14495695.20
39-i32-d0     0            3 14212062.40
39-i4-d0      0            1 40914938.80
39-i4-d0      0            2 40836365.40
39-i4-d0      0            3 40822151.60
39-i64-d0     0            1 16632284.00
39-i64-d0     0            2 16639879.40
39-i64-d0     0            3 16225190.60
39-i8-d0      0            1 38307079.40
39-i8-d0      0            2 38415662.60
39-i8-d0      0            3 38480265.00
4-i1-d0       0            1  3089288.60
4-i1-d0       0            2  3101600.00
4-i1-d0       0            3  3079836.20
4-i128-d0     0            1  3520900.60
4-i128-d0     0            2  3526123.40
4-i128-d0     0            3  3421551.40
4-i16-d0      0            1  4437246.00
4-i16-d0      0            2  4339602.00
4-i16-d0      0            3  4242512.40
4-i2-d0       0            1  3064591.80
4-i2-d0       0            2  3083821.60
4-i2-d0       0            3  3065563.60
4-i32-d0      0            1  3934006.00
4-i32-d0      0            2  3914635.80
4-i32-d0      0            3  3805320.80
4-i4-d0       0            1  4221925.80
4-i4-d0       0            2  4193844.20
4-i4-d0       0            3  4220373.20
4-i64-d0      0            1  3571789.60
4-i64-d0      0            2  3423938.00
4-i64-d0      0            3  3622392.20
4-i8-d0       0            1  5214325.20
4-i8-d0       0            2  5206668.60
4-i8-d0       0            3  5189107.80
47-i1-d0      0            1 18667792.00
47-i1-d0      0            2 18708906.80
47-i1-d0      0            3 18712871.00
47-i128-d0    0            1 17764597.00
47-i128-d0    0            2 17793854.20
47-i128-d0    0            3 17350445.00
47-i16-d0     0            1 26939322.00
47-i16-d0     0            2 26961347.20
47-i16-d0     0            3 26446621.00
47-i2-d0      0            1 34720951.00
47-i2-d0      0            2 34704054.20
47-i2-d0      0            3 34675619.80
47-i32-d0     0            1 21615496.00
47-i32-d0     0            2 21631865.00
47-i32-d0     0            3 21013916.80
47-i4-d0      0            1 44347735.20
47-i4-d0      0            2 44569924.80
47-i4-d0      0            3 44491476.40
47-i64-d0     0            1 17502876.60
47-i64-d0     0            2 17478506.80
47-i64-d0     0            3 17119427.20
47-i8-d0      0            1 42310568.20
47-i8-d0      0            2 42537547.40
47-i8-d0      0            3 42584286.00
5-i1-d0       0            1  2965837.60
5-i1-d0       0            2  2961944.00
5-i1-d0       0            3  2973379.60
5-i128-d0     0            1  3907845.20
5-i128-d0     0            2  3875006.00
5-i128-d0     0            3  3794985.80
5-i16-d0      0            1  5173694.20
5-i16-d0      0            2  5260306.20
5-i16-d0      0            3  5029828.40
5-i2-d0       0            1  4203124.40
5-i2-d0       0            2  4203111.00
5-i2-d0       0            3  4201931.00
5-i32-d0      0            1  4499263.60
5-i32-d0      0            2  4514451.20
5-i32-d0      0            3  4338497.40
5-i4-d0       0            1  5479186.60
5-i4-d0       0            2  5540662.60
5-i4-d0       0            3  5528028.60
5-i64-d0      0            1  4044281.60
5-i64-d0      0            2  4015325.40
5-i64-d0      0            3  3921281.20
5-i8-d0       0            1  6497772.20
5-i8-d0       0            2  6463743.60
5-i8-d0       0            3  6439514.40
57-i1-d0      0            1 23226456.20
57-i1-d0      0            2 22843770.40
57-i1-d0      0            3 22826294.80
57-i128-d0    0            1 23547406.40
57-i128-d0    0            2 23574975.60
57-i128-d0    0            3 23035034.60
57-i16-d0     0            1 27702690.60
57-i16-d0     0            2 27740600.80
57-i16-d0     0            3 27174568.00
57-i2-d0      0            1 41696829.60
57-i2-d0      0            2 41844969.60
57-i2-d0      0            3 41754408.80
57-i32-d0     0            1 27295889.20
57-i32-d0     0            2 27301787.00
57-i32-d0     0            3 26885504.40
57-i4-d0      0            1 48451621.60
57-i4-d0      0            2 48549539.00
57-i4-d0      0            3 48452494.00
57-i64-d0     0            1 24648257.80
57-i64-d0     0            2 24745740.00
57-i64-d0     0            3 24207001.20
57-i8-d0      0            1 45592020.60
57-i8-d0      0            2 45687062.80
57-i8-d0      0            3 45675297.20
69-i1-d0      0            1 27829895.20
69-i1-d0      0            2 27953996.60
69-i1-d0      0            3 27804875.00
69-i128-d0    0            1 26799282.00
69-i128-d0    0            2 26970311.80
69-i128-d0    0            3 26249805.40
69-i16-d0     0            1 28987986.40
69-i16-d0     0            2 29062092.20
69-i16-d0     0            3 28432100.00
69-i2-d0      0            1 50863730.80
69-i2-d0      0            2 50992190.80
69-i2-d0      0            3 50874991.20
69-i32-d0     0            1 28927793.40
69-i32-d0     0            2 28967591.40
69-i32-d0     0            3 28393549.60
69-i4-d0      0            1 53088623.20
69-i4-d0      0            2 53479740.20
69-i4-d0      0            3 53222349.20
69-i64-d0     0            1 26570627.40
69-i64-d0     0            2 26578573.80
69-i64-d0     0            3 25913723.40
69-i8-d0      0            1 49889677.60
69-i8-d0      0            2 50044467.60
69-i8-d0      0            3 50189855.20
7-i1-d0       0            1  3197658.00
7-i1-d0       0            2  3207500.80
7-i1-d0       0            3  3201579.20
7-i128-d0     0            1  4701858.40
7-i128-d0     0            2  4639421.20
7-i128-d0     0            3  4654267.20
7-i16-d0      0            1  6349154.60
7-i16-d0      0            2  6341619.40
7-i16-d0      0            3  6251489.80
7-i2-d0       0            1  5452122.20
7-i2-d0       0            2  5460050.40
7-i2-d0       0            3  5434170.20
7-i32-d0      0            1  5922190.40
7-i32-d0      0            2  5950731.00
7-i32-d0      0            3  5733220.60
7-i4-d0       0            1  7576664.80
7-i4-d0       0            2  7593605.80
7-i4-d0       0            3  7646372.80
7-i64-d0      0            1  5246939.00
7-i64-d0      0            2  5280193.80
7-i64-d0      0            3  5279692.20
7-i8-d0       0            1  7239074.40
7-i8-d0       0            2  7244839.80
7-i8-d0       0            3  7190521.40
83-i1-d0      0            1 33720303.80
83-i1-d0      0            2 33703361.20
83-i1-d0      0            3 33733120.20
83-i128-d0    0            1 32802883.40
83-i128-d0    0            2 32924646.40
83-i128-d0    0            3 31990423.00
83-i16-d0     0            1 33042701.80
83-i16-d0     0            2 33086585.80
83-i16-d0     0            3 32396227.20
83-i2-d0      0            1 59528525.20
83-i2-d0      0            2 59711433.40
83-i2-d0      0            3 59652808.80
83-i32-d0     0            1 32989525.40
83-i32-d0     0            2 32958284.60
83-i32-d0     0            3 32099701.00
83-i4-d0      0            1 58243961.80
83-i4-d0      0            2 58380580.00
83-i4-d0      0            3 58388882.80
83-i64-d0     0            1 35124341.00
83-i64-d0     0            2 35000816.20
83-i64-d0     0            3 34430667.80
83-i8-d0      0            1 55691739.40
83-i8-d0      0            2 55941459.20
83-i8-d0      0            3 56075984.60
9-i1-d0       0            1  4485193.80
9-i1-d0       0            2  4483316.00
9-i1-d0       0            3  4511202.80
9-i128-d0     0            1  5156643.20
9-i128-d0     0            2  5092669.20
9-i128-d0     0            3  5083026.00
9-i16-d0      0            1  8182659.20
9-i16-d0      0            2  8173178.60
9-i16-d0      0            3  8062429.60
9-i2-d0       0            1  7069333.80
9-i2-d0       0            2  7109358.20
9-i2-d0       0            3  7064769.00
9-i32-d0      0            1  7597385.20
9-i32-d0      0            2  7606844.60
9-i32-d0      0            3  7566782.40
9-i4-d0       0            1  9837833.00
9-i4-d0       0            2  9853586.00
9-i4-d0       0            3  9779130.40
9-i64-d0      0            1  6048174.40
9-i64-d0      0            2  6084511.20
9-i64-d0      0            3  5987809.80
9-i8-d0       0            1  9257358.60
9-i8-d0       0            2  9262965.00
9-i8-d0       0            3  9280261.60
