   Operation      Sample         Ops
Time   0            1      110.00
Time   0            2       79.00
Time   0            3       71.00
Time   0            4       70.00
Time   0            5       72.00
Time   0            6       68.00
Time   0            7       67.00
Time   0            8       67.00
Time   0            9       69.00
Time   0           10       65.00
Time   0           11       68.00
Time   0           12       67.00
Time   0           13       64.00
Time   0           14       66.00
Time   0           15       65.00
Time   0           16       69.00
Time   0           17       69.00
Time   0           18       64.00
Time   0           19       64.00
Time   0           20       64.00
Time   0           21       63.00
Time   0           22       64.00
Time   0           23       64.00
Time   0           24       65.00
Time   0           25       64.00
Time   0           26       64.00
Time   0           27       63.00
Time   0           28       64.00
Time   0           29       65.00
Time   0           30       62.00
Time   0           31       63.00
Time   0           32       62.00
Time   0           33       68.00
Time   0           34       63.00
Time   0           35       63.00
Time   0           36       64.00
Time   0           37       62.00
Time   0           38       62.00
Time   0           39       63.00
Time   0           40       62.00
Time   0           41       62.00
Time   0           42       61.00
Time   0           43       62.00
Time   0           44       64.00
Time   0           45       65.00
Time   0           46       64.00
Time   0           47      100.00
Time   0           48       65.00
Time   0           49       68.00
Time   0           50       64.00
Time   0           51       62.00
Time   0           52       62.00
Time   0           53       63.00
Time   0           54       65.00
Time   0           55       66.00
Time   0           56       67.00
Time   0           57       64.00
Time   0           58       63.00
Time   0           59       64.00
Time   0           60       65.00
Time   0           61       64.00
Time   0           62       64.00
Time   0           63       63.00
Time   0           64       66.00
Time   0           65       68.00
Time   0           66       65.00
Time   0           67       66.00
Time   0           68       65.00
Time   0           69       64.00
Time   0           70       63.00
Time   0           71       92.00
Time   0           72       63.00
Time   0           73       64.00
Time   0           74       61.00
Time   0           75       63.00
Time   0           76       64.00
Time   0           77       64.00
Time   0           78       65.00
Time   0           79       65.00
Time   0           80       65.00
Time   0           81       69.00
Time   0           82       64.00
Time   0           83       64.00
Time   0           84       65.00
Time   0           85       62.00
Time   0           86       64.00
Time   0           87       64.00
Time   0           88       63.00
Time   0           89       65.00
Time   0           90       65.00
Time   0           91       64.00
Time   0           92       64.00
Time   0           93       64.00
Time   0           94       66.00
Time   0           95       64.00
Time   0           96       77.00
Time   0           97       67.00
Time   0           98       63.00
Time   0           99       65.00
Time   0          100       63.00
Time   0          101       64.00
Time   0          102       64.00
Time   0          103       61.00
Time   0          104       60.00
Time   0          105       56.00
Time   0          106       56.00
Time   0          107       57.00
Time   0          108       56.00
Time   0          109       57.00
Time   0          110       56.00
Time   0          111       56.00
Time   0          112       57.00
Time   0          113       58.00
Time   0          114       55.00
Time   0          115       57.00
Time   0          116       56.00
Time   0          117       56.00
Time   0          118       55.00
Time   0          119       56.00
Time   0          120       56.00
Time   0          121       54.00
Time   0          122       55.00
Time   0          123       56.00
Time   0          124       55.00
Time   0          125       56.00
Time   0          126       56.00
Time   0          127       56.00
Time   0          128       55.00
Time   0          129       58.00
Time   0          130       55.00
Time   0          131       55.00
Time   0          132       55.00
Time   0          133       55.00
Time   0          134       55.00
Time   0          135       54.00
Time   0          136       55.00
Time   0          137       56.00
Time   0          138       56.00
Time   0          139       56.00
Time   0          140       57.00
Time   0          141       57.00
Time   0          142       59.00
Time   0          143       64.00
Time   0          144       56.00
Time   0          145       59.00
Time   0          146       57.00
Time   0          147       57.00
Time   0          148       57.00
Time   0          149       56.00
Time   0          150       58.00
Time   0          151       57.00
Time   0          152       58.00
Time   0          153       56.00
Time   0          154       57.00
Time   0          155       56.00
Time   0          156       58.00
Time   0          157       57.00
Time   0          158       57.00
Time   0          159       56.00
Time   0          160       56.00
Time   0          161       59.00
Time   0          162       57.00
Time   0          163       57.00
Time   0          164       57.00
Time   0          165       56.00
Time   0          166       57.00
Time   0          167       56.00
Time   0          168       56.00
Time   0          169       57.00
Time   0          170       56.00
Time   0          171       57.00
Time   0          172       58.00
Time   0          173       56.00
Time   0          174       59.00
Time   0          175       57.00
Time   0          176       58.00
Time   0          177       60.00
Time   0          178       57.00
Time   0          179       60.00
Time   0          180       58.00
Time   0          181       57.00
Time   0          182       58.00
Time   0          183       58.00
Time   0          184       58.00
Time   0          185       56.00
Time   0          186       58.00
Time   0          187       59.00
Time   0          188       58.00
Time   0          189       58.00
Time   0          190       57.00
Time   0          191       60.00
Time   0          192       56.00
Time   0          193       62.00
Time   0          194       58.00
Time   0          195       59.00
Time   0          196       57.00
Time   0          197       57.00
Time   0          198       56.00
Time   0          199       58.00
Time   0          200       57.00
Time   0          201       60.00
Time   0          202       62.00
Time   0          203       59.00
Time   0          204       59.00
Time   0          205       60.00
Time   0          206       57.00
Time   0          207       56.00
Time   0          208       58.00
Time   0          209       61.00
Time   0          210       59.00
Time   0          211       60.00
Time   0          212       57.00
Time   0          213       60.00
Time   0          214       59.00
Time   0          215       58.00
Time   0          216       57.00
Time   0          217       58.00
Time   0          218       61.00
Time   0          219       57.00
Time   0          220       59.00
Time   0          221       57.00
Time   0          222       59.00
Time   0          223       57.00
Time   0          224       60.00
Time   0          225       61.00
Time   0          226       56.00
Time   0          227       58.00
Time   0          228       57.00
Time   0          229       56.00
Time   0          230       57.00
Time   0          231       92.00
Time   0          232       59.00
Time   0          233       59.00
Time   0          234       56.00
Time   0          235       58.00
Time   0          236       57.00
Time   0          237       57.00
Time   0          238       60.00
Time   0          239       59.00
Time   0          240       60.00
Time   0          241       60.00
Time   0          242       57.00
Time   0          243       57.00
Time   0          244       57.00
Time   0          245       59.00
Time   0          246       59.00
Time   0          247       58.00
Time   0          248       57.00
Time   0          249       57.00
Time   0          250       58.00
Time   0          251       62.00
Time   0          252       61.00
Time   0          253       57.00
Time   0          254       57.00
Time   0          255       56.00
Time   0          256       54.00
