   0   79   1     0.01s     0.00s     0.01s  233189.345 410151.393
   0   79   1     0.02s     0.00s     0.01s  185223.309 446887.509
   0   79   1     0.02s     0.00s     0.01s  199139.256 377960.967
   0   79   1     0.01s     0.00s     0.01s  583603.604 449247.015
   0   79   1     0.01s     0.00s     0.01s  483072.334 523436.087
   0   79   1     0.00s     0.00s     0.01s         inf 572712.166
   0   79   1     0.01s     0.00s     0.01s  556816.228 388809.676
   0   79   1     0.02s     0.00s     0.01s  212770.150 416293.836
   0   79   1     0.02s     0.00s     0.01s  141422.521 459109.815
   0   79   1     0.01s     0.00s     0.01s  478363.610 379711.429
   0   79   1     0.01s     0.00s     0.01s  254318.467 458948.157
   0   79   1     0.01s     0.00s     0.01s  496322.403 444624.546
   0   79   1     0.01s     0.04s     0.01s   61209.063 444041.454
   0   79   1     0.01s     0.00s     0.01s  516339.869 425087.039
   0   79   1     0.00s     0.00s     0.01s  673949.230 417248.021
   0   79   1     0.01s     0.00s     0.01s  271091.396 378237.793
   0   79   1     0.01s     0.00s     0.01s  247063.310 471353.522
   0   79   1     0.00s     0.00s     0.01s  1293013.972 441150.052
   0   79   1     0.01s     0.00s     0.01s  242168.224 456961.661
   0   79   1     0.01s     0.00s     0.01s  455876.144 468096.053
   0   79   1     0.01s     0.00s     0.01s  215775.098 494796.616
   0   79   1     0.02s     0.00s     0.01s  161152.296 412159.297
   0   79   1     0.01s     0.00s     0.01s  219801.846 453878.694
   0   79   1     0.01s     0.00s     0.01s  305220.505 424306.376
   0   79   1     0.02s     0.00s     0.01s  175707.931 392214.037
   0   79   1     0.01s     0.00s     0.01s  336904.514 407676.297
   0   79   1     0.00s     0.00s     0.01s  1120761.246 530716.247
   0   79   1     0.02s     0.00s     0.01s  198116.093 549535.380
   0   79   1     0.00s     0.00s     0.01s  5794275.492 418716.349
   0   79   1     0.00s     0.00s     0.01s  700475.779 486792.064
