   0    4   1     0.00s     0.02s     0.01s  152177.030 471671.141
   0    4   1     0.00s     0.01s     0.01s  295993.307 466369.268
   0    4   1     0.00s     0.00s     0.01s         inf 465538.661
   0    4   1     0.00s     0.03s     0.01s  106723.872 356848.539
   0    4   1     0.00s     0.01s     0.01s  231395.349 474307.547
   0    4   1     0.00s     0.00s     0.01s  890629.371 470780.764
   0    4   1     0.00s     0.03s     0.01s   94494.732 353688.609
   0    4   1     0.00s     0.01s     0.01s  186013.904 473131.791
   0    4   1     0.00s     0.01s     0.01s  466656.896 469382.797
   0    4   1     0.00s     0.02s     0.01s  171588.704 337133.069
   0    4   1     0.00s     0.02s     0.01s  161640.776 472805.024
   0    4   1     0.00s     0.01s     0.01s  324269.274 332665.078
   0    4   1     0.00s     0.02s     0.01s  197054.091 356786.639
   0    4   1     0.00s     0.01s     0.01s  194728.151 358235.380
   0    4   1     0.00s     0.00s     0.01s         inf 339181.877
   0    4   1     0.00s     0.02s     0.01s  135552.812 341206.114
   0    4   1     0.00s     0.01s     0.01s  516967.040 338262.935
   0    4   1     0.01s     0.01s     0.01s  215266.040 341739.730
   0    4   1     0.00s     0.01s     0.01s  260130.719 471418.338
   0    4   1     0.00s     0.00s     0.01s  1276152.305 470159.074
   0    4   1     0.00s     0.02s     0.01s  189501.250 338219.637
   0    4   1     0.00s     0.01s     0.01s  202068.922 469219.620
   0    4   1     0.00s     0.00s     0.01s  589411.329 465091.005
   0    4   1     0.00s     0.03s     0.01s   91652.274 359731.372
   0    4   1     0.00s     0.01s     0.01s  171968.674 469993.276
   0    4   1     0.00s     0.01s     0.01s  384541.063 343626.293
   0    4   1     0.00s     0.02s     0.01s  208951.306 338805.438
   0    4   1     0.00s     0.01s     0.01s  231361.721 355979.392
   0    4   1     0.00s     0.00s     0.01s         inf 473820.241
   0    4   1     0.00s     0.03s     0.01s  114179.158 471761.363
