   0   12   1     0.00s     0.01s     0.01s  394785.847 463681.288
   0   12   1     0.00s     0.00s     0.01s         inf 464109.317
   0   12   1     0.00s     0.06s     0.01s   56952.504 474435.392
   0   12   1     0.00s     0.03s     0.01s   96545.024 411710.017
   0   12   1     0.00s     0.00s     0.01s         inf 424365.747
   0   12   1     0.00s     0.03s     0.01s  126718.470 410139.579
   0   12   1     0.00s     0.03s     0.01s   92173.913 409531.524
   0   12   1     0.00s     0.00s     0.01s         inf 457036.355
   0   12   1     0.00s     0.03s     0.01s  112598.258 408238.405
   0   12   1     0.00s     0.03s     0.01s   90724.944 425693.579
   0   12   1     0.00s     0.01s     0.01s  339019.190 409708.283
   0   12   1     0.00s     0.00s     0.01s         inf 459024.420
   0   12   1     0.00s     0.05s     0.01s   63072.712 408747.558
   0   12   1     0.00s     0.02s     0.01s  187754.620 455462.304
   0   12   1     0.00s     0.00s     0.01s         inf 469270.182
   0   12   1     0.01s     0.03s     0.01s   92498.327 462206.481
   0   12   1     0.00s     0.04s     0.01s   73371.634 470301.844
   0   12   1     0.00s     0.01s     0.01s  232932.904 410288.646
   0   12   1     0.00s     0.00s     0.01s         inf 422180.459
   0   12   1     0.00s     0.05s     0.01s   63117.780 463483.883
   0   12   1     0.00s     0.02s     0.01s  128630.370 407013.222
   0   12   1     0.00s     0.00s     0.01s         inf 450948.246
   0   12   1     0.00s     0.03s     0.01s   94939.543 466704.796
   0   12   1     0.00s     0.04s     0.01s   75444.840 467226.418
   0   12   1     0.00s     0.02s     0.01s  203702.517 464615.104
   0   12   1     0.00s     0.00s     0.01s         inf 452378.873
   0   12   1     0.00s     0.04s     0.01s   87511.696 470752.642
   0   12   1     0.00s     0.04s     0.01s   75391.181 451762.299
   0   12   1     0.00s     0.01s     0.01s  249666.326 407847.447
   0   12   1     0.00s     0.02s     0.01s  144696.728 414967.865
