   0   30   1     0.00s     0.00s     0.01s         inf 448035.933
   0   30   1     0.00s     0.07s     0.01s   42573.131 463702.789
   0   30   1     0.00s     0.00s     0.01s  469095.737 418627.006
   0   30   1     0.00s     0.03s     0.01s  102208.080 416637.570
   0   30   1     0.00s     0.11s     0.01s   28452.302 448856.538
   0   30   1     0.00s     0.00s     0.01s         inf 430663.921
   0   30   1     0.00s     0.09s     0.01s   35004.678 437713.385
   0   30   1     0.00s     0.00s     0.01s  493942.218 436246.246
   0   30   1     0.00s     0.04s     0.01s   75339.383 432024.598
   0   30   1     0.00s     0.13s     0.01s   24852.681 454387.302
   0   30   1     0.00s     0.00s     0.01s         inf 436988.342
   0   30   1     0.01s     0.10s     0.01s   29141.962 476585.347
   0   30   1     0.00s     0.00s     0.01s         inf 443240.355
   0   30   1     0.00s     0.06s     0.01s   52155.088 442816.884
   0   30   1     0.00s     0.09s     0.01s   34895.971 454410.547
   0   30   1     0.00s     0.01s     0.01s  289485.662 461104.194
   0   30   1     0.00s     0.12s     0.01s   25638.545 436343.818
   0   30   1     0.00s     0.00s     0.01s         inf 430989.792
   0   30   1     0.00s     0.08s     0.01s   37965.616 444277.600
   0   30   1     0.00s     0.02s     0.01s  130482.951 419372.753
   0   30   1     0.00s     0.03s     0.01s  102060.466 408977.178
   0   30   1     0.01s     0.11s     0.01s   25361.481 441512.873
   0   30   1     0.00s     0.00s     0.01s         inf 448959.515
   0   30   1     0.00s     0.09s     0.01s   35100.887 437925.023
   0   30   1     0.00s     0.00s     0.01s         inf 448177.503
   0   30   1     0.00s     0.08s     0.01s   41787.122 426028.406
   0   30   1     0.00s     0.05s     0.01s   61152.670 415888.021
   0   30   1     0.01s     0.02s     0.01s  102786.218 448020.342
   0   30   1     0.01s     0.11s     0.01s   26368.378 438087.613
   0   30   1     0.00s     0.00s     0.01s         inf 439413.574
