   0   48   1     0.00s     0.02s     0.01s  179394.210 523682.891
   0   48   1     0.01s     0.00s     0.01s  506137.866 453924.926
   0   48   1     0.01s     0.00s     0.01s  488234.401 512824.520
   0   48   1     0.02s     0.00s     0.01s  196986.402 397809.672
   0   48   1     0.01s     0.00s     0.01s  375306.337 499291.661
   0   48   1     0.00s     0.00s     0.01s  1198211.624 458832.482
   0   48   1     0.02s     0.00s     0.01s  188610.639 399279.559
   0   48   1     0.01s     0.00s     0.01s  317316.231 452713.919
   0   48   1     0.00s     0.00s     0.01s  1223744.292 523254.225
   0   48   1     0.02s     0.00s     0.01s  153912.419 441988.890
   0   48   1     0.02s     0.00s     0.01s  153669.725 456355.150
   0   48   1     0.01s     0.00s     0.01s  447723.792 508804.807
   0   48   1     0.01s     0.00s     0.01s  221670.802 424190.743
   0   48   1     0.01s     0.00s     0.01s  292310.489 484621.042
   0   48   1     0.02s     0.00s     0.01s  180989.363 380481.894
   0   48   1     0.01s     0.00s     0.01s  466086.957 453814.561
   0   48   1     0.02s     0.00s     0.01s  202315.048 409984.813
   0   48   1     0.01s     0.00s     0.01s  534308.025 327977.757
   0   48   1     0.00s     0.00s     0.01s  773634.833 436635.689
   0   48   1     0.01s     0.00s     0.01s  359530.464 390856.866
   0   48   1     0.00s     0.00s     0.01s  2084251.458 357596.524
   0   48   1     0.00s     0.00s     0.01s  1233128.834 473819.066
   0   48   1     0.01s     0.00s     0.01s  378664.783 405736.324
   0   48   1     0.00s     0.00s     0.01s  644747.394 409749.072
   0   48   1     0.00s     0.00s     0.01s         inf 514726.771
   0   48   1     0.00s     0.00s     0.01s  6756302.521 523598.483
   0   48   1     0.01s     0.00s     0.01s  314769.502 445097.020
   0   48   1     0.00s     0.00s     0.01s  2288967.972 471936.091
   0   48   1     0.02s     0.00s     0.01s  170483.461 391601.893
   0   48   1     0.00s     0.00s     0.01s  1956204.380 447791.868
