   0  128   1     0.00s     0.00s     0.01s  916905.444 411794.992
   0  128   1     0.01s     0.00s     0.01s  346845.870 415700.164
   0  128   1     0.01s     0.00s     0.01s  625610.948 375693.918
   0  128   1     0.00s     0.00s     0.01s  819672.131 358979.824
   0  128   1     0.01s     0.00s     0.01s  633537.913 425764.104
   0  128   1     0.01s     0.00s     0.01s  426780.475 373432.909
   0  128   1     0.00s     0.00s     0.01s  634040.024 380083.032
   0  128   1     0.00s     0.00s     0.01s  961538.462 357074.152
   0  128   1     0.00s     0.00s     0.01s  734450.310 383250.653
   0  128   1     0.01s     0.00s     0.01s  567275.306 358882.154
   0  128   1     0.01s     0.00s     0.01s  310559.006 376913.839
   0  128   1     0.01s     0.00s     0.01s  512163.892 388754.451
   0  128   1     0.01s     0.00s     0.01s  537183.146 403249.485
   0  128   1     0.01s     0.00s     0.01s  327667.418 350618.458
   0  128   1     0.00s     0.00s     0.01s  687876.182 426352.076
   0  128   1     0.00s     0.00s     0.01s  1291885.345 375740.855
   0  128   1     0.01s     0.00s     0.01s  361133.055 339748.312
   0  128   1     0.00s     0.00s     0.01s  647380.134 367478.941
   0  128   1     0.01s     0.00s     0.01s  528401.585 357716.441
   0  128   1     0.00s     0.00s     0.01s  1173020.528 406493.892
   0  128   1     0.00s     0.00s     0.01s  1190919.241 341587.876
   0  128   1     0.00s     0.00s     0.01s  775381.633 416483.371
   0  128   1     0.00s     0.00s     0.01s  741770.978 423518.793
   0  128   1     0.01s     0.00s     0.01s  573682.323 412879.092
   0  128   1     0.00s     0.00s     0.01s  726447.219 392883.794
   0  128   1     0.00s     0.00s     0.01s  1239829.523 404906.915
   0  128   1     0.01s     0.00s     0.01s  603090.841 412255.161
   0  128   1     0.01s     0.00s     0.01s  519987.000 348809.198
   0  128   1     0.01s     0.00s     0.01s  362318.841 357156.609
   0  128   1     0.01s     0.00s     0.01s  470242.469 343824.271
