   0   21   1     0.00s     0.01s     0.01s  383699.964 460204.826
   0   21   1     0.00s     0.02s     0.01s  164417.431 474273.205
   0   21   1     0.00s     0.06s     0.01s   50032.916 398714.371
   0   21   1     0.00s     0.00s     0.01s         inf 465528.368
   0   21   1     0.00s     0.09s     0.01s   35761.500 439744.711
   0   21   1     0.00s     0.01s     0.01s  344857.390 409023.478
   0   21   1     0.00s     0.09s     0.01s   35496.642 465770.875
   0   21   1     0.00s     0.01s     0.01s  235328.812 435663.062
   0   21   1     0.00s     0.05s     0.01s   65186.758 468653.511
   0   21   1     0.00s     0.05s     0.01s   69669.984 430222.366
   0   21   1     0.00s     0.00s     0.01s         inf 467011.531
   0   21   1     0.00s     0.09s     0.01s   37127.936 424477.681
   0   21   1     0.00s     0.00s     0.01s         inf 403958.643
   0   21   1     0.01s     0.08s     0.01s   34917.301 459966.952
   0   21   1     0.00s     0.02s     0.01s  173346.367 434967.933
   0   21   1     0.00s     0.07s     0.01s   44964.713 472432.204
   0   21   1     0.00s     0.03s     0.01s  101984.089 404874.630
   0   21   1     0.00s     0.06s     0.01s   56829.511 464004.070
   0   21   1     0.00s     0.04s     0.01s   69990.791 394150.228
   0   21   1     0.00s     0.00s     0.01s         inf 462604.271
   0   21   1     0.00s     0.07s     0.01s   43358.372 459802.898
   0   21   1     0.00s     0.00s     0.01s         inf 430480.211
   0   21   1     0.00s     0.09s     0.01s   35440.677 467430.820
   0   21   1     0.00s     0.02s     0.01s  180634.939 426074.590
   0   21   1     0.00s     0.04s     0.01s   82868.195 459174.998
   0   21   1     0.00s     0.06s     0.01s   52576.097 410374.504
   0   21   1     0.00s     0.00s     0.01s         inf 474739.741
   0   21   1     0.00s     0.08s     0.01s   37907.038 464361.695
   0   21   1     0.00s     0.00s     0.01s         inf 445107.333
   0   21   1     0.00s     0.06s     0.01s   55067.713 470609.605
