   0  110   1     0.00s     0.00s     0.01s  1212927.757 484043.117
   0  110   1     0.00s     0.00s     0.01s  1658004.158 400557.264
   0  110   1     0.01s     0.00s     0.01s  328358.209 396454.430
   0  110   1     0.00s     0.00s     0.01s  1118121.276 453580.513
   0  110   1     0.01s     0.00s     0.01s  294987.979 422533.626
   0  110   1     0.00s     0.00s     0.01s  2184931.507 456672.450
   0  110   1     0.01s     0.00s     0.01s  357342.892 452029.599
   0  110   1     0.01s     0.00s     0.01s  275832.252 370270.247
   0  110   1     0.00s     0.00s     0.01s  1410256.410 507411.791
   0  110   1     0.01s     0.00s     0.01s  554686.142 432069.294
   0  110   1     0.01s     0.00s     0.01s  408032.745 432157.796
   0  110   1     0.00s     0.00s     0.01s  837050.643 402636.957
   0  110   1     0.00s     0.00s     0.01s  693478.261 381531.575
   0  110   1     0.01s     0.00s     0.01s  282525.906 357978.447
   0  110   1     0.00s     0.00s     0.01s  1647727.273 435498.091
   0  110   1     0.01s     0.00s     0.01s  357583.231 347169.961
   0  110   1     0.01s     0.00s     0.01s  527621.568 351843.384
   0  110   1     0.00s     0.00s     0.01s  778808.594 451409.707
   0  110   1     0.01s     0.00s     0.01s  423638.778 374088.716
   0  110   1     0.01s     0.00s     0.01s  224142.777 416943.104
   0  110   1     0.01s     0.00s     0.01s  413212.435 405343.778
   0  110   1     0.01s     0.00s     0.01s  321022.441 381935.756
   0  110   1     0.01s     0.00s     0.01s  407303.371 386587.756
   0  110   1     0.01s     0.00s     0.01s  232354.869 312218.887
   0  110   1     0.00s     0.00s     0.01s  1425379.803 543633.026
   0  110   1     0.01s     0.00s     0.01s  604854.001 476494.554
   0  110   1     0.01s     0.00s     0.01s  438668.867 372225.230
   0  110   1     0.00s     0.00s     0.01s  629315.447 413992.317
   0  110   1     0.01s     0.00s     0.01s  271975.445 353304.488
   0  110   1     0.01s     0.00s     0.01s  253013.959 393621.991
