   0    1   1     0.00s     0.02s     0.02s  177837.355 157695.967
   0    1   1     0.00s     0.01s     0.02s  265976.109 159764.103
   0    1   1     0.00s     0.02s     0.02s  196920.032 152703.504
   0    1   1     0.01s     0.01s     0.02s  163323.929 159170.951
   0    1   1     0.00s     0.01s     0.02s  236904.762 159796.432
   0    1   1     0.00s     0.02s     0.02s  180950.216 160199.888
   0    1   1     0.01s     0.01s     0.02s  267675.494 157703.356
   0    1   1     0.00s     0.02s     0.02s  200693.350 158773.590
   0    1   1     0.01s     0.01s     0.02s  159184.082 156593.316
   0    1   1     0.00s     0.01s     0.02s  227933.281 157965.719
   0    1   1     0.00s     0.02s     0.02s  177085.651 158939.101
   0    1   1     0.01s     0.01s     0.02s  266488.115 157737.568
   0    1   1     0.00s     0.02s     0.02s  200301.963 158725.925
   0    1   1     0.00s     0.02s     0.02s  161337.725 159254.393
   0    1   1     0.00s     0.01s     0.02s  225639.572 158520.257
   0    1   1     0.00s     0.02s     0.02s  175833.886 157901.802
   0    1   1     0.01s     0.01s     0.02s  262662.927 156005.980
   0    1   1     0.00s     0.02s     0.02s  201723.264 160023.143
   0    1   1     0.01s     0.01s     0.02s  159064.795 157274.108
   0    1   1     0.00s     0.01s     0.02s  226136.364 159828.879
   0    1   1     0.01s     0.01s     0.02s  174897.006 157944.632
   0    1   1     0.00s     0.01s     0.02s  259579.325 158914.296
   0    1   1     0.01s     0.01s     0.02s  195457.336 158031.978
   0    1   1     0.01s     0.01s     0.02s  156484.986 155047.012
   0    1   1     0.00s     0.01s     0.02s  227217.584 158196.378
   0    1   1     0.00s     0.02s     0.02s  176859.412 159089.504
   0    1   1     0.00s     0.01s     0.02s  265377.563 159666.249
   0    1   1     0.00s     0.02s     0.02s  196446.199 156332.119
   0    1   1     0.00s     0.02s     0.02s  161501.395 159235.541
   0    1   1     0.01s     0.01s     0.02s  227770.227 158413.532
