   0    7   1     0.00s     0.01s     0.01s  283092.820 438640.502
   0    7   1     0.00s     0.00s     0.01s         inf 451788.495
   0    7   1     0.01s     0.01s     0.01s  121627.311 439370.531
   0    7   1     0.00s     0.03s     0.01s  108464.164 369688.949
   0    7   1     0.00s     0.00s     0.01s  1031148.605 464928.952
   0    7   1     0.00s     0.02s     0.01s  190367.797 348245.579
   0    7   1     0.00s     0.03s     0.01s   99959.110 445999.220
   0    7   1     0.00s     0.02s     0.01s  207536.080 347027.715
   0    7   1     0.00s     0.02s     0.01s  138282.134 343629.049
   0    7   1     0.00s     0.03s     0.01s  124510.265 449261.892
   0    7   1     0.00s     0.01s     0.01s  342641.509 442697.059
   0    7   1     0.00s     0.02s     0.01s  186305.546 362560.940
   0    7   1     0.00s     0.03s     0.01s  103024.605 458876.812
   0    7   1     0.00s     0.02s     0.01s  151117.451 434228.936
   0    7   1     0.00s     0.00s     0.01s  1070033.670 368939.690
   0    7   1     0.00s     0.03s     0.01s  120744.681 447747.147
   0    7   1     0.00s     0.03s     0.01s   95881.732 432712.758
   0    7   1     0.00s     0.02s     0.01s  202756.157 342533.893
   0    7   1     0.00s     0.00s     0.01s         inf 457419.274
   0    7   1     0.00s     0.02s     0.01s  154888.391 438513.580
   0    7   1     0.00s     0.02s     0.01s  161557.623 433782.809
   0    7   1     0.00s     0.00s     0.01s         inf 369911.247
   0    7   1     0.01s     0.02s     0.01s  125518.385 440978.901
   0    7   1     0.00s     0.02s     0.01s  113216.958 366790.819
   0    7   1     0.00s     0.00s     0.01s  1051621.443 439241.000
   0    7   1     0.00s     0.00s     0.01s         inf 441333.722
   0    7   1     0.01s     0.01s     0.01s  154346.770 435518.045
   0    7   1     0.00s     0.02s     0.01s  175988.482 453994.228
   0    7   1     0.00s     0.00s     0.01s  1027813.713 345656.303
   0    7   1     0.00s     0.04s     0.01s   85128.040 453628.414
