84
60
57
54
54
54
57
58
57
56
53
52
50
51
52
52
57
51
52
52
51
52
52
50
51
52
51
51
51
50
52
52
53
51
50
53
52
52
53
51
51
52
51
53
51
52
53
51
56
51
51
53
50
54
56
50
49
47
48
47
48
48
48
49
60
48
48
50
48
49
48
48
47
50
48
48
50
47
48
49
51
48
50
49
48
51
50
47
48
48
49
88
57
49
51
51
53
47
47
48
47
49
49
49
51
47
48
47
47
48
47
47
51
47
46
46
46
49
47
46
47
47
49
49
49
46
48
47
49
48
49
49
50
51
47
48
49
49
47
49
48
48
49
48
52
49
51
50
48
49
50
48
47
72
49
48
46
46
49
47
49
47
51
47
47
46
46
46
45
45
46
45
46
46
45
45
47
48
46
45
46
46
46
48
48
47
47
47
46
46
47
45
52
46
45
44
45
45
44
45
45
45
45
46
47
46
46
46
50
46
45
46
45
46
47
46
46
46
47
47
47
46
46
47
50
46
47
46
45
46
46
45
46
45
47
46
46
47
47
47
49
47
46
47
48
47
46
45
47
45
46
46
47
47
46
48
