98
67
63
60
62
62
62
61
57
55
57
55
56
56
55
57
58
55
55
56
56
56
56
56
55
55
56
56
55
55
56
55
59
56
56
55
57
57
56
56
56
57
56
57
56
56
56
57
60
56
56
56
56
57
55
57
56
56
54
57
56
55
56
56
58
55
56
56
57
54
56
55
56
55
57
55
56
56
56
57
57
56
55
56
55
54
94
56
55
57
56
56
57
56
54
55
57
55
56
56
56
56
56
56
55
56
56
55
55
56
55
56
57
56
92
56
56
56
55
56
56
55
56
56
54
56
55
55
57
55
56
55
55
54
57
56
55
56
56
56
56
56
55
56
57
56
55
56
55
58
56
56
58
56
56
57
58
55
56
56
59
56
57
57
58
57
56
56
56
69
56
56
56
57
56
56
59
56
57
57
57
55
57
55
56
56
55
55
55
56
56
55
76
82
73
72
73
73
77
74
70
72
74
69
65
64
65
65
70
69
72
86
71
73
74
68
64
56
58
56
56
56
56
56
59
56
56
55
55
55
56
54
54
55
54
54
55
55
54
55
59
55
55
54
55
54
101
54
55
55
55
54
54
54
54
56
