   0   48   1     0.01s     0.00s     0.01s  560474.033 447627.387
   0   48   1     0.00s     0.00s     0.01s  872490.505 474301.935
   0   48   1     0.00s     0.00s     0.01s  1038759.690 503612.433
   0   48   1     0.00s     0.00s     0.01s  1252336.449 533515.330
   0   48   1     0.01s     0.00s     0.01s  389582.071 533176.564
   0   48   1     0.00s     0.00s     0.01s  3353493.222 521963.192
   0   48   1     0.01s     0.00s     0.01s  251505.435 444720.090
   0   48   1     0.00s     0.00s     0.01s  2349159.971 430828.109
   0   48   1     0.01s     0.00s     0.01s  376845.559 401117.691
   0   48   1     0.01s     0.00s     0.01s  601909.040 467012.928
   0   48   1     0.01s     0.00s     0.01s  252433.281 413713.257
   0   48   1     0.02s     0.00s     0.01s  178785.857 415800.631
   0   48   1     0.01s     0.00s     0.01s  260404.858 436909.447
   0   48   1     0.01s     0.00s     0.01s  225795.127 414170.664
   0   48   1     0.01s     0.00s     0.01s  286758.805 449914.172
   0   48   1     0.01s     0.00s     0.01s  535197.204 510449.210
   0   48   1     0.01s     0.00s     0.01s  613857.606 500469.891
   0   48   1     0.01s     0.00s     0.01s  347450.303 419412.322
   0   48   1     0.00s     0.00s     0.01s  3796930.342 479903.303
   0   48   1     0.01s     0.00s     0.01s  390338.633 451715.085
   0   48   1     0.00s     0.00s     0.01s  1435073.628 497783.655
   0   48   1     0.01s     0.00s     0.01s  231383.553 422992.427
   0   48   1     0.00s     0.00s     0.01s  2193724.420 524146.172
   0   48   1     0.01s     0.00s     0.01s  342164.060 505798.120
   0   48   1     0.01s     0.00s     0.01s  244154.267 405298.624
   0   48   1     0.00s     0.00s     0.01s  1350692.986 501964.780
   0   48   1     0.01s     0.00s     0.01s  320638.086 461232.915
   0   48   1     0.00s     0.00s     0.01s  988322.065 494559.766
   0   48   1     0.02s     0.00s     0.01s  210003.918 375577.906
   0   48   1     0.01s     0.00s     0.01s  418314.256 464730.348
