   0   12   1     0.00s     0.04s     0.01s   85860.086 482354.326
   0   12   1     0.00s     0.04s     0.01s   84997.193 486615.399
   0   12   1     0.00s     0.01s     0.01s  304685.254 472559.594
   0   12   1     0.00s     0.00s     0.01s         inf 476944.174
   0   12   1     0.00s     0.04s     0.01s   83543.506 454347.051
   0   12   1     0.00s     0.05s     0.01s   65607.592 437022.153
   0   12   1     0.00s     0.01s     0.01s  244220.874 422689.831
   0   12   1     0.00s     0.00s     0.01s         inf 463589.424
   0   12   1     0.00s     0.02s     0.01s  142256.419 424701.720
   0   12   1     0.00s     0.03s     0.01s  105689.976 422464.651
   0   12   1     0.00s     0.00s     0.01s         inf 478175.499
   0   12   1     0.00s     0.00s     0.01s         inf 466525.887
   0   12   1     0.00s     0.05s     0.01s   61688.879 454637.539
   0   12   1     0.00s     0.02s     0.01s  138098.754 435075.514
   0   12   1     0.00s     0.00s     0.01s         inf 469166.745
   0   12   1     0.01s     0.02s     0.01s  100321.787 425583.055
   0   12   1     0.00s     0.04s     0.01s   83510.596 425508.342
   0   12   1     0.00s     0.01s     0.01s  420746.229 422234.497
   0   12   1     0.00s     0.00s     0.01s         inf 470650.571
   0   12   1     0.00s     0.06s     0.01s   53787.084 426570.857
   0   12   1     0.00s     0.03s     0.01s  117438.511 468055.575
   0   12   1     0.00s     0.00s     0.01s         inf 458913.662
   0   12   1     0.00s     0.00s     0.01s         inf 465537.762
   0   12   1     0.00s     0.05s     0.01s   57196.302 477698.467
   0   12   1     0.00s     0.03s     0.01s  103066.053 421443.915
   0   12   1     0.00s     0.00s     0.01s         inf 475222.383
   0   12   1     0.00s     0.03s     0.01s  104895.105 423564.519
   0   12   1     0.01s     0.04s     0.01s   58807.212 483593.483
   0   12   1     0.00s     0.03s     0.01s  118299.170 479234.671
   0   12   1     0.00s     0.00s     0.01s  846645.367 444930.790
