   0  110   1     0.01s     0.00s     0.01s  467193.907 402782.507
   0  110   1     0.00s     0.00s     0.01s  3493975.904 481671.566
   0  110   1     0.00s     0.00s     0.01s  1382149.047 426220.155
   0  110   1     0.00s     0.00s     0.01s  4474053.296 413149.285
   0  110   1     0.01s     0.00s     0.01s  304476.472 394600.529
   0  110   1     0.01s     0.00s     0.01s  370241.411 399357.123
   0  110   1     0.00s     0.00s     0.01s  1347128.378 442447.129
   0  110   1     0.01s     0.00s     0.01s  331463.009 383464.390
   0  110   1     0.02s     0.00s     0.01s  126924.760 378144.751
   0  110   1     0.01s     0.00s     0.01s  297796.863 417951.803
   0  110   1     0.00s     0.00s     0.01s  640562.249 450985.828
   0  110   1     0.01s     0.00s     0.01s  368232.714 433688.840
   0  110   1     0.01s     0.00s     0.01s  394265.233 334877.584
   0  110   1     0.01s     0.00s     0.01s  525362.319 383976.319
   0  110   1     0.01s     0.00s     0.01s  370585.502 436907.000
   0  110   1     0.01s     0.00s     0.01s  437525.717 397332.962
   0  110   1     0.01s     0.00s     0.01s  346137.153 415079.216
   0  110   1     0.01s     0.00s     0.01s  400301.167 387235.128
   0  110   1     0.01s     0.00s     0.01s  410870.685 403991.845
   0  110   1     0.01s     0.00s     0.01s  287025.373 353542.636
   0  110   1     0.01s     0.00s     0.01s  407459.446 360400.015
   0  110   1     0.01s     0.00s     0.01s  569134.701 415495.616
   0  110   1     0.00s     0.00s     0.01s  729810.112 357064.305
   0  110   1     0.01s     0.00s     0.01s  254142.766 365685.243
   0  110   1     0.02s     0.00s     0.01s  185303.514 374381.991
   0  110   1     0.01s     0.00s     0.01s  438247.012 332041.736
   0  110   1     0.01s     0.00s     0.01s  340702.766 433067.397
   0  110   1     0.01s     0.00s     0.01s  307647.796 414911.530
   0  110   1     0.01s     0.00s     0.01s  511136.036 389458.637
   0  110   1     0.01s     0.00s     0.01s  307529.162 361132.784
