   0   79   1     0.01s     0.00s     0.01s  254218.664 345714.812
   0   79   1     0.00s     0.00s     0.01s  683477.527 386540.883
   0   79   1     0.02s     0.00s     0.01s  164449.634 476088.636
   0   79   1     0.02s     0.00s     0.01s  200868.217 445628.323
   0   79   1     0.01s     0.00s     0.01s  222199.355 356599.418
   0   79   1     0.02s     0.00s     0.01s  175784.218 413368.588
   0   79   1     0.01s     0.00s     0.01s  223271.524 421526.344
   0   79   1     0.01s     0.00s     0.01s  452627.166 361957.638
   0   79   1     0.01s     0.00s     0.01s  463309.970 399101.203
   0   79   1     0.01s     0.00s     0.01s  616365.366 439276.857
   0   79   1     0.02s     0.00s     0.01s  145756.458 401924.273
   0   79   1     0.03s     0.00s     0.01s   98825.324 442124.968
   0   79   1     0.01s     0.00s     0.01s  246799.756 409339.513
   0   79   1     0.01s     0.00s     0.01s  451680.379 447826.858
   0   79   1     0.01s     0.00s     0.01s  385824.896 413795.817
   0   79   1     0.02s     0.00s     0.01s  212924.007 406667.489
   0   79   1     0.02s     0.00s     0.01s  170348.165 337752.056
   0   79   1     0.01s     0.00s     0.01s  273056.820 384506.033
   0   79   1     0.02s     0.00s     0.01s  198809.232 372761.418
   0   79   1     0.01s     0.00s     0.01s  234099.451 441926.203
   0   79   1     0.01s     0.00s     0.01s  310278.762 404015.407
   0   79   1     0.02s     0.00s     0.01s  136126.755 413597.460
   0   79   1     0.03s     0.00s     0.01s  110087.689 501128.506
   0   79   1     0.02s     0.00s     0.01s  161909.523 312857.174
   0   79   1     0.03s     0.00s     0.01s  117440.174 411062.414
   0   79   1     0.01s     0.00s     0.01s  254378.387 365476.662
   0   79   1     0.01s     0.00s     0.01s  221107.243 388230.212
   0   79   1     0.02s     0.00s     0.01s  207761.386 446237.047
   0   79   1     0.01s     0.00s     0.01s  625893.720 413711.780
   0   79   1     0.01s     0.00s     0.01s  199029.126 313427.176
