   0  128   1     0.00s     0.00s     0.01s  1161946.260 401848.251
   0  128   1     0.01s     0.00s     0.01s  422163.588 385068.581
   0  128   1     0.01s     0.00s     0.01s  484481.453 396895.877
   0  128   1     0.01s     0.00s     0.01s  369088.812 360761.504
   0  128   1     0.01s     0.00s     0.01s  601503.759 393497.309
   0  128   1     0.00s     0.00s     0.01s  665834.374 414956.269
   0  128   1     0.00s     0.00s     0.01s  828800.829 396646.503
   0  128   1     0.00s     0.00s     0.01s  930232.558 350157.489
   0  128   1     0.01s     0.00s     0.01s  490120.999 402046.770
   0  128   1     0.00s     0.00s     0.01s  635046.636 332685.325
   0  128   1     0.00s     0.00s     0.01s  873362.445 377296.424
   0  128   1     0.01s     0.00s     0.01s  315706.393 330347.474
   0  128   1     0.01s     0.00s     0.01s  419397.117 386142.504
   0  128   1     0.01s     0.00s     0.01s  538267.452 359670.627
   0  128   1     0.01s     0.00s     0.01s  491626.978 420487.518
   0  128   1     0.01s     0.00s     0.01s  396776.193 345640.811
   0  128   1     0.01s     0.00s     0.01s  406297.613 342334.594
   0  128   1     0.01s     0.00s     0.01s  281739.743 296192.245
   0  128   1     0.00s     0.00s     0.01s  3168316.832 460462.463
   0  128   1     0.00s     0.00s     0.01s  637069.480 346482.150
   0  128   1     0.01s     0.00s     0.01s  519649.237 399715.003
   0  128   1     0.01s     0.00s     0.01s  469828.219 338443.084
   0  128   1     0.00s     0.00s     0.01s  723000.452 387109.777
   0  128   1     0.01s     0.00s     0.01s  408475.874 356753.375
   0  128   1     0.01s     0.00s     0.01s  592592.593 394075.809
   0  128   1     0.01s     0.00s     0.01s  325965.162 398107.942
   0  128   1     0.01s     0.00s     0.01s  571224.563 352428.458
   0  128   1     0.01s     0.00s     0.01s  567375.887 409396.415
   0  128   1     0.01s     0.00s     0.01s  409731.114 336460.630
   0  128   1     0.00s     0.00s     0.01s  1121626.358 309659.119
