   0   21   1     0.01s     0.07s     0.01s   39942.439 463494.642
   0   21   1     0.00s     0.00s     0.01s         inf 422987.684
   0   21   1     0.01s     0.10s     0.01s   29699.930 443977.656
   0   21   1     0.00s     0.03s     0.01s  125684.136 428798.724
   0   21   1     0.00s     0.01s     0.01s  245727.483 473589.942
   0   21   1     0.00s     0.06s     0.01s   53358.296 411105.092
   0   21   1     0.00s     0.00s     0.01s         inf 442651.650
   0   21   1     0.01s     0.08s     0.01s   36431.286 462502.320
   0   21   1     0.00s     0.03s     0.01s  115292.928 450343.112
   0   21   1     0.00s     0.00s     0.01s         inf 472346.285
   0   21   1     0.00s     0.08s     0.01s   40904.198 434907.721
   0   21   1     0.00s     0.00s     0.01s         inf 443456.516
   0   21   1     0.01s     0.07s     0.01s   40754.312 451280.508
   0   21   1     0.00s     0.02s     0.01s  137621.799 453004.090
   0   21   1     0.00s     0.00s     0.01s         inf 474541.488
   0   21   1     0.00s     0.07s     0.01s   48399.569 432168.910
   0   21   1     0.00s     0.00s     0.01s         inf 464119.303
   0   21   1     0.00s     0.11s     0.01s   30069.238 473305.117
   0   21   1     0.00s     0.03s     0.01s  114163.090 456693.848
   0   21   1     0.00s     0.00s     0.01s         inf 457007.637
   0   21   1     0.00s     0.08s     0.01s   38786.818 452694.425
   0   21   1     0.00s     0.00s     0.01s         inf 424609.358
   0   21   1     0.00s     0.09s     0.01s   34197.191 458828.943
   0   21   1     0.00s     0.02s     0.01s  164239.774 441733.583
   0   21   1     0.00s     0.03s     0.01s   98436.488 465139.865
   0   21   1     0.00s     0.07s     0.01s   46155.848 427988.059
   0   21   1     0.00s     0.00s     0.01s         inf 439206.017
   0   21   1     0.00s     0.09s     0.01s   37217.111 457487.422
   0   21   1     0.00s     0.01s     0.01s  321320.717 431411.457
   0   21   1     0.00s     0.03s     0.01s   91768.968 441070.397
