   0    7   1     0.00s     0.00s     0.01s         inf 446829.158
   0    7   1     0.00s     0.04s     0.01s   84789.627 431066.171
   0    7   1     0.00s     0.02s     0.01s  128005.800 436716.928
   0    7   1     0.00s     0.01s     0.01s  539192.399 338669.419
   0    7   1     0.00s     0.02s     0.01s  127181.047 426931.104
   0    7   1     0.00s     0.03s     0.01s  125791.640 434451.067
   0    7   1     0.00s     0.01s     0.01s  457397.812 344787.818
   0    7   1     0.00s     0.03s     0.01s  116864.014 431807.324
   0    7   1     0.00s     0.03s     0.01s  121062.055 437730.797
   0    7   1     0.00s     0.01s     0.01s  372917.156 426592.355
   0    7   1     0.00s     0.00s     0.01s         inf 424798.161
   0    7   1     0.00s     0.03s     0.01s   93785.044 437537.285
   0    7   1     0.00s     0.02s     0.01s  153016.515 324928.144
   0    7   1     0.00s     0.02s     0.01s  135291.613 338526.992
   0    7   1     0.00s     0.02s     0.01s  131338.596 439198.569
   0    7   1     0.00s     0.00s     0.01s  752011.358 422830.224
   0    7   1     0.00s     0.00s     0.01s         inf 438992.356
   0    7   1     0.00s     0.02s     0.01s  155669.851 420938.136
   0    7   1     0.00s     0.01s     0.01s  212888.532 328172.380
   0    7   1     0.00s     0.03s     0.01s  107075.472 420172.789
   0    7   1     0.00s     0.03s     0.01s  108183.551 433576.917
   0    7   1     0.00s     0.01s     0.01s  336973.810 435659.960
   0    7   1     0.00s     0.03s     0.01s  122188.473 335204.912
   0    7   1     0.01s     0.02s     0.01s  105859.232 424815.764
   0    7   1     0.00s     0.01s     0.01s  350888.815 423901.764
   0    7   1     0.00s     0.04s     0.01s   76607.849 357564.457
   0    7   1     0.00s     0.03s     0.01s  102971.195 318997.677
   0    7   1     0.00s     0.00s     0.01s         inf 437879.890
   0    7   1     0.00s     0.03s     0.01s  119662.625 416929.543
   0    7   1     0.00s     0.02s     0.01s  129171.239 334042.938
