   0    4   1     0.00s     0.03s     0.01s  125354.331 454330.055
   0    4   1     0.00s     0.01s     0.01s  228423.847 452916.138
   0    4   1     0.00s     0.00s     0.01s  1500471.254 458519.271
   0    4   1     0.00s     0.00s     0.01s         inf 454839.534
   0    4   1     0.00s     0.02s     0.01s  165265.234 457115.358
   0    4   1     0.00s     0.01s     0.01s  382141.143 315455.288
   0    4   1     0.01s     0.02s     0.01s  117760.189 452935.725
   0    4   1     0.00s     0.02s     0.01s  199186.738 452617.527
   0    4   1     0.00s     0.00s     0.01s  706927.176 328422.231
   0    4   1     0.00s     0.03s     0.01s  124882.334 449930.914
   0    4   1     0.00s     0.01s     0.01s  230207.505 316981.508
   0    4   1     0.00s     0.02s     0.01s  190328.173 336529.447
   0    4   1     0.00s     0.02s     0.01s  206941.375 453563.192
   0    4   1     0.00s     0.00s     0.01s  842550.939 318628.170
   0    4   1     0.01s     0.02s     0.01s  137680.533 315537.350
   0    4   1     0.00s     0.00s     0.01s  1600000.000 316610.045
   0    4   1     0.00s     0.02s     0.01s  148265.425 305375.755
   0    4   1     0.00s     0.01s     0.01s  166588.186 313892.225
   0    4   1     0.00s     0.02s     0.01s  180724.259 313412.541
   0    4   1     0.01s     0.01s     0.01s  175698.047 318899.652
   0    4   1     0.00s     0.01s     0.01s  197567.635 318587.712
   0    4   1     0.00s     0.02s     0.01s  181558.990 316102.002
   0    4   1     0.00s     0.01s     0.01s  228883.617 318478.537
   0    4   1     0.00s     0.02s     0.01s  193192.161 315365.303
   0    4   1     0.00s     0.01s     0.01s  241468.224 457772.236
   0    4   1     0.00s     0.00s     0.01s  1992490.613 453084.740
   0    4   1     0.00s     0.02s     0.01s  207197.241 315825.673
   0    4   1     0.00s     0.01s     0.01s  295006.022 456314.677
   0    4   1     0.00s     0.00s     0.01s         inf 458151.580
   0    4   1     0.00s     0.01s     0.01s  224146.427 317138.771
