   0   30   1     0.00s     0.00s     0.01s         inf 461320.255
   0   30   1     0.00s     0.07s     0.01s   46438.950 447054.480
   0   30   1     0.00s     0.02s     0.01s  166710.354 454916.228
   0   30   1     0.00s     0.00s     0.01s         inf 437469.752
   0   30   1     0.00s     0.12s     0.01s   26914.027 450106.985
   0   30   1     0.00s     0.00s     0.01s         inf 455872.411
   0   30   1     0.00s     0.08s     0.01s   40950.357 424348.418
   0   30   1     0.00s     0.00s     0.01s         inf 616669.866
   0   30   1     0.00s     0.09s     0.01s   36001.766 465995.516
   0   30   1     0.00s     0.00s     0.01s         inf 431383.737
   0   30   1     0.00s     0.09s     0.01s   36672.279 445391.126
   0   30   1     0.00s     0.01s     0.01s  244822.542 442892.248
   0   30   1     0.00s     0.05s     0.01s   68753.784 435432.304
   0   30   1     0.00s     0.10s     0.01s   30644.695 455313.617
   0   30   1     0.00s     0.00s     0.01s         inf 461012.479
   0   30   1     0.00s     0.13s     0.01s   24839.675 434880.716
   0   30   1     0.00s     0.00s     0.01s         inf 436275.812
   0   30   1     0.00s     0.12s     0.01s   25880.170 435725.609
   0   30   1     0.00s     0.00s     0.01s         inf 446682.728
   0   30   1     0.00s     0.08s     0.01s   39949.247 409946.911
   0   30   1     0.00s     0.01s     0.01s  252561.353 455609.390
   0   30   1     0.00s     0.03s     0.01s   87930.319 435134.393
   0   30   1     0.01s     0.10s     0.01s   30007.643 446803.731
   0   30   1     0.00s     0.01s     0.01s  492641.363 428101.094
   0   30   1     0.00s     0.11s     0.01s   28380.187 434109.721
   0   30   1     0.00s     0.00s     0.01s         inf 454227.703
   0   30   1     0.00s     0.07s     0.01s   43614.818 451532.014
   0   30   1     0.00s     0.04s     0.01s   86674.480 439459.542
   0   30   1     0.00s     0.04s     0.01s   84994.922 444128.744
   0   30   1     0.01s     0.05s     0.01s   59887.006 450166.944
