   0    1   1     0.00s     0.02s     0.02s  154218.735 141947.394
   0    1   1     0.00s     0.01s     0.02s  257168.242 146238.206
   0    1   1     0.00s     0.01s     0.02s  217664.753 145261.439
   0    1   1     0.00s     0.02s     0.02s  192864.498 149315.886
   0    1   1     0.00s     0.02s     0.02s  165479.965 146978.719
   0    1   1     0.00s     0.02s     0.02s  148065.476 145938.824
   0    1   1     0.00s     0.01s     0.02s  229048.270 147125.084
   0    1   1     0.00s     0.02s     0.02s  198256.538 147936.933
   0    1   1     0.00s     0.02s     0.02s  171182.796 145685.973
   0    1   1     0.00s     0.02s     0.02s  153467.971 147862.214
   0    1   1     0.00s     0.01s     0.02s  241193.849 146586.543
   0    1   1     0.00s     0.02s     0.02s  206766.673 146221.611
   0    1   1     0.00s     0.02s     0.02s  181207.672 145659.427
   0    1   1     0.00s     0.02s     0.02s  159463.114 146873.400
   0    1   1     0.00s     0.01s     0.02s  259220.060 148055.720
   0    1   1     0.00s     0.01s     0.02s  218276.548 144658.777
   0    1   1     0.00s     0.02s     0.02s  190203.106 147366.118
   0    1   1     0.01s     0.01s     0.02s  165626.300 146798.222
   0    1   1     0.00s     0.02s     0.02s  148161.936 146057.304
   0    1   1     0.00s     0.01s     0.02s  230107.682 147142.864
   0    1   1     0.00s     0.02s     0.02s  197298.302 147735.325
   0    1   1     0.00s     0.02s     0.02s  170003.738 147111.611
   0    1   1     0.00s     0.02s     0.02s  151014.988 147227.204
   0    1   1     0.00s     0.01s     0.02s  237293.188 146591.072
   0    1   1     0.00s     0.02s     0.02s  205538.700 146439.611
   0    1   1     0.00s     0.02s     0.02s  180131.251 146696.101
   0    1   1     0.00s     0.02s     0.02s  158061.954 143561.113
   0    1   1     0.00s     0.01s     0.02s  262057.613 147922.768
   0    1   1     0.00s     0.01s     0.02s  218816.576 146732.188
   0    1   1     0.00s     0.02s     0.02s  188525.075 146595.155
