  19   80   1     0.52s    20.44s     0.50s   15289.562 637375.631
  19   80   1     0.51s    21.49s     0.49s   14571.252 648290.872
  19   80   1     0.55s    20.14s     0.50s   15496.221 647273.549
  19   80   1     0.61s    23.34s     0.50s   13385.269 646235.222
  19   80   1     0.40s    20.51s     0.51s   15330.534 634584.375
  19   80   1     0.65s    20.60s     0.47s   15087.849 678772.627
  19   80   1     0.62s    23.25s     0.48s   13429.638 668875.941
  19   80   1     0.58s    21.92s     0.49s   14251.597 648899.192
  19   80   1     0.60s    23.51s     0.48s   13297.715 671267.142
  19   80   1     0.56s    22.31s     0.49s   14016.352 658302.296
  19   80   1     0.57s    22.13s     0.49s   14126.430 654043.950
  19   80   1     0.43s    21.86s     0.50s   14385.476 638821.081
  19   80   1     0.66s    21.60s     0.50s   14404.676 640410.746
  19   80   1     0.46s    21.76s     0.47s   14423.674 683644.927
  19   80   1     0.68s    20.49s     0.47s   15141.538 679808.758
  19   80   1     0.68s    21.05s     0.49s   14748.294 655472.925
  19   80   1     0.41s    20.66s     0.49s   15212.090 650233.634
  19   80   1     0.52s    22.39s     0.50s   13997.059 637975.720
  19   80   1     0.64s    20.82s     0.49s   14934.144 658894.770
  19   80   1     0.60s    22.23s     0.50s   14045.615 639531.681
  19   80   1     0.51s    21.24s     0.50s   14738.913 637560.283
  19   80   1     0.68s    22.74s     0.49s   13683.647 653291.604
  19   80   1     0.46s    21.92s     0.50s   14319.878 639400.895
  19   80   1     0.52s    20.81s     0.50s   15028.228 646469.848
  19   80   1     0.50s    22.28s     0.49s   14070.931 659659.099
  19   80   1     0.45s    19.27s     0.50s   16255.151 641528.197
  19   80   1     0.58s    22.37s     0.47s   13969.642 675461.415
  19   80   1     0.52s    22.41s     0.51s   13980.294 633489.845
  19   80   1     0.30s    21.39s     0.49s   14777.917 651019.535
  19   80   1     0.53s    19.94s     0.48s   15664.158 663990.257
