  19   48   1     0.57s    27.57s     0.71s   11389.586 448452.603
  19   48   1     0.59s    28.70s     0.74s   10942.490 435145.442
  19   48   1     0.70s    26.58s     0.70s   11749.638 455412.998
  19   48   1     0.62s    27.37s     0.75s   11449.380 429529.422
  19   48   1     0.76s    28.63s     0.74s   10906.433 435333.205
  19   48   1     0.48s    25.53s     0.68s   12325.126 467985.561
  19   48   1     0.56s    25.65s     0.69s   12229.994 463381.993
  19   48   1     0.54s    26.87s     0.70s   11691.783 458111.612
  19   48   1     0.76s    28.20s     0.76s   11068.381 423553.036
  19   48   1     0.52s    28.55s     0.77s   11028.294 417158.673
  19   48   1     0.64s    28.70s     0.75s   10921.985 428662.658
  19   48   1     0.52s    27.00s     0.72s   11646.176 443569.915
  19   48   1     0.53s    28.29s     0.73s   11119.665 438340.006
  19   48   1     0.39s    25.91s     0.70s   12187.889 457144.339
  19   48   1     0.52s    27.09s     0.72s   11608.247 447106.068
  19   48   1     0.67s    26.91s     0.70s   11620.358 459499.762
  19   48   1     0.48s    26.02s     0.69s   12095.490 462554.326
  19   48   1     0.60s    28.32s     0.76s   11082.012 423395.659
  19   48   1     0.29s    26.80s     0.71s   11829.854 453881.737
  19   48   1     0.58s    26.95s     0.74s   11641.964 435689.404
  19   48   1     0.64s    28.03s     0.73s   11181.904 436513.780
  19   48   1     0.63s    26.60s     0.70s   11769.338 458791.006
  19   48   1     0.65s    28.05s     0.72s   11169.095 445975.325
  19   48   1     0.30s    28.72s     0.72s   11043.588 443407.036
  19   48   1     0.64s    27.26s     0.73s   11489.894 436464.103
  19   48   1     0.61s    26.49s     0.70s   11826.143 454780.805
  19   48   1     0.42s    27.45s     0.73s   11498.196 437187.106
  19   48   1     0.58s    27.92s     0.72s   11247.018 446698.614
  19   48   1     0.49s    27.32s     0.73s   11523.691 441546.121
  19   48   1     0.36s    27.54s     0.74s   11484.318 431821.583
