  19   79   1     0.55s    22.39s     0.50s   13974.078 644700.836
  19   79   1     0.53s    21.53s     0.48s   14527.389 666741.335
  19   79   1     0.48s    22.03s     0.51s   14236.170 627670.124
  19   79   1     0.48s    21.66s     0.48s   14474.028 674643.522
  19   79   1     0.58s    21.23s     0.50s   14692.513 643354.031
  19   79   1     0.47s    21.33s     0.49s   14707.752 655373.885
  19   79   1     0.55s    23.18s     0.49s   13502.564 650997.228
  19   79   1     0.39s    23.05s     0.49s   13674.456 656494.986
  19   79   1     0.46s    21.69s     0.50s   14473.939 635134.969
  19   79   1     0.55s    24.26s     0.49s   12919.897 657668.872
  19   79   1     0.57s    22.14s     0.51s   14113.830 627806.960
  19   79   1     0.54s    20.09s     0.51s   15533.046 623104.874
  19   79   1     0.58s    22.48s     0.49s   13903.025 654341.720
  19   79   1     0.56s    21.51s     0.50s   14524.121 637799.009
  19   79   1     0.37s    21.26s     0.51s   14815.253 629239.924
  19   79   1     0.52s    22.49s     0.49s   13934.380 649551.202
  19   79   1     0.49s    19.99s     0.49s   15651.937 659444.418
  19   79   1     0.55s    22.08s     0.50s   14165.843 635907.015
  19   79   1     0.45s    20.28s     0.51s   15456.924 632802.014
  19   79   1     0.44s    21.97s     0.48s   14303.116 671125.588
  19   79   1     0.60s    20.30s     0.50s   15337.472 638399.405
  19   79   1     0.47s    21.39s     0.46s   14664.012 690975.410
  19   79   1     0.46s    20.92s     0.49s   14988.544 657354.933
  19   79   1     0.44s    22.53s     0.49s   13952.642 660485.207
  19   79   1     0.57s    24.37s     0.50s   12850.192 635223.604
  19   79   1     0.45s    22.03s     0.50s   14255.027 646548.710
  19   79   1     0.32s    21.68s     0.51s   14569.340 622868.437
  19   79   1     0.61s    22.71s     0.51s   13744.197 623816.487
  19   79   1     0.43s    22.65s     0.50s   13885.359 640481.361
  19   79   1     0.39s    21.37s     0.50s   14729.221 638791.190
