  19    1   1     0.12s     1.70s     1.83s  175704.028 175479.492
  19    1   1     0.19s     1.70s     1.89s  169898.630 169680.975
  19    1   1     0.22s     1.62s     1.84s  174483.436 173927.189
  19    1   1     0.15s     1.66s     1.82s  176911.833 176540.982
  19    1   1     0.15s     1.76s     1.92s  167428.693 166746.259
  19    1   1     0.18s     1.69s     1.87s  171477.995 171273.900
  19    1   1     0.12s     1.72s     1.84s  174532.466 174137.110
  19    1   1     0.13s     1.68s     1.82s  176634.438 176396.441
  19    1   1     0.09s     1.76s     1.85s  173671.242 173119.659
  19    1   1     0.11s     1.71s     1.83s  175904.038 175138.482
  19    1   1     0.16s     1.70s     1.86s  172226.987 171914.289
  19    1   1     0.11s     1.72s     1.83s  175152.942 174839.949
  19    1   1     0.12s     1.71s     1.83s  175423.395 175177.238
  19    1   1     0.15s     1.69s     1.85s  173807.433 173025.311
  19    1   1     0.14s     1.68s     1.83s  175857.611 175502.277
  19    1   1     0.10s     1.72s     1.83s  175781.124 175197.734
  19    1   1     0.23s     1.60s     1.83s  175215.376 174933.617
  19    1   1     0.13s     1.68s     1.81s  177484.380 177203.056
  19    1   1     0.15s     1.70s     1.86s  172890.635 172534.554
  19    1   1     0.15s     1.70s     1.85s  173757.208 173591.777
  19    1   1     0.12s     1.72s     1.85s  174475.267 173650.422
  19    1   1     0.11s     1.76s     1.88s  171387.761 170654.989
  19    1   1     0.24s     1.59s     1.84s  174867.768 174297.816
  19    1   1     0.17s     1.67s     1.85s  173974.715 173046.167
  19    1   1     0.15s     1.72s     1.87s  171263.479 171115.481
  19    1   1     0.09s     1.74s     1.84s  175209.246 174415.283
  19    1   1     0.17s     1.67s     1.85s  174127.937 173263.574
  19    1   1     0.11s     1.72s     1.84s  175149.783 174338.395
  19    1   1     0.18s     1.64s     1.83s  176226.610 175279.750
  19    1   1     0.09s     1.74s     1.84s  175233.578 174482.291
