  19    7   1     0.15s     3.68s     0.66s   83494.898 484270.657
  19    7   1     0.14s     4.05s     0.73s   76400.924 441028.665
  19    7   1     0.18s     3.88s     0.69s   79056.156 463788.151
  19    7   1     0.11s     4.02s     0.70s   77727.734 455090.137
  19    7   1     0.10s     3.97s     0.70s   78766.001 455459.433
  19    7   1     0.11s     4.05s     0.71s   77198.803 449243.346
  19    7   1     0.12s     4.17s     0.74s   74697.830 434287.388
  19    7   1     0.12s     3.90s     0.68s   79550.193 471614.418
  19    7   1     0.20s     3.91s     0.71s   77873.138 450088.914
  19    7   1     0.17s     3.99s     0.71s   76874.311 450340.933
  19    7   1     0.24s     3.44s     0.61s   86970.621 523774.779
  19    7   1     0.07s     3.51s     0.59s   89640.727 541108.881
  19    7   1     0.14s     4.00s     0.66s   77519.164 487271.420
  19    7   1     0.11s     4.01s     0.69s   77805.307 466147.497
  19    7   1     0.11s     3.59s     0.60s   86450.523 537366.882
  19    7   1     0.09s     3.48s     0.62s   89991.447 513500.483
  19    7   1     0.28s     3.86s     0.70s   77455.580 457960.257
  19    7   1     0.16s     4.07s     0.75s   75618.191 426237.349
  19    7   1     0.08s     3.96s     0.68s   79327.147 469119.695
  19    7   1     0.13s     3.87s     0.66s   80012.952 482853.553
  19    7   1     0.10s     3.72s     0.61s   83743.544 523150.922
  19    7   1     0.12s     4.12s     0.74s   75523.518 435492.351
  19    7   1     0.15s     3.61s     0.64s   85192.603 504171.988
  19    7   1     0.06s     3.63s     0.60s   87018.604 531550.746
  19    7   1     0.17s     3.44s     0.59s   88564.525 543017.744
  19    7   1     0.21s     3.33s     0.60s   90558.334 533887.894
  19    7   1     0.15s     3.43s     0.59s   89569.403 543055.937
  19    7   1     0.12s     4.09s     0.72s   76143.899 444123.228
  19    7   1     0.14s     3.69s     0.64s   83639.014 500094.376
  19    7   1     0.16s     4.02s     0.67s   76727.007 479188.301
