  19   12   1     0.15s     7.36s     0.65s   42675.223 491786.434
  19   12   1     0.17s     7.01s     0.69s   44641.143 465550.110
  19   12   1     0.11s     7.25s     0.66s   43558.785 486287.462
  19   12   1     0.21s     6.62s     0.64s   46917.270 499450.185
  19   12   1     0.12s     6.40s     0.61s   49165.322 524233.725
  19   12   1     0.21s     6.73s     0.66s   46212.989 487434.222
  19   12   1     0.19s     6.60s     0.62s   47173.097 513061.241
  19   12   1     0.31s     6.97s     0.64s   43991.780 497040.373
  19   12   1     0.15s     6.62s     0.62s   47326.555 514682.169
  19   12   1     0.17s     6.69s     0.68s   46754.136 474036.396
  19   12   1     0.15s     7.09s     0.67s   44246.472 477042.411
  19   12   1     0.13s     7.06s     0.67s   44581.245 481787.113
  19   12   1     0.10s     6.79s     0.66s   46527.550 487361.150
  19   12   1     0.21s     7.03s     0.66s   44297.702 487263.315
  19   12   1     0.20s     6.61s     0.62s   47105.773 513794.075
  19   12   1     0.10s     6.59s     0.67s   47913.502 478023.613
  19   12   1     0.15s     7.29s     0.65s   43051.288 493843.983
  19   12   1     0.26s     6.48s     0.64s   47540.431 499216.720
  19   12   1     0.23s     6.94s     0.68s   44668.189 472386.233
  19   12   1     0.17s     6.67s     0.65s   46834.223 495203.624
  19   12   1     0.21s     7.06s     0.68s   44071.462 474118.713
  19   12   1     0.17s     6.44s     0.64s   48472.456 503231.990
  19   12   1     0.17s     7.25s     0.68s   43224.167 469298.598
  19   12   1     0.12s     6.63s     0.65s   47456.718 492116.875
  19   12   1     0.24s     6.25s     0.64s   49328.592 499093.716
  19   12   1     0.15s     6.90s     0.64s   45457.285 503757.581
  19   12   1     0.27s     6.92s     0.68s   44550.087 473766.546
  19   12   1     0.15s     6.85s     0.64s   45757.420 498173.599
  19   12   1     0.19s     6.23s     0.63s   49952.035 506286.875
  19   12   1     0.25s     6.88s     0.67s   44939.818 481408.954
