  19   21   1     0.34s    12.07s     0.69s   25822.456 466511.185
  19   21   1     0.31s    12.52s     0.68s   24978.580 471628.762
  19   21   1     0.18s    12.24s     0.66s   25808.170 486666.959
  19   21   1     0.28s    12.75s     0.68s   24598.395 470649.397
  19   21   1     0.23s    12.31s     0.67s   25557.881 475662.455
  19   21   1     0.27s    11.76s     0.65s   26631.651 493662.984
  19   21   1     0.35s    12.16s     0.67s   25602.804 476847.943
  19   21   1     0.26s    12.08s     0.68s   25977.469 469644.768
  19   21   1     0.27s    12.35s     0.67s   25385.786 480090.744
  19   21   1     0.22s    11.97s     0.66s   26289.268 484155.298
  19   21   1     0.31s    12.54s     0.68s   24939.350 468017.590
  19   21   1     0.26s    12.60s     0.68s   24906.666 471878.084
  19   21   1     0.18s    12.76s     0.68s   24767.265 473627.843
  19   21   1     0.20s    12.21s     0.66s   25830.466 487556.745
  19   21   1     0.34s    12.63s     0.66s   24708.298 481961.015
  19   21   1     0.21s    12.33s     0.68s   25550.898 471135.798
  19   21   1     0.25s    12.65s     0.68s   24834.536 474102.497
  19   21   1     0.33s    12.06s     0.66s   25865.503 487202.192
  19   21   1     0.45s    11.51s     0.68s   26795.015 471810.488
  19   21   1     0.27s    12.08s     0.67s   25944.146 477511.304
  19   21   1     0.36s    12.40s     0.67s   25112.807 475327.560
  19   21   1     0.19s    12.16s     0.67s   25937.848 480843.426
  19   21   1     0.20s    11.86s     0.67s   26593.612 479902.041
  19   21   1     0.39s    12.28s     0.67s   25308.106 480070.488
  19   21   1     0.22s    11.83s     0.65s   26590.545 490255.184
  19   21   1     0.40s    11.95s     0.67s   25953.699 480284.446
  19   21   1     0.31s    11.70s     0.65s   26683.926 495075.977
  19   21   1     0.22s    12.23s     0.66s   25736.883 482087.912
  19   21   1     0.29s    12.69s     0.67s   24687.675 479359.714
  19   21   1     0.20s    12.04s     0.67s   26175.163 481183.710
