  19    4   1     0.23s     2.21s     0.66s  131430.463 488813.172
  19    4   1     0.13s     2.33s     0.67s  130234.025 478716.494
  19    4   1     0.14s     2.42s     0.68s  125465.516 473035.687
  19    4   1     0.15s     2.20s     0.64s  136447.276 498553.497
  19    4   1     0.12s     2.49s     0.66s  122917.729 482834.992
  19    4   1     0.15s     2.20s     0.64s  136595.919 504156.685
  19    4   1     0.16s     2.38s     0.68s  126489.196 473493.632
  19    4   1     0.14s     2.17s     0.61s  138744.249 526364.101
  19    4   1     0.14s     2.30s     0.66s  131621.107 484487.137
  19    4   1     0.08s     2.52s     0.67s  123126.689 475063.894
  19    4   1     0.12s     2.34s     0.66s  130301.641 488874.571
  19    4   1     0.17s     2.40s     0.68s  124907.389 469376.605
  19    4   1     0.15s     2.39s     0.67s  126437.947 476104.953
  19    4   1     0.12s     2.40s     0.68s  127533.371 469319.473
  19    4   1     0.14s     2.39s     0.68s  126980.630 473466.075
  19    4   1     0.09s     2.43s     0.67s  127364.701 478720.493
  19    4   1     0.17s     2.33s     0.67s  128261.546 480040.468
  19    4   1     0.11s     2.44s     0.68s  125604.721 469582.784
  19    4   1     0.14s     2.45s     0.69s  124106.690 467316.339
  19    4   1     0.17s     2.37s     0.67s  126093.212 481145.717
  19    4   1     0.11s     2.43s     0.68s  126090.533 471658.018
  19    4   1     0.18s     2.35s     0.67s  126888.629 475702.681
  19    4   1     0.12s     2.43s     0.68s  125653.966 470085.144
  19    4   1     0.13s     2.41s     0.68s  126151.034 474359.051
  19    4   1     0.11s     2.46s     0.69s  124786.922 461289.831
  19    4   1     0.09s     2.46s     0.68s  125690.235 468450.859
  19    4   1     0.14s     2.41s     0.67s  126044.068 476747.388
  19    4   1     0.16s     2.20s     0.64s  136250.803 502876.795
  19    4   1     0.12s     2.39s     0.67s  127882.975 479301.675
  19    4   1     0.09s     2.45s     0.68s  126467.983 474708.924
