  19   30   1     0.24s    18.85s     0.72s   16790.786 444899.243
  19   30   1     0.27s    18.09s     0.74s   17459.623 431280.166
  19   30   1     0.60s    18.46s     0.71s   16815.851 454343.258
  19   30   1     0.52s    17.56s     0.71s   17726.016 454533.788
  19   30   1     0.47s    18.29s     0.71s   17081.874 449439.699
  19   30   1     0.28s    17.70s     0.70s   17825.060 458046.391
  19   30   1     0.34s    18.27s     0.71s   17215.239 449683.009
  19   30   1     0.29s    17.98s     0.71s   17541.467 450582.260
  19   30   1     0.27s    18.49s     0.73s   17079.296 437426.064
  19   30   1     0.18s    17.99s     0.72s   17631.742 445494.237
  19   30   1     0.62s    18.57s     0.73s   16705.029 440023.991
  19   30   1     0.27s    18.17s     0.72s   17380.511 446839.412
  19   30   1     0.31s    18.51s     0.72s   17031.949 443068.768
  19   30   1     0.54s    17.89s     0.72s   17391.074 446409.837
  19   30   1     0.25s    18.63s     0.71s   16974.641 450872.554
  19   30   1     0.44s    18.14s     0.73s   17253.868 440571.071
  19   30   1     0.32s    18.62s     0.71s   16925.119 452744.041
  19   30   1     0.31s    17.59s     0.68s   17904.072 469389.487
  19   30   1     0.38s    18.37s     0.73s   17097.254 437001.963
  19   30   1     0.18s    17.79s     0.70s   17842.654 460272.948
  19   30   1     0.31s    18.45s     0.72s   17080.923 447599.957
  19   30   1     0.47s    18.15s     0.71s   17211.263 451139.401
  19   30   1     0.23s    18.74s     0.72s   16897.746 446850.268
  19   30   1     0.36s    17.79s     0.72s   17657.336 445669.308
  19   30   1     0.26s    18.14s     0.70s   17420.680 460102.071
  19   30   1     0.24s    17.14s     0.68s   18444.134 473963.154
  19   30   1     0.27s    18.08s     0.72s   17474.398 443677.385
  19   30   1     0.27s    18.41s     0.72s   17163.510 443235.027
  19   30   1     0.33s    17.88s     0.70s   17597.058 456553.915
  19   30   1     0.32s    17.83s     0.70s   17654.712 460201.454
