	Iozone: Performance Test of File I/O
	        Version $Revision: 3.428 $
		Compiled for 64 bit mode.
		Build: linux 

	Contributors:William Norcott, Don Capps, Isom Crawford, Kirby Collins
	             Al Slater, Scott Rhine, Mike Wisner, Ken Goss
	             Steve Landherr, Brad Smith, Mark Kelly, Dr. Alain CYR,
	             Randy Dunlap, Mark Montague, Dan Million, Gavin Brebner,
	             Jean-Marc Zucconi, Jeff Blomberg, Benny Halevy, Dave Boone,
	             Erik Habbinga, Kris Strecker, Walter Wong, Joshua Root,
	             Fabrice Bacchella, Zhenghua Xue, Qin Li, Darren Sawyer,
	             Vangel Bojaxhi, Ben England, Vikentsi Lapa.

	Run began: Sun Jun 14 09:44:05 2020

	Auto Mode
	Using minimum file size of 254684 kilobytes.
	Using maximum file size of 2037479 kilobytes.
	Using Minimum Record Size 4 kB
	Using Maximum Record Size 4 kB
	Include fsync in write timing
	Command line used: src/current/iozone -a -n 254684 -g 2037479 -y 4 -q 4 -i 0 -i 1 -i 2 -i 3 -e -f /home/mmtests/work/testdisk/data/iozone_file
	Output is in kBytes/sec
	Time Resolution = 0.000001 seconds.
	Processor cache size set to 1024 kBytes.
	Processor cache line size set to 32 bytes.
	File stride size set to 17 * record size.
                                                              random    random     bkwd    record    stride                                    
              kB  reclen    write  rewrite    read    reread    read     write     read   rewrite      read   fwrite frewrite    fread  freread
          254684       4   137633   149236  2659221  2852899  2054167   137116  2026433                                                  
          509368       4   135878   145409  2744087  2834830  2012214   135596  2026093                                                  
         1018736       4   134161   145533  2744277  2818048  1986862   132780  2075291                                                  
         2037472       4   134695   146975  2745327  2825246  1958601   132579  2127219                                                  

iozone test complete.
