	Iozone: Performance Test of File I/O
	        Version $Revision: 3.428 $
		Compiled for 64 bit mode.
		Build: linux 

	Contributors:William Norcott, Don Capps, Isom Crawford, Kirby Collins
	             Al Slater, Scott Rhine, Mike Wisner, Ken Goss
	             Steve Landherr, Brad Smith, Mark Kelly, Dr. Alain CYR,
	             Randy Dunlap, Mark Montague, Dan Million, Gavin Brebner,
	             Jean-Marc Zucconi, Jeff Blomberg, Benny Halevy, Dave Boone,
	             Erik Habbinga, Kris Strecker, Walter Wong, Joshua Root,
	             Fabrice Bacchella, Zhenghua Xue, Qin Li, Darren Sawyer,
	             Vangel Bojaxhi, Ben England, Vikentsi Lapa.

	Run began: Sun Jun 14 09:47:10 2020

	Auto Mode
	Using minimum file size of 254684 kilobytes.
	Using maximum file size of 2037479 kilobytes.
	Using Minimum Record Size 4 kB
	Using Maximum Record Size 4 kB
	Include fsync in write timing
	Command line used: src/current/iozone -a -n 254684 -g 2037479 -y 4 -q 4 -i 0 -i 1 -i 2 -i 3 -e -f /home/mmtests/work/testdisk/data/iozone_file
	Output is in kBytes/sec
	Time Resolution = 0.000001 seconds.
	Processor cache size set to 1024 kBytes.
	Processor cache line size set to 32 bytes.
	File stride size set to 17 * record size.
                                                              random    random     bkwd    record    stride                                    
              kB  reclen    write  rewrite    read    reread    read     write     read   rewrite      read   fwrite frewrite    fread  freread
          254684       4   133319   144666  2658546  2874046  2071981   133134  2026303                                                  
          509368       4   135878   144912  2743773  2828173  2011706   134968  2025909                                                  
         1018736       4   134799   146474  2765937  2827252  2002775   132848  2086859                                                  
         2037472       4   132801   144880  2824522  2840731  2008012   131228  2120246                                                  

iozone test complete.
