   1    7   1     0.07s     0.79s     0.13s   36074.954 237357.603
   1    7   1     0.06s     0.78s     0.13s   37276.018 236731.292
   1    7   1     0.02s     0.85s     0.13s   35674.067 238021.740
   1    7   1     0.03s     0.80s     0.13s   37454.288 237005.900
   1    7   1     0.02s     0.83s     0.13s   36715.404 237300.889
   1    7   1     0.02s     0.84s     0.13s   36222.616 237869.465
   1    7   1     0.05s     0.82s     0.13s   35807.447 237050.852
   1    7   1     0.00s     0.86s     0.13s   36224.776 237109.949
   1    7   1     0.00s     0.83s     0.13s   37112.725 237168.462
   1    7   1     0.07s     0.79s     0.13s   36020.304 237713.236
   1    7   1     0.01s     0.86s     0.13s   35679.860 237366.250
   1    7   1     0.13s     0.57s     0.14s   44431.569 225619.257
   1    7   1     0.07s     0.77s     0.13s   36704.138 237345.791
   1    7   1     0.00s     0.85s     0.13s   36300.324 238032.236
   1    7   1     0.08s     0.74s     0.13s   38131.458 235897.032
   1    7   1     0.02s     0.83s     0.13s   36738.217 237414.184
   1    7   1     0.05s     0.81s     0.13s   36267.052 237380.630
   1    7   1     0.03s     0.84s     0.13s   35691.122 238065.232
   1    7   1     0.08s     0.75s     0.13s   37086.781 237954.677
   1    7   1     0.00s     0.86s     0.13s   35906.006 238562.948
   1    7   1     0.01s     0.83s     0.13s   36879.997 237443.708
   1    7   1     0.02s     0.84s     0.13s   36139.884 237502.244
   1    7   1     0.02s     0.83s     0.13s   36633.268 238176.930
   1    7   1     0.03s     0.81s     0.13s   37099.438 237641.352
   1    7   1     0.06s     0.82s     0.13s   35368.589 238220.100
   1    7   1     0.07s     0.80s     0.13s   35859.419 237778.473
   1    7   1     0.04s     0.79s     0.13s   37319.797 234964.972
   1    7   1     0.03s     0.82s     0.13s   36601.113 237529.540
   1    7   1     0.02s     0.84s     0.13s   35932.991 237473.768
   1    7   1     0.04s     0.77s     0.13s   37844.124 233440.767
