   1    8   1     0.04s     0.94s     0.13s   31820.824 239481.418
   1    8   1     0.04s     0.79s     0.14s   37062.822 222889.017
   1    8   1     0.01s     0.99s     0.13s   31041.427 238747.519
   1    8   1     0.10s     0.86s     0.13s   32482.618 240489.949
   1    8   1     0.00s     0.97s     0.13s   31802.534 240189.566
   1    8   1     0.02s     0.78s     0.14s   38996.100 228941.731
   1    8   1     0.03s     0.88s     0.13s   34120.379 231667.735
   1    8   1     0.04s     0.95s     0.13s   31244.328 240641.798
   1    8   1     0.06s     0.88s     0.13s   32995.083 238874.441
   1    8   1     0.07s     0.89s     0.13s   32178.164 240153.354
   1    8   1     0.04s     0.94s     0.13s   31603.621 237369.114
   1    8   1     0.02s     0.89s     0.13s   34138.387 231443.142
   1    8   1     0.00s     1.00s     0.13s   31136.663 240647.839
   1    8   1     0.04s     0.86s     0.13s   34470.598 235651.335
   1    8   1     0.01s     0.99s     0.13s   31128.686 240469.907
   1    8   1     0.02s     0.84s     0.13s   35906.784 232772.224
   1    8   1     0.01s     0.99s     0.13s   31069.534 240567.374
   1    8   1     0.05s     0.94s     0.13s   31467.914 240499.063
   1    8   1     0.08s     0.73s     0.14s   38575.937 225837.234
   1    8   1     0.06s     0.92s     0.13s   31438.443 240527.644
   1    8   1     0.03s     0.96s     0.13s   31353.247 241172.650
   1    8   1     0.06s     0.96s     0.13s   30462.932 240284.021
   1    8   1     0.07s     0.89s     0.13s   32047.397 240324.073
   1    8   1     0.08s     0.90s     0.13s   31454.209 238437.872
   1    8   1     0.06s     0.91s     0.13s   32067.663 238439.756
   1    8   1     0.03s     0.91s     0.13s   33222.178 235128.098
   1    8   1     0.02s     0.99s     0.13s   30865.169 240906.544
   1    8   1     0.04s     0.96s     0.13s   31187.969 240740.113
   1    8   1     0.07s     0.80s     0.13s   35639.847 230966.437
   1    8   1     0.07s     0.93s     0.13s   30921.662 240704.524
