   1    3   1     0.03s     0.36s     0.14s   79547.176 220381.220
   1    3   1     0.03s     0.35s     0.14s   82956.453 222144.652
   1    3   1     0.03s     0.35s     0.14s   83199.953 222670.470
   1    3   1     0.01s     0.36s     0.14s   83133.422 221503.197
   1    3   1     0.05s     0.32s     0.14s   81857.454 221905.772
   1    3   1     0.04s     0.34s     0.14s   82038.015 221902.069
   1    3   1     0.00s     0.38s     0.14s   82270.464 222394.694
   1    3   1     0.02s     0.36s     0.14s   82244.038 222947.181
   1    3   1     0.03s     0.35s     0.14s   82679.719 222142.802
   1    3   1     0.01s     0.36s     0.14s   83151.272 223015.717
   1    3   1     0.05s     0.33s     0.14s   82753.702 221834.437
   1    3   1     0.04s     0.34s     0.14s   82229.849 222711.797
   1    3   1     0.01s     0.37s     0.14s   81489.275 223000.800
   1    3   1     0.01s     0.37s     0.14s   81371.130 222957.247
   1    3   1     0.01s     0.37s     0.14s   81416.250 222725.911
   1    3   1     0.01s     0.37s     0.14s   81353.823 222840.691
   1    3   1     0.02s     0.35s     0.14s   83685.388 221512.477
   1    3   1     0.03s     0.35s     0.14s   82156.363 223385.306
   1    3   1     0.06s     0.32s     0.14s   81703.319 222331.353
   1    3   1     0.03s     0.35s     0.14s   82671.555 223378.076
   1    3   1     0.01s     0.37s     0.14s   82796.828 220653.539
   1    3   1     0.01s     0.36s     0.14s   83395.245 223289.834
   1    3   1     0.01s     0.36s     0.14s   83446.909 222808.485
   1    3   1     0.00s     0.38s     0.14s   82254.956 222879.389
   1    3   1     0.02s     0.37s     0.14s   80201.611 219296.561
   1    3   1     0.04s     0.33s     0.14s   83828.495 222656.983
   1    3   1     0.03s     0.34s     0.14s   83513.942 222238.748
   1    3   1     0.05s     0.32s     0.14s   83889.101 222127.157
   1    3   1     0.01s     0.37s     0.14s   81145.854 222298.523
   1    3   1     0.03s     0.35s     0.14s   81546.115 223094.093
