   1    1   1     0.01s     0.17s     0.18s  172792.477 171721.810
   1    1   1     0.01s     0.17s     0.18s  175799.670 174161.706
   1    1   1     0.00s     0.18s     0.18s  176306.894 174593.391
   1    1   1     0.01s     0.17s     0.18s  176356.071 171760.641
   1    1   1     0.01s     0.16s     0.18s  179527.148 174261.603
   1    1   1     0.01s     0.16s     0.18s  179563.567 171796.467
   1    1   1     0.00s     0.17s     0.18s  182598.855 174529.456
   1    1   1     0.00s     0.17s     0.18s  182317.321 174003.817
   1    1   1     0.02s     0.15s     0.18s  183027.116 172868.127
   1    1   1     0.01s     0.17s     0.18s  174488.744 174104.199
   1    1   1     0.00s     0.17s     0.18s  184988.804 174911.241
   1    1   1     0.00s     0.18s     0.18s  173996.799 172046.361
   1    1   1     0.02s     0.16s     0.18s  176432.399 174814.291
   1    1   1     0.02s     0.16s     0.18s  176005.408 173730.548
   1    1   1     0.02s     0.16s     0.18s  177132.468 172920.241
   1    1   1     0.00s     0.17s     0.18s  178684.308 174318.720
   1    1   1     0.01s     0.16s     0.18s  179136.840 174544.686
   1    1   1     0.00s     0.17s     0.18s  178601.900 171807.902
   1    1   1     0.00s     0.17s     0.18s  181482.154 174958.019
   1    1   1     0.01s     0.16s     0.18s  180568.265 174505.789
   1    1   1     0.02s     0.15s     0.18s  180614.583 172992.533
   1    1   1     0.02s     0.15s     0.18s  182200.449 173844.189
   1    1   1     0.01s     0.17s     0.18s  172964.191 172902.798
   1    1   1     0.03s     0.15s     0.18s  174724.921 174262.694
   1    1   1     0.02s     0.16s     0.18s  174628.405 171854.218
   1    1   1     0.02s     0.16s     0.18s  177603.632 174724.072
   1    1   1     0.01s     0.17s     0.18s  177213.525 174542.190
   1    1   1     0.02s     0.16s     0.18s  176931.160 174501.350
   1    1   1     0.02s     0.16s     0.18s  176882.672 172085.396
   1    1   1     0.02s     0.15s     0.18s  179576.057 174221.113
