   1    5   1     0.04s     0.57s     0.13s   50726.227 232739.532
   1    5   1     0.00s     0.60s     0.13s   51431.996 233777.408
   1    5   1     0.02s     0.58s     0.13s   51402.133 233466.107
   1    5   1     0.03s     0.57s     0.13s   52194.317 232949.261
   1    5   1     0.02s     0.59s     0.13s   51139.477 233388.007
   1    5   1     0.00s     0.60s     0.13s   51276.153 232271.594
   1    5   1     0.05s     0.55s     0.13s   52002.652 233930.175
   1    5   1     0.03s     0.58s     0.13s   51216.146 232828.853
   1    5   1     0.00s     0.60s     0.13s   51804.246 233470.762
   1    5   1     0.03s     0.58s     0.13s   51373.923 232835.538
   1    5   1     0.01s     0.60s     0.13s   51039.065 232974.649
   1    5   1     0.01s     0.59s     0.13s   51324.396 232101.514
   1    5   1     0.02s     0.57s     0.14s   52935.770 226650.633
   1    5   1     0.02s     0.60s     0.13s   50402.685 233187.461
   1    5   1     0.00s     0.60s     0.13s   51246.725 233369.786
   1    5   1     0.01s     0.59s     0.13s   51446.342 232960.874
   1    5   1     0.03s     0.57s     0.13s   51761.581 232939.517
   1    5   1     0.01s     0.59s     0.13s   51634.868 232364.221
   1    5   1     0.02s     0.59s     0.13s   50693.197 233391.556
   1    5   1     0.04s     0.57s     0.13s   51118.806 232283.358
   1    5   1     0.01s     0.59s     0.13s   52108.472 233395.199
   1    5   1     0.04s     0.56s     0.13s   51418.937 232574.822
   1    5   1     0.03s     0.58s     0.13s   51384.402 233605.226
   1    5   1     0.02s     0.60s     0.13s   50154.421 233062.267
   1    5   1     0.05s     0.58s     0.13s   49678.298 233207.697
   1    5   1     0.02s     0.59s     0.13s   51264.276 233438.476
   1    5   1     0.02s     0.57s     0.13s   52254.790 233095.218
   1    5   1     0.00s     0.59s     0.13s   52790.475 231841.354
   1    5   1     0.02s     0.58s     0.13s   51917.261 233166.868
   1    5   1     0.04s     0.56s     0.13s   52011.730 232751.203
