   Operation      Sample         Ops
64   0            1      497.72
64   0            2      497.58
64   0            3      495.49
64   0            4      495.60
64   0            5      494.91
128  0            1      901.25
128  0            2      910.62
128  0            3      928.16
128  0            4      932.56
128  0            5      906.75
256  0            1     1813.36
256  0            2     1759.91
256  0            3     1658.47
256  0            4     1810.65
256  0            5     1718.08
1024 0            1     5955.64
1024 0            2     6200.66
1024 0            3     6174.33
1024 0            4     6157.12
1024 0            5     6021.09
2048 0            1     9606.48
2048 0            2     9199.00
2048 0            3     9448.37
2048 0            4     8561.38
2048 0            5     9475.16
3312 0            1    11775.90
3312 0            2    11657.04
3312 0            3    11423.57
3312 0            4    11556.64
3312 0            5    10997.15
4096 0            1    13513.50
4096 0            2    13782.42
4096 0            3    12963.33
4096 0            4    14063.23
4096 0            5    13810.70
8192 0            1    18132.22
8192 0            2    17767.78
8192 0            3    17277.61
8192 0            4    18638.40
8192 0            5    18468.67
163840            1    18637.12
163840            2    18522.96
163840            3    18422.32
163840            4    18003.24
163840            5    18681.72
   Operation      Sample         Ops
send-64   0            1       72.99
send-64   0            4       72.03
send-64   0            7       72.43
send-64   0           10       70.60
send-64   0           13       72.69
send-128  0            1      145.02
send-128  0            4      148.54
send-128  0            7      140.28
send-128  0           10      142.62
send-128  0           13      144.00
send-256  0            1      279.91
send-256  0            4      281.37
send-256  0            7      281.05
send-256  0           10      292.53
send-256  0           13      289.99
send-1024 0            1     1148.55
send-1024 0            4     1153.06
send-1024 0            7     1136.52
send-1024 0           10     1143.36
send-1024 0           13     1135.82
send-2048 0            1     2183.33
send-2048 0            4     2173.97
send-2048 0            7     2201.62
send-2048 0           10     2242.95
send-2048 0           13     2230.21
send-3312 0            1     3498.28
send-3312 0            4     3528.01
send-3312 0            7     3525.22
send-3312 0           10     3488.74
send-3312 0           13     3532.15
send-4096 0            1     4303.95
send-4096 0            4     4331.67
send-4096 0            7     4300.05
send-4096 0           10     4302.73
send-4096 0           13     4202.24
send-8192 0            1     8212.22
send-8192 0            4     8247.96
send-8192 0            7     7953.99
send-8192 0           10     8190.89
send-8192 0           13     8123.69
send-163840            1    14653.34
send-163840            4    14309.28
send-163840            7    14720.13
send-163840           10    14907.05
send-163840           13    14923.74
recv-64   0            2       52.01
recv-64   0            5       52.06
recv-64   0            8       51.92
recv-64   0           11       50.78
recv-64   0           14       51.99
recv-128  0            2      104.48
recv-128  0            5      106.52
recv-128  0            8      101.53
recv-128  0           11      102.15
recv-128  0           14      103.15
recv-256  0            2      198.71
recv-256  0            5      204.14
recv-256  0            8      205.43
recv-256  0           11      211.35
recv-256  0           14      208.43
recv-1024 0            2      827.92
recv-1024 0            5      837.42
recv-1024 0            8      828.43
recv-1024 0           11      835.74
recv-1024 0           14      832.98
recv-2048 0            2     1582.79
recv-2048 0            5     1582.71
recv-2048 0            8     1614.41
recv-2048 0           11     1648.29
recv-2048 0           14     1633.99
recv-3312 0            2     2582.37
recv-3312 0            5     2610.05
recv-3312 0            8     2552.33
recv-3312 0           11     2609.98
recv-3312 0           14     2596.44
recv-4096 0            2     3174.98
recv-4096 0            5     3254.18
recv-4096 0            8     3202.04
recv-4096 0           11     3207.63
recv-4096 0           14     3144.34
recv-8192 0            2     6184.55
recv-8192 0            5     6027.21
recv-8192 0            8     5964.50
recv-8192 0           11     6057.13
recv-8192 0           14     6123.22
recv-163840            2    11026.62
recv-163840            5    10473.23
recv-163840            8    11111.05
recv-163840           11    11666.68
recv-163840           14    11446.63
loss-64   0            3       20.98
loss-64   0            6       19.97
loss-64   0            9       20.51
loss-64   0           12       19.82
loss-64   0           15       20.70
loss-128  0            3       40.54
loss-128  0            6       42.02
loss-128  0            9       38.75
loss-128  0           12       40.47
loss-128  0           15       40.85
loss-256  0            3       81.20
loss-256  0            6       77.23
loss-256  0            9       75.62
loss-256  0           12       81.18
loss-256  0           15       81.56
loss-1024 0            3      320.63
loss-1024 0            6      315.64
loss-1024 0            9      308.09
loss-1024 0           12      307.62
loss-1024 0           15      302.84
loss-2048 0            3      600.54
loss-2048 0            6      591.26
loss-2048 0            9      587.21
loss-2048 0           12      594.66
loss-2048 0           15      596.22
loss-3312 0            3      915.91
loss-3312 0            6      917.96
loss-3312 0            9      972.89
loss-3312 0           12      878.76
loss-3312 0           15      935.71
loss-4096 0            3     1128.97
loss-4096 0            6     1077.49
loss-4096 0            9     1098.01
loss-4096 0           12     1095.10
loss-4096 0           15     1057.90
loss-8192 0            3     2027.67
loss-8192 0            6     2220.75
loss-8192 0            9     1989.49
loss-8192 0           12     2133.76
loss-8192 0           15     2000.47
loss-163840            3     3626.72
loss-163840            6     3836.05
loss-163840            9     3609.08
loss-163840           12     3240.37
loss-163840           15     3477.11
