   Operation      Sample     Latency
10-i1-d0   0            1  2171023.80
10-i1-d0   0            2  2030835.40
10-i1-d0   0            3  2157762.20
10-i128-d0 0            1  1095006.00
10-i128-d0 0            2  1092239.20
10-i128-d0 0            3  1100666.20
10-i16-d0  0            1  2530271.40
10-i16-d0  0            2  2503846.20
10-i16-d0  0            3  2542321.80
10-i2-d0   0            1  2724415.20
10-i2-d0   0            2  2757412.40
10-i2-d0   0            3  2703578.20
10-i32-d0  0            1  1832460.20
10-i32-d0  0            2  1844836.20
10-i32-d0  0            3  1839712.80
10-i4-d0   0            1  3715668.60
10-i4-d0   0            2  3760342.80
10-i4-d0   0            3  3727824.20
10-i64-d0  0            1  1337077.20
10-i64-d0  0            2  1328917.40
10-i64-d0  0            3  1324373.60
10-i8-d0   0            1  3041311.40
10-i8-d0   0            2  3020114.00
10-i8-d0   0            3  3036863.80
100-i1-d0  0            1  6207125.80
100-i1-d0  0            2  5896846.40
100-i1-d0  0            3  6146262.40
100-i128-d00            1  5032576.60
100-i128-d00            2  5221235.80
100-i128-d00            3  4994876.40
100-i16-d0 0            1  4889093.20
100-i16-d0 0            2  4857311.40
100-i16-d0 0            3  4747569.00
100-i2-d0  0            1  4586167.20
100-i2-d0  0            2  4671102.60
100-i2-d0  0            3  4368007.80
100-i32-d0 0            1  4558303.80
100-i32-d0 0            2  4535337.00
100-i32-d0 0            3  4508681.20
100-i4-d0  0            1  4450090.60
100-i4-d0  0            2  4460426.20
100-i4-d0  0            3  4310986.00
100-i64-d0 0            1  4410736.00
100-i64-d0 0            2  4355355.60
100-i64-d0 0            3  4391136.00
100-i8-d0  0            1  4848017.40
100-i8-d0  0            2  4876153.60
100-i8-d0  0            3  4756560.20
120-i1-d0  0            1  5369627.40
120-i1-d0  0            2  5424321.00
120-i1-d0  0            3  5385131.80
120-i128-d00            1  4651026.00
120-i128-d00            2  4736395.40
120-i128-d00            3  4625959.20
120-i16-d0 0            1  4573390.80
120-i16-d0 0            2  4552538.80
120-i16-d0 0            3  4429165.80
120-i2-d0  0            1  4395584.40
120-i2-d0  0            2  4491182.80
120-i2-d0  0            3  4203210.80
120-i32-d0 0            1  4336205.00
120-i32-d0 0            2  4303501.20
120-i32-d0 0            3  4333040.00
120-i4-d0  0            1  4123027.40
120-i4-d0  0            2  4139810.00
120-i4-d0  0            3  4038519.00
120-i64-d0 0            1  4304964.00
120-i64-d0 0            2  4269880.80
120-i64-d0 0            3  4248731.40
120-i8-d0  0            1  4544511.40
120-i8-d0  0            2  4601074.00
120-i8-d0  0            3  4462252.60
14-i1-d0   0            1  2542214.80
14-i1-d0   0            2  2705463.40
14-i1-d0   0            3  2609274.80
14-i128-d0 0            1  1218058.20
14-i128-d0 0            2  1207886.00
14-i128-d0 0            3  1211873.00
14-i16-d0  0            1  3183905.60
14-i16-d0  0            2  3123923.00
14-i16-d0  0            3  3118094.20
14-i2-d0   0            1  4060740.80
14-i2-d0   0            2  3948500.80
14-i2-d0   0            3  3920125.00
14-i32-d0  0            1  2184239.60
14-i32-d0  0            2  2158300.60
14-i32-d0  0            3  2197722.00
14-i4-d0   0            1  5082121.20
14-i4-d0   0            2  4984358.80
14-i4-d0   0            3  4913417.80
14-i64-d0  0            1  1492115.40
14-i64-d0  0            2  1509988.80
14-i64-d0  0            3  1511766.40
14-i8-d0   0            1  3980511.00
14-i8-d0   0            2  3930953.80
14-i8-d0   0            3  3953959.60
146-i1-d0  0            1  4877551.60
146-i1-d0  0            2  4619632.80
146-i1-d0  0            3  4554049.60
146-i128-d00            1  4506012.40
146-i128-d00            2  4704766.60
146-i128-d00            3  4253668.40
146-i16-d0 0            1  4295465.60
146-i16-d0 0            2  4281451.80
146-i16-d0 0            3  4226864.60
146-i2-d0  0            1  4184656.00
146-i2-d0  0            2  4242689.20
146-i2-d0  0            3  4125385.00
146-i32-d0 0            1  4182829.20
146-i32-d0 0            2  4216907.20
146-i32-d0 0            3  4078771.80
146-i64-d0 0            1  4168712.20
146-i64-d0 0            2  4148176.60
146-i64-d0 0            3  4108586.60
146-i8-d0  0            1  4367477.60
146-i8-d0  0            2  4379463.60
146-i8-d0  0            3  4274894.00
16-i1-d0   0            1  2802749.60
16-i1-d0   0            2  2813481.60
16-i1-d0   0            3  2893741.20
16-i128-d0 0            1  1261270.80
16-i128-d0 0            2  1261174.40
16-i128-d0 0            3  1257394.60
16-i16-d0  0            1  3480243.80
16-i16-d0  0            2  3450922.80
16-i16-d0  0            3  3448834.40
16-i2-d0   0            1  4250989.20
16-i2-d0   0            2  4311530.80
16-i2-d0   0            3  4324514.80
16-i32-d0  0            1  2340414.00
16-i32-d0  0            2  2349633.80
16-i32-d0  0            3  2369833.60
16-i4-d0   0            1  6229855.40
16-i4-d0   0            2  6321329.80
16-i4-d0   0            3  6251455.20
16-i64-d0  0            1  1582639.20
16-i64-d0  0            2  1580397.40
16-i64-d0  0            3  1588480.00
16-i8-d0   0            1  4583314.00
16-i8-d0   0            2  4538116.80
16-i8-d0   0            3  4578387.00
160-i1-d0  0            1  4617807.40
160-i1-d0  0            2  4706228.60
160-i1-d0  0            3  4621205.60
160-i128-d00            1  4552892.20
160-i128-d00            2  4554121.00
160-i128-d00            3  4527465.80
160-i16-d0 0            1  4163432.80
160-i16-d0 0            2  4175762.40
160-i16-d0 0            3  4098683.20
160-i2-d0  0            1  4203085.40
160-i2-d0  0            2  4183705.80
160-i2-d0  0            3  3999817.80
160-i32-d0 0            1  4111976.20
160-i32-d0 0            2  4075735.40
160-i32-d0 0            3  4015886.00
160-i64-d0 0            1  4044809.20
160-i64-d0 0            2  4059515.60
160-i64-d0 0            3  3968753.20
160-i8-d0  0            1  4264615.80
160-i8-d0  0            2  4269632.40
160-i8-d0  0            3  4166162.40
2-i1-d0    0            1   929529.60
2-i1-d0    0            2   724580.60
2-i1-d0    0            3   747281.40
2-i128-d0  0            1   383538.40
2-i128-d0  0            2   383265.00
2-i128-d0  0            3   385981.40
2-i16-d0   0            1   784468.80
2-i16-d0   0            2   814677.40
2-i16-d0   0            3   831120.80
2-i2-d0    0            1   763315.40
2-i2-d0    0            2   738581.40
2-i2-d0    0            3   747258.40
2-i32-d0   0            1   797803.40
2-i32-d0   0            2   794682.20
2-i32-d0   0            3   793221.60
2-i4-d0    0            1   753207.20
2-i4-d0    0            2   738546.60
2-i4-d0    0            3   736059.00
2-i64-d0   0            1   448188.20
2-i64-d0   0            2   444784.00
2-i64-d0   0            3   439934.00
2-i8-d0    0            1   798295.80
2-i8-d0    0            2   805733.60
2-i8-d0    0            3   796583.20
20-i1-d0   0            1  3860849.00
20-i1-d0   0            2  3766161.40
20-i1-d0   0            3  3895679.60
20-i128-d0 0            1  1865543.00
20-i128-d0 0            2  1859947.40
20-i128-d0 0            3  1850365.60
20-i16-d0  0            1  3945673.40
20-i16-d0  0            2  3915156.80
20-i16-d0  0            3  3948101.80
20-i2-d0   0            1  5232301.20
20-i2-d0   0            2  5175380.80
20-i2-d0   0            3  5198475.60
20-i32-d0  0            1  2471599.00
20-i32-d0  0            2  2484556.80
20-i32-d0  0            3  2479292.20
20-i4-d0   0            1  6575994.40
20-i4-d0   0            2  6450759.60
20-i4-d0   0            3  6574798.60
20-i64-d0  0            1  1671360.80
20-i64-d0  0            2  1665540.60
20-i64-d0  0            3  1674456.00
20-i8-d0   0            1  5239184.80
20-i8-d0   0            2  5234682.40
20-i8-d0   0            3  5276494.20
26-i1-d0   0            1  5172894.80
26-i1-d0   0            2  5346641.80
26-i1-d0   0            3  5279772.20
26-i128-d0 0            1  2227925.80
26-i128-d0 0            2  2255762.40
26-i128-d0 0            3  2248083.20
26-i16-d0  0            1  4534872.20
26-i16-d0  0            2  4494357.20
26-i16-d0  0            3  4514355.80
26-i2-d0   0            1  7864851.80
26-i2-d0   0            2  8034892.20
26-i2-d0   0            3  7248388.00
26-i32-d0  0            1  2716485.80
26-i32-d0  0            2  2645505.00
26-i32-d0  0            3  2656225.80
26-i4-d0   0            1  8021456.60
26-i4-d0   0            2  8332202.00
26-i4-d0   0            3  8110118.40
26-i64-d0  0            1  2151682.00
26-i64-d0  0            2  2139579.80
26-i64-d0  0            3  2167443.80
26-i8-d0   0            1  6126579.40
26-i8-d0   0            2  6169192.60
26-i8-d0   0            3  6147958.60
32-i1-d0   0            1  5302965.20
32-i1-d0   0            2  5351678.80
32-i1-d0   0            3  5372348.00
32-i128-d0 0            1  2354787.40
32-i128-d0 0            2  2340044.20
32-i128-d0 0            3  2314485.20
32-i16-d0  0            1  4796434.80
32-i16-d0  0            2  4769884.80
32-i16-d0  0            3  4735833.80
32-i2-d0   0            1  6927057.40
32-i2-d0   0            2  6813186.20
32-i2-d0   0            3  6786795.60
32-i32-d0  0            1  2870702.60
32-i32-d0  0            2  2783011.80
32-i32-d0  0            3  2802606.80
32-i4-d0   0            1  8446811.20
32-i4-d0   0            2  8616263.60
32-i4-d0   0            3  8096082.00
32-i64-d0  0            1  2778592.80
32-i64-d0  0            2  2826519.00
32-i64-d0  0            3  2824135.80
32-i8-d0   0            1  6717950.60
32-i8-d0   0            2  6874249.00
32-i8-d0   0            3  6690329.00
38-i1-d0   0            1  6416528.60
38-i1-d0   0            2  6388942.40
38-i1-d0   0            3  6323363.80
38-i128-d0 0            1  3093243.80
38-i128-d0 0            2  3094762.00
38-i128-d0 0            3  3117579.60
38-i16-d0  0            1  4908841.00
38-i16-d0  0            2  4797107.60
38-i16-d0  0            3  4933172.40
38-i2-d0   0            1  8031808.60
38-i2-d0   0            2  8026710.80
38-i2-d0   0            3  7943935.40
38-i32-d0  0            1  2872593.40
38-i32-d0  0            2  2816643.80
38-i32-d0  0            3  2896908.80
38-i4-d0   0            1  7602933.60
38-i4-d0   0            2  7478539.80
38-i4-d0   0            3  6824508.20
38-i64-d0  0            1  3080434.60
38-i64-d0  0            2  3061888.00
38-i64-d0  0            3  3073515.00
38-i8-d0   0            1  6968002.00
38-i8-d0   0            2  7035948.00
38-i8-d0   0            3  6833749.60
4-i1-d0    0            1  1288431.20
4-i1-d0    0            2  1321373.60
4-i1-d0    0            3  1214473.60
4-i128-d0  0            1   659892.00
4-i128-d0  0            2   671157.20
4-i128-d0  0            3   663986.00
4-i16-d0   0            1  1118980.00
4-i16-d0   0            2  1109395.20
4-i16-d0   0            3  1106087.60
4-i2-d0    0            1  1174316.80
4-i2-d0    0            2  1207202.80
4-i2-d0    0            3  1196034.80
4-i32-d0   0            1  1004332.40
4-i32-d0   0            2  1030423.40
4-i32-d0   0            3   988322.40
4-i4-d0    0            1  1529544.40
4-i4-d0    0            2  1549243.80
4-i4-d0    0            3  1536115.60
4-i64-d0   0            1   739030.40
4-i64-d0   0            2   734279.20
4-i64-d0   0            3   737404.40
4-i8-d0    0            1  1419910.20
4-i8-d0    0            2  1416536.40
4-i8-d0    0            3  1381295.20
46-i1-d0   0            1  6816098.20
46-i1-d0   0            2  7030607.20
46-i1-d0   0            3  7287671.20
46-i128-d0 0            1  3305286.00
46-i128-d0 0            2  3324638.00
46-i128-d0 0            3  3300035.80
46-i16-d0  0            1  5031114.00
46-i16-d0  0            2  4938102.40
46-i16-d0  0            3  5073660.00
46-i2-d0   0            1  7810964.40
46-i2-d0   0            2  7284276.60
46-i2-d0   0            3  7611966.80
46-i32-d0  0            1  3728179.40
46-i32-d0  0            2  3776514.20
46-i32-d0  0            3  3707152.80
46-i4-d0   0            1  6649308.00
46-i4-d0   0            2  6580828.40
46-i4-d0   0            3  5775500.80
46-i64-d0  0            1  3232351.00
46-i64-d0  0            2  3189177.20
46-i64-d0  0            3  3227856.00
46-i8-d0   0            1  6606917.40
46-i8-d0   0            2  6654179.00
46-i8-d0   0            3  6429404.60
56-i1-d0   0            1  7752252.40
56-i1-d0   0            2  7846620.60
56-i1-d0   0            3  7795410.00
56-i128-d0 0            1  4019884.60
56-i128-d0 0            2  4056165.40
56-i128-d0 0            3  4042618.00
56-i16-d0  0            1  4820003.80
56-i16-d0  0            2  4873804.40
56-i16-d0  0            3  4872079.80
56-i2-d0   0            1  6894051.40
56-i2-d0   0            2  6804001.60
56-i2-d0   0            3  6362496.00
56-i32-d0  0            1  4345783.20
56-i32-d0  0            2  4345958.80
56-i32-d0  0            3  4335399.00
56-i4-d0   0            1  5858531.60
56-i4-d0   0            2  5864126.40
56-i4-d0   0            3  5252809.60
56-i64-d0  0            1  3998367.60
56-i64-d0  0            2  3947829.60
56-i64-d0  0            3  4000214.40
56-i8-d0   0            1  6247087.40
56-i8-d0   0            2  6258826.00
56-i8-d0   0            3  5947839.40
6-i1-d0    0            1  1430523.80
6-i1-d0    0            2  1331005.20
6-i1-d0    0            3  1237100.20
6-i128-d0  0            1   858449.80
6-i128-d0  0            2   857877.80
6-i128-d0  0            3   872201.40
6-i16-d0   0            1  1459608.40
6-i16-d0   0            2  1496488.60
6-i16-d0   0            3  1497991.40
6-i2-d0    0            1  2636492.40
6-i2-d0    0            2  2849691.80
6-i2-d0    0            3  2660191.60
6-i32-d0   0            1  1337597.60
6-i32-d0   0            2  1358358.20
6-i32-d0   0            3  1374130.80
6-i4-d0    0            1  3239402.60
6-i4-d0    0            2  3016596.40
6-i4-d0    0            3  3336879.20
6-i64-d0   0            1  1063927.20
6-i64-d0   0            2  1053597.60
6-i64-d0   0            3  1066422.80
6-i8-d0    0            1  1820296.00
6-i8-d0    0            2  1853512.00
6-i8-d0    0            3  1811516.00
68-i1-d0   0            1  8273765.60
68-i1-d0   0            2  8626067.40
68-i1-d0   0            3  8288019.40
68-i128-d0 0            1  4598817.00
68-i128-d0 0            2  4805844.60
68-i128-d0 0            3  4631990.60
68-i16-d0  0            1  4879706.20
68-i16-d0  0            2  4804027.00
68-i16-d0  0            3  4887382.00
68-i2-d0   0            1  5867811.20
68-i2-d0   0            2  5782245.40
68-i2-d0   0            3  5339543.40
68-i32-d0  0            1  4478464.60
68-i32-d0  0            2  4456589.60
68-i32-d0  0            3  4571943.60
68-i4-d0   0            1  5267871.80
68-i4-d0   0            2  5299541.60
68-i4-d0   0            3  4811978.40
68-i64-d0  0            1  4137145.00
68-i64-d0  0            2  4140272.80
68-i64-d0  0            3  4127177.00
68-i8-d0   0            1  5697120.60
68-i8-d0   0            2  5681789.20
68-i8-d0   0            3  5447241.80
8-i1-d0    0            1  1496738.00
8-i1-d0    0            2  1647381.60
8-i1-d0    0            3  1583153.40
8-i128-d0  0            1  1002705.00
8-i128-d0  0            2   990924.00
8-i128-d0  0            3  1006515.20
8-i16-d0   0            1  2030511.00
8-i16-d0   0            2  2003863.20
8-i16-d0   0            3  2022022.80
8-i2-d0    0            1  2244483.60
8-i2-d0    0            2  2341635.60
8-i2-d0    0            3  2277826.80
8-i32-d0   0            1  1529547.80
8-i32-d0   0            2  1532312.20
8-i32-d0   0            3  1513040.00
8-i4-d0    0            1  2955798.20
8-i4-d0    0            2  2997762.60
8-i4-d0    0            3  2952548.40
8-i64-d0   0            1  1185512.00
8-i64-d0   0            2  1190795.00
8-i64-d0   0            3  1186171.80
8-i8-d0    0            1  2396933.80
8-i8-d0    0            2  2448324.60
8-i8-d0    0            3  2465328.60
82-i1-d0   0            1  7346541.80
82-i1-d0   0            2  6881133.60
82-i1-d0   0            3  6888227.40
82-i128-d0 0            1  4977603.80
82-i128-d0 0            2  5039036.60
82-i128-d0 0            3  4951444.60
82-i16-d0  0            1  4932109.20
82-i16-d0  0            2  4917545.80
82-i16-d0  0            3  4972576.80
82-i2-d0   0            1  5000929.80
82-i2-d0   0            2  4902135.00
82-i2-d0   0            3  4636490.80
82-i32-d0  0            1  4474291.00
82-i32-d0  0            2  4526786.00
82-i32-d0  0            3  4519163.60
82-i4-d0   0            1  4789928.60
82-i4-d0   0            2  4769768.40
82-i4-d0   0            3  4584455.60
82-i64-d0  0            1  4494816.00
82-i64-d0  0            2  4465752.20
82-i64-d0  0            3  4546555.40
82-i8-d0   0            1  5166096.20
82-i8-d0   0            2  5211489.20
82-i8-d0   0            3  4951509.60
   Operation      Sample     Latency
1-i1-d0       0            1  1440135.00
1-i1-d0       0            2  1466195.80
1-i1-d0       0            3  1468354.00
1-i128-d0     0            1  1455450.80
1-i128-d0     0            2  1457600.00
1-i128-d0     0            3  1455170.40
1-i16-d0      0            1  1452212.60
1-i16-d0      0            2  1467552.40
1-i16-d0      0            3  1458810.80
1-i2-d0       0            1  1455770.00
1-i2-d0       0            2  1452394.60
1-i2-d0       0            3  1454819.00
1-i32-d0      0            1  1459744.60
1-i32-d0      0            2  1456618.80
1-i32-d0      0            3  1451080.40
1-i4-d0       0            1  1464053.40
1-i4-d0       0            2  1455110.00
1-i4-d0       0            3  1456906.80
1-i64-d0      0            1  1454672.00
1-i64-d0      0            2  1458125.80
1-i64-d0      0            3  1453785.40
1-i8-d0       0            1  1454886.20
1-i8-d0       0            2  1457784.60
1-i8-d0       0            3  1453841.80
100-i1-d0     0            1 40568355.60
100-i1-d0     0            2 40660869.80
100-i1-d0     0            3 40637349.20
100-i128-d0   0            1 39763103.00
100-i128-d0   0            2 39848283.00
100-i128-d0   0            3 39803948.60
100-i16-d0    0            1 51191836.00
100-i16-d0    0            2 50930980.00
100-i16-d0    0            3 51136739.40
100-i2-d0     0            1 60456658.60
100-i2-d0     0            2 60481113.40
100-i2-d0     0            3 60376057.60
100-i32-d0    0            1 44666793.00
100-i32-d0    0            2 44441848.20
100-i32-d0    0            3 44324647.60
100-i4-d0     0            1 58806916.60
100-i4-d0     0            2 58735038.20
100-i4-d0     0            3 58748359.00
100-i64-d0    0            1 40332822.00
100-i64-d0    0            2 40379043.60
100-i64-d0    0            3 40267745.80
100-i8-d0     0            1 54159244.40
100-i8-d0     0            2 54094817.80
100-i8-d0     0            3 54127174.80
11-i1-d0      0            1  5733763.80
11-i1-d0      0            2  5741973.40
11-i1-d0      0            3  5745685.40
11-i128-d0    0            1  5334376.80
11-i128-d0    0            2  5475348.40
11-i128-d0    0            3  5369118.00
11-i16-d0     0            1 10363016.20
11-i16-d0     0            2 10302285.20
11-i16-d0     0            3 10328582.60
11-i2-d0      0            1  8448609.60
11-i2-d0      0            2  8422262.80
11-i2-d0      0            3  8418644.60
11-i32-d0     0            1  9091697.40
11-i32-d0     0            2  9188476.80
11-i32-d0     0            3  9159299.40
11-i4-d0      0            1 10743974.00
11-i4-d0      0            2 10528330.20
11-i4-d0      0            3 10552107.40
11-i64-d0     0            1  6747008.40
11-i64-d0     0            2  6864592.00
11-i64-d0     0            3  6926156.40
11-i8-d0      0            1 11259643.00
11-i8-d0      0            2 11269358.60
11-i8-d0      0            3 11267253.20
121-i1-d0     0            1 48496574.60
121-i1-d0     0            2 48582123.60
121-i1-d0     0            3 48685011.20
121-i128-d0   0            1 47203574.40
121-i128-d0   0            2 47217395.00
121-i128-d0   0            3 47471898.80
121-i16-d0    0            1 59075559.60
121-i16-d0    0            2 59075454.00
121-i16-d0    0            3 59007946.00
121-i2-d0     0            1 61260060.00
121-i2-d0     0            2 61244823.40
121-i2-d0     0            3 61195108.40
121-i32-d0    0            1 46345683.00
121-i32-d0    0            2 46440037.40
121-i32-d0    0            3 46133030.00
121-i4-d0     0            1 59336198.00
121-i4-d0     0            2 59608581.00
121-i4-d0     0            3 59533749.80
121-i64-d0    0            1 47799522.80
121-i64-d0    0            2 48056857.40
121-i64-d0    0            3 47931738.40
121-i8-d0     0            1 57981588.20
121-i8-d0     0            2 58261856.20
121-i8-d0     0            3 58205788.80
14-i1-d0      0            1  6293201.80
14-i1-d0      0            2  6294336.80
14-i1-d0      0            3  6308617.80
14-i128-d0    0            1  5720103.00
14-i128-d0    0            2  5780022.60
14-i128-d0    0            3  5776901.80
14-i16-d0     0            1 12503871.00
14-i16-d0     0            2 12561239.40
14-i16-d0     0            3 12542423.20
14-i2-d0      0            1 11228652.80
14-i2-d0      0            2 11168222.80
14-i2-d0      0            3 11179705.40
14-i32-d0     0            1 10432106.20
14-i32-d0     0            2 10427638.20
14-i32-d0     0            3 10379665.40
14-i4-d0      0            1 14121286.80
14-i4-d0      0            2 14210794.60
14-i4-d0      0            3 14076843.40
14-i64-d0     0            1  7340148.40
14-i64-d0     0            2  7326643.40
14-i64-d0     0            3  7400444.80
14-i8-d0      0            1 14202562.20
14-i8-d0      0            2 14594691.80
14-i8-d0      0            3 14602852.40
146-i1-d0     0            1 58984332.00
146-i1-d0     0            2 59076057.00
146-i1-d0     0            3 59115949.80
146-i128-d0   0            1 57973622.80
146-i128-d0   0            2 57970174.60
146-i128-d0   0            3 57931436.80
146-i16-d0    0            1 59916216.00
146-i16-d0    0            2 60027547.00
146-i16-d0    0            3 60027473.40
146-i2-d0     0            1 62446655.00
146-i2-d0     0            2 62442630.40
146-i2-d0     0            3 62465592.20
146-i32-d0    0            1 59631691.80
146-i32-d0    0            2 59477879.60
146-i32-d0    0            3 59387382.20
146-i4-d0     0            1 61155600.40
146-i4-d0     0            2 61212077.20
146-i4-d0     0            3 61290796.00
146-i64-d0    0            1 56905337.20
146-i64-d0    0            2 56966811.40
146-i64-d0    0            3 57087370.80
146-i8-d0     0            1 60075534.00
146-i8-d0     0            2 60127215.60
146-i8-d0     0            3 60275711.60
160-i1-d0     0            1 63487747.40
160-i1-d0     0            2 63234965.60
160-i1-d0     0            3 63426928.40
160-i128-d0   0            1 62311656.00
160-i128-d0   0            2 62193227.00
160-i128-d0   0            3 62368696.80
160-i16-d0    0            1 61040865.00
160-i16-d0    0            2 61020009.00
160-i16-d0    0            3 61106834.20
160-i2-d0     0            1 63069367.40
160-i2-d0     0            2 63119055.00
160-i2-d0     0            3 63233700.20
160-i32-d0    0            1 60732852.80
160-i32-d0    0            2 60805587.60
160-i32-d0    0            3 60899523.40
160-i4-d0     0            1 62341813.80
160-i4-d0     0            2 62210021.80
160-i4-d0     0            3 62244373.40
160-i64-d0    0            1 61123682.60
160-i64-d0    0            2 61259243.80
160-i64-d0    0            3 61072131.40
160-i8-d0     0            1 61215232.60
160-i8-d0     0            2 61234306.40
160-i8-d0     0            3 61255075.80
17-i1-d0      0            1  7748405.20
17-i1-d0      0            2  7735055.20
17-i1-d0      0            3  7742367.60
17-i128-d0    0            1  6585517.60
17-i128-d0    0            2  6553437.40
17-i128-d0    0            3  6603168.00
17-i16-d0     0            1 15069752.20
17-i16-d0     0            2 15193958.60
17-i16-d0     0            3 15057373.80
17-i2-d0      0            1 13181655.20
17-i2-d0      0            2 13166954.40
17-i2-d0      0            3 13201114.00
17-i32-d0     0            1 11529117.40
17-i32-d0     0            2 11480600.20
17-i32-d0     0            3 11487390.60
17-i4-d0      0            1 17064355.40
17-i4-d0      0            2 16919879.80
17-i4-d0      0            3 16900397.00
17-i64-d0     0            1  7865718.60
17-i64-d0     0            2  7837570.60
17-i64-d0     0            3  7883884.80
17-i8-d0      0            1 18394493.40
17-i8-d0      0            2 18389582.00
17-i8-d0      0            3 18411908.40
2-i1-d0       0            1  2273258.40
2-i1-d0       0            2  2264234.60
2-i1-d0       0            3  2262869.00
2-i128-d0     0            1  2164978.20
2-i128-d0     0            2  2184887.00
2-i128-d0     0            3  2152463.60
2-i16-d0      0            1  2596288.80
2-i16-d0      0            2  2579358.40
2-i16-d0      0            3  2566124.80
2-i2-d0       0            1  2248955.20
2-i2-d0       0            2  2279920.20
2-i2-d0       0            3  2259789.00
2-i32-d0      0            1  2550098.40
2-i32-d0      0            2  2530302.20
2-i32-d0      0            3  2581593.00
2-i4-d0       0            1  2265216.00
2-i4-d0       0            2  2238695.60
2-i4-d0       0            3  2235480.00
2-i64-d0      0            1  2315277.00
2-i64-d0      0            2  2300969.80
2-i64-d0      0            3  2305171.00
2-i8-d0       0            1  2510084.20
2-i8-d0       0            2  2566825.00
2-i8-d0       0            3  2600373.60
21-i1-d0      0            1  9358548.80
21-i1-d0      0            2  9312421.00
21-i1-d0      0            3  9320715.80
21-i128-d0    0            1  9971294.60
21-i128-d0    0            2 10036337.80
21-i128-d0    0            3  9986899.60
21-i16-d0     0            1 18939934.20
21-i16-d0     0            2 19181745.80
21-i16-d0     0            3 19199392.40
21-i2-d0      0            1 14960838.60
21-i2-d0      0            2 15058772.80
21-i2-d0      0            3 14912468.20
21-i32-d0     0            1 12706423.40
21-i32-d0     0            2 12820714.60
21-i32-d0     0            3 12820810.00
21-i4-d0      0            1 21102001.60
21-i4-d0      0            2 21143987.00
21-i4-d0      0            3 21135671.40
21-i64-d0     0            1  8176962.60
21-i64-d0     0            2  8276129.40
21-i64-d0     0            3  8253231.60
21-i8-d0      0            1 23137272.00
21-i8-d0      0            2 23088346.00
21-i8-d0      0            3 23126001.20
26-i1-d0      0            1 11878793.40
26-i1-d0      0            2 11840319.80
26-i1-d0      0            3 11883023.60
26-i128-d0    0            1 11041128.40
26-i128-d0    0            2 11089949.40
26-i128-d0    0            3 11167343.20
26-i16-d0     0            1 21238237.40
26-i16-d0     0            2 21201999.00
26-i16-d0     0            3 21115844.00
26-i2-d0      0            1 19473967.20
26-i2-d0      0            2 19407910.80
26-i2-d0      0            3 19434665.40
26-i32-d0     0            1 13042069.00
26-i32-d0     0            2 13077701.00
26-i32-d0     0            3 13079274.20
26-i4-d0      0            1 26861751.20
26-i4-d0      0            2 26841606.20
26-i4-d0      0            3 26842545.80
26-i64-d0     0            1 10347974.80
26-i64-d0     0            2 10367219.00
26-i64-d0     0            3 10388999.40
26-i8-d0      0            1 25970298.20
26-i8-d0      0            2 26006187.60
26-i8-d0      0            3 25954459.40
3-i1-d0       0            1  2598606.40
3-i1-d0       0            2  2610753.20
3-i1-d0       0            3  2592517.20
3-i128-d0     0            1  2854393.40
3-i128-d0     0            2  3038686.40
3-i128-d0     0            3  2985011.20
3-i16-d0      0            1  3902369.80
3-i16-d0      0            2  3932870.00
3-i16-d0      0            3  3887445.20
3-i2-d0       0            1  2584617.20
3-i2-d0       0            2  2603461.20
3-i2-d0       0            3  2603652.80
3-i32-d0      0            1  3343235.40
3-i32-d0      0            2  3354909.20
3-i32-d0      0            3  3318805.80
3-i4-d0       0            1  3405393.80
3-i4-d0       0            2  3375833.40
3-i4-d0       0            3  3371122.60
3-i64-d0      0            1  2974356.20
3-i64-d0      0            2  2965158.40
3-i64-d0      0            3  2974490.20
3-i8-d0       0            1  3941123.80
3-i8-d0       0            2  3899567.60
3-i8-d0       0            3  3941846.20
32-i1-d0      0            1 12888241.00
32-i1-d0      0            2 12896900.60
32-i1-d0      0            3 12896402.00
32-i128-d0    0            1 11718908.00
32-i128-d0    0            2 11715374.40
32-i128-d0    0            3 11722587.60
32-i16-d0     0            1 23082693.60
32-i16-d0     0            2 23080068.80
32-i16-d0     0            3 23042521.60
32-i2-d0      0            1 23391404.80
32-i2-d0      0            2 23204241.40
32-i2-d0      0            3 23302047.60
32-i32-d0     0            1 14015426.20
32-i32-d0     0            2 14019098.00
32-i32-d0     0            3 13958844.20
32-i4-d0      0            1 33448883.60
32-i4-d0      0            2 33234850.40
32-i4-d0      0            3 33343511.40
32-i64-d0     0            1 15216739.20
32-i64-d0     0            2 15197126.20
32-i64-d0     0            3 15191755.60
32-i8-d0      0            1 31274001.40
32-i8-d0      0            2 31238142.00
32-i8-d0      0            3 31200564.80
39-i1-d0      0            1 16065533.40
39-i1-d0      0            2 16033526.80
39-i1-d0      0            3 16088937.20
39-i128-d0    0            1 16983682.20
39-i128-d0    0            2 17018324.60
39-i128-d0    0            3 16980711.60
39-i16-d0     0            1 26598198.20
39-i16-d0     0            2 26612643.40
39-i16-d0     0            3 26634410.60
39-i2-d0      0            1 28696243.60
39-i2-d0      0            2 28671715.60
39-i2-d0      0            3 28766212.20
39-i32-d0     0            1 14401479.80
39-i32-d0     0            2 14488759.80
39-i32-d0     0            3 14491100.20
39-i4-d0      0            1 40945803.20
39-i4-d0      0            2 40638351.80
39-i4-d0      0            3 40697091.00
39-i64-d0     0            1 16594677.60
39-i64-d0     0            2 16683911.80
39-i64-d0     0            3 16674126.00
39-i8-d0      0            1 38417374.60
39-i8-d0      0            2 38307560.60
39-i8-d0      0            3 38367961.80
4-i1-d0       0            1  3079169.40
4-i1-d0       0            2  3081928.60
4-i1-d0       0            3  3067357.60
4-i128-d0     0            1  3647229.20
4-i128-d0     0            2  3518731.20
4-i128-d0     0            3  3488089.60
4-i16-d0      0            1  4419672.00
4-i16-d0      0            2  4494774.40
4-i16-d0      0            3  4364601.80
4-i2-d0       0            1  3071254.40
4-i2-d0       0            2  3061948.40
4-i2-d0       0            3  3066607.60
4-i32-d0      0            1  3843943.60
4-i32-d0      0            2  3954946.40
4-i32-d0      0            3  3965319.40
4-i4-d0       0            1  4253372.60
4-i4-d0       0            2  4196857.20
4-i4-d0       0            3  4194875.00
4-i64-d0      0            1  3648990.60
4-i64-d0      0            2  3511483.80
4-i64-d0      0            3  3491311.40
4-i8-d0       0            1  5218031.00
4-i8-d0       0            2  5201807.80
4-i8-d0       0            3  5194357.80
47-i1-d0      0            1 18793174.00
47-i1-d0      0            2 18697168.80
47-i1-d0      0            3 18714894.00
47-i128-d0    0            1 17778103.40
47-i128-d0    0            2 17816396.00
47-i128-d0    0            3 17787223.00
47-i16-d0     0            1 27005271.00
47-i16-d0     0            2 26910587.00
47-i16-d0     0            3 26976617.20
47-i2-d0      0            1 34643230.40
47-i2-d0      0            2 34621585.40
47-i2-d0      0            3 34528441.20
47-i32-d0     0            1 21611874.00
47-i32-d0     0            2 21602047.60
47-i32-d0     0            3 21569361.40
47-i4-d0      0            1 44395387.60
47-i4-d0      0            2 44351041.80
47-i4-d0      0            3 44251775.60
47-i64-d0     0            1 17548299.80
47-i64-d0     0            2 17539210.60
47-i64-d0     0            3 17438157.80
47-i8-d0      0            1 42552643.40
47-i8-d0      0            2 42308758.60
47-i8-d0      0            3 42293378.40
5-i1-d0       0            1  2964909.20
5-i1-d0       0            2  2956300.40
5-i1-d0       0            3  2966540.00
5-i128-d0     0            1  3839893.40
5-i128-d0     0            2  3841654.20
5-i128-d0     0            3  3853897.40
5-i16-d0      0            1  5129539.40
5-i16-d0      0            2  5140356.00
5-i16-d0      0            3  5215285.00
5-i2-d0       0            1  4174299.20
5-i2-d0       0            2  4183305.80
5-i2-d0       0            3  4193887.60
5-i32-d0      0            1  4444213.20
5-i32-d0      0            2  4497790.20
5-i32-d0      0            3  4441837.80
5-i4-d0       0            1  5548678.00
5-i4-d0       0            2  5496489.40
5-i4-d0       0            3  5488722.40
5-i64-d0      0            1  4127008.20
5-i64-d0      0            2  4031528.40
5-i64-d0      0            3  4092026.60
5-i8-d0       0            1  6459724.40
5-i8-d0       0            2  6473808.20
5-i8-d0       0            3  6432183.80
57-i1-d0      0            1 22862187.00
57-i1-d0      0            2 22827685.20
57-i1-d0      0            3 22831931.80
57-i128-d0    0            1 23540309.40
57-i128-d0    0            2 23541711.80
57-i128-d0    0            3 23530802.40
57-i16-d0     0            1 27703324.00
57-i16-d0     0            2 27691745.00
57-i16-d0     0            3 27776194.40
57-i2-d0      0            1 41841387.40
57-i2-d0      0            2 41676056.00
57-i2-d0      0            3 41643929.00
57-i32-d0     0            1 27367698.40
57-i32-d0     0            2 27339343.40
57-i32-d0     0            3 27319834.40
57-i4-d0      0            1 48606029.00
57-i4-d0      0            2 48345275.00
57-i4-d0      0            3 48403025.40
57-i64-d0     0            1 24733338.60
57-i64-d0     0            2 24723198.40
57-i64-d0     0            3 24665893.40
57-i8-d0      0            1 45613910.40
57-i8-d0      0            2 45446527.40
57-i8-d0      0            3 45783632.80
69-i1-d0      0            1 27654725.40
69-i1-d0      0            2 27832293.60
69-i1-d0      0            3 27866436.60
69-i128-d0    0            1 26873664.40
69-i128-d0    0            2 26888181.20
69-i128-d0    0            3 26976356.40
69-i16-d0     0            1 29069113.80
69-i16-d0     0            2 29051655.00
69-i16-d0     0            3 29184140.80
69-i2-d0      0            1 50817600.20
69-i2-d0      0            2 50754066.80
69-i2-d0      0            3 50813006.20
69-i32-d0     0            1 28914468.60
69-i32-d0     0            2 28890664.80
69-i32-d0     0            3 28924922.00
69-i4-d0      0            1 53303760.00
69-i4-d0      0            2 53239832.60
69-i4-d0      0            3 53131826.20
69-i64-d0     0            1 26579235.80
69-i64-d0     0            2 26494358.80
69-i64-d0     0            3 26589373.40
69-i8-d0      0            1 50082705.60
69-i8-d0      0            2 49854869.40
69-i8-d0      0            3 49965843.40
7-i1-d0       0            1  3215531.60
7-i1-d0       0            2  3203464.00
7-i1-d0       0            3  3203255.80
7-i128-d0     0            1  4630050.40
7-i128-d0     0            2  4711582.80
7-i128-d0     0            3  4636474.20
7-i16-d0      0            1  6373909.40
7-i16-d0      0            2  6354308.80
7-i16-d0      0            3  6350519.60
7-i2-d0       0            1  5415299.60
7-i2-d0       0            2  5401795.00
7-i2-d0       0            3  5407412.80
7-i32-d0      0            1  5880214.20
7-i32-d0      0            2  5833899.60
7-i32-d0      0            3  5858537.40
7-i4-d0       0            1  7661838.40
7-i4-d0       0            2  7558155.60
7-i4-d0       0            3  7577868.80
7-i64-d0      0            1  5225062.20
7-i64-d0      0            2  5286962.80
7-i64-d0      0            3  5353283.80
7-i8-d0       0            1  7250015.80
7-i8-d0       0            2  7439734.80
7-i8-d0       0            3  7262058.80
83-i1-d0      0            1 33687262.20
83-i1-d0      0            2 33781224.60
83-i1-d0      0            3 33931589.60
83-i128-d0    0            1 32729969.80
83-i128-d0    0            2 32817828.00
83-i128-d0    0            3 32867477.00
83-i16-d0     0            1 33048140.00
83-i16-d0     0            2 33069342.00
83-i16-d0     0            3 33240898.80
83-i2-d0      0            1 59716844.80
83-i2-d0      0            2 59479036.00
83-i2-d0      0            3 59517126.60
83-i32-d0     0            1 32946108.20
83-i32-d0     0            2 33013119.20
83-i32-d0     0            3 32879877.20
83-i4-d0      0            1 58320746.40
83-i4-d0      0            2 58375802.00
83-i4-d0      0            3 58341728.20
83-i64-d0     0            1 35165690.60
83-i64-d0     0            2 35125577.60
83-i64-d0     0            3 35157053.80
83-i8-d0      0            1 56181838.80
83-i8-d0      0            2 55911052.40
83-i8-d0      0            3 56121719.80
9-i1-d0       0            1  4518682.40
9-i1-d0       0            2  4502228.00
9-i1-d0       0            3  4502260.60
9-i128-d0     0            1  5111017.40
9-i128-d0     0            2  5330891.60
9-i128-d0     0            3  5194233.80
9-i16-d0      0            1  8139173.00
9-i16-d0      0            2  8160210.80
9-i16-d0      0            3  8128881.00
9-i2-d0       0            1  7119818.60
9-i2-d0       0            2  7098670.80
9-i2-d0       0            3  7074094.20
9-i32-d0      0            1  7731232.60
9-i32-d0      0            2  7647982.60
9-i32-d0      0            3  7792966.60
9-i4-d0       0            1  9817538.00
9-i4-d0       0            2  9798527.40
9-i4-d0       0            3  9814940.20
9-i64-d0      0            1  6019394.80
9-i64-d0      0            2  6116397.20
9-i64-d0      0            3  6100048.00
9-i8-d0       0            1  9172955.40
9-i8-d0       0            2  9432200.60
9-i8-d0       0            3  9300283.80
