110
79
71
70
72
68
67
67
69
65
68
67
64
66
65
69
69
64
64
64
63
64
64
65
64
64
63
64
65
62
63
62
68
63
63
64
62
62
63
62
62
61
62
64
65
64
100
65
68
64
62
62
63
65
66
67
64
63
64
65
64
64
63
66
68
65
66
65
64
63
92
63
64
61
63
64
64
65
65
65
69
64
64
65
62
64
64
63
65
65
64
64
64
66
64
77
67
63
65
63
64
64
61
60
56
56
57
56
57
56
56
57
58
55
57
56
56
55
56
56
54
55
56
55
56
56
56
55
58
55
55
55
55
55
54
55
56
56
56
57
57
59
64
56
59
57
57
57
56
58
57
58
56
57
56
58
57
57
56
56
59
57
57
57
56
57
56
56
57
56
57
58
56
59
57
58
60
57
60
58
57
58
58
58
56
58
59
58
58
57
60
56
62
58
59
57
57
56
58
57
60
62
59
59
60
57
56
58
61
59
60
57
60
59
58
57
58
61
57
59
57
59
57
60
61
56
58
57
56
57
92
59
59
56
58
57
57
60
59
60
60
57
57
57
59
59
58
57
57
58
62
61
57
57
56
54
