   Operation      Sample         Ops
SeqWrite-25639248-4   0            1   120419.00
SeqWrite-25639248-4   0            2            
SeqWrite-25639248-4   0            3            
SeqWrite-25639248-4   0            4    11819.00
Rewrite-25639248-4    0            1   129975.00
Rewrite-25639248-4    0            2            
Rewrite-25639248-4    0            3            
Rewrite-25639248-4    0            4   104610.00
SeqRead-25639248-4    0            1  2995635.00
SeqRead-25639248-4    0            2            
SeqRead-25639248-4    0            3            
SeqRead-25639248-4    0            4  2850352.00
Reread-25639248-4     0            1  2956643.00
Reread-25639248-4     0            2            
Reread-25639248-4     0            3            
Reread-25639248-4     0            4  2856789.00
RandRead-25639248-4   0            1  1960580.00
RandRead-25639248-4   0            2            
RandRead-25639248-4   0            3            
RandRead-25639248-4   0            4  1871989.00
RandWrite-25639248-4  0            1     8761.00
RandWrite-25639248-4  0            2            
RandWrite-25639248-4  0            3            
RandWrite-25639248-4  0            4     2501.00
BackRead-25639248-4   0            1  1732255.00
BackRead-25639248-4   0            2            
BackRead-25639248-4   0            3            
BackRead-25639248-4   0            4  2152666.00
SeqWrite-51278496-4   0            1   133592.00
SeqWrite-51278496-4   0            4    23299.00
Rewrite-51278496-4    0            1   145071.00
Rewrite-51278496-4    0            4    16472.00
SeqRead-51278496-4    0            1  3025727.00
SeqRead-51278496-4    0            4  1064106.00
Reread-51278496-4     0            1  2991551.00
Reread-51278496-4     0            4  2821877.00
RandRead-51278496-4   0            1  1963154.00
RandRead-51278496-4   0            4            
RandWrite-51278496-4  0            1     3455.00
RandWrite-51278496-4  0            4            
BackRead-51278496-4   0            1  1895091.00
BackRead-51278496-4   0            4            
SeqWrite-102556992-4  0            1   138112.00
Rewrite-102556992-4   0            1   140959.00
SeqRead-102556992-4   0            1   419276.00
Reread-102556992-4    0            1   136080.00
RandRead-102556992-4  0            1     6182.00
RandWrite-102556992-4 0            1     3685.00
BackRead-102556992-4  0            1    30871.00
SeqWrite-205113984-4  0            1            
Rewrite-205113984-4   0            1            
SeqRead-205113984-4   0            1            
Reread-205113984-4    0            1            
RandRead-205113984-4  0            1            
RandWrite-205113984-4 0            1            
BackRead-205113984-4  0            1            
SeqWrite-not-open     0            2        0.00
SeqWrite-not-open     0            3        0.00
Rewrite-not-open      0            2        0.00
Rewrite-not-open      0            3        0.00
SeqRead-not-open      0            2        0.00
SeqRead-not-open      0            3        0.00
Reread-not-open       0            2            
Reread-not-open       0            3            
RandRead-not-open     0            2            
RandRead-not-open     0            3            
RandWrite-not-open    0            2            
RandWrite-not-open    0            3            
BackRead-not-open     0            2            
BackRead-not-open     0            3            
SeqWrite-No-such      0            2        0.00
SeqWrite-No-such      0            3        0.00
Rewrite-No-such       0            2        0.00
Rewrite-No-such       0            3        0.00
SeqRead-No-such       0            2        0.00
SeqRead-No-such       0            3        0.00
Reread-No-such        0            2            
Reread-No-such        0            3            
RandRead-No-such      0            2            
RandRead-No-such      0            3            
RandWrite-No-such     0            2            
RandWrite-No-such     0            3            
BackRead-No-such      0            2            
BackRead-No-such      0            3            
