   Operation      Sample         Ops
   Operation      Sample         Ops
send-64   0            1       66.89
send-64   0            4       67.72
send-64   0            7       65.99
send-64   0           10       66.40
send-64   0           13       66.91
send-128  0            1      132.58
send-128  0            4      131.42
send-128  0            7      130.95
send-128  0           10      134.55
send-128  0           13      133.33
send-256  0            1      258.74
send-256  0            4      267.89
send-256  0            7      277.75
send-256  0           10      281.49
send-256  0           13      262.53
send-1024 0            1     1078.97
send-1024 0            4     1058.01
send-1024 0            7     1066.17
send-1024 0           10     1088.95
send-1024 0           13     1044.91
send-2048 0            1     2145.68
send-2048 0            4     2109.79
send-2048 0            7     2147.39
send-2048 0           10     2156.10
send-2048 0           13     2108.74
send-3312 0            1     3302.69
send-3312 0            4     3336.53
send-3312 0            7     3324.65
send-3312 0           10     3399.63
send-3312 0           13     3372.67
send-4096 0            1     4193.81
send-4096 0            4     4099.43
send-4096 0            7     4030.98
send-4096 0           10     4205.16
send-4096 0           13     4075.73
send-8192 0            1     7769.86
send-8192 0            4     8078.40
send-8192 0            7     8039.97
send-8192 0           10     8021.21
send-8192 0           13     7963.67
send-163840            1    14506.77
send-163840            4    14874.30
send-163840            7    14821.81
send-163840           10    14837.95
send-163840           13    14720.36
recv-64   0            2       49.61
recv-64   0            5       49.44
recv-64   0            8       48.82
recv-64   0           11       49.17
recv-64   0           14       49.51
recv-128  0            2       98.31
recv-128  0            5       98.14
recv-128  0            8       98.23
recv-128  0           11       99.96
recv-128  0           14       99.05
recv-256  0            2      197.40
recv-256  0            5      196.32
recv-256  0            8      203.36
recv-256  0           11      206.83
recv-256  0           14      195.01
recv-1024 0            2      808.42
recv-1024 0            5      791.81
recv-1024 0            8      792.83
recv-1024 0           11      819.50
recv-1024 0           14      781.21
recv-2048 0            2     1632.31
recv-2048 0            5     1569.39
recv-2048 0            8     1608.60
recv-2048 0           11     1608.91
recv-2048 0           14     1594.24
recv-3312 0            2     2470.57
recv-3312 0            5     2497.35
recv-3312 0            8     2502.90
recv-3312 0           11     2560.14
recv-3312 0           14     2529.08
recv-4096 0            2     3193.46
recv-4096 0            5     3094.67
recv-4096 0            8     3090.47
recv-4096 0           11     3175.58
recv-4096 0           14     3109.99
recv-8192 0            2     6026.02
recv-8192 0            5     6161.48
recv-8192 0            8     6131.25
recv-8192 0           11     6173.23
recv-8192 0           14     6195.48
recv-163840            2    11568.29
recv-163840            5    11713.32
recv-163840            8    11717.09
recv-163840           11    11728.80
recv-163840           14    11687.85
loss-64   0            3       17.28
loss-64   0            6       18.28
loss-64   0            9       17.17
loss-64   0           12       17.23
loss-64   0           15       17.40
loss-128  0            3       34.27
loss-128  0            6       33.28
loss-128  0            9       32.72
loss-128  0           12       34.59
loss-128  0           15       34.28
loss-256  0            3       61.34
loss-256  0            6       71.57
loss-256  0            9       74.39
loss-256  0           12       74.66
loss-256  0           15       67.52
loss-1024 0            3      270.55
loss-1024 0            6      266.20
loss-1024 0            9      273.34
loss-1024 0           12      269.45
loss-1024 0           15      263.70
loss-2048 0            3      513.37
loss-2048 0            6      540.40
loss-2048 0            9      538.79
loss-2048 0           12      547.19
loss-2048 0           15      514.50
loss-3312 0            3      832.12
loss-3312 0            6      839.18
loss-3312 0            9      821.75
loss-3312 0           12      839.49
loss-3312 0           15      843.59
loss-4096 0            3     1000.35
loss-4096 0            6     1004.76
loss-4096 0            9      940.51
loss-4096 0           12     1029.58
loss-4096 0           15      965.74
loss-8192 0            3     1743.84
loss-8192 0            6     1916.92
loss-8192 0            9     1908.72
loss-8192 0           12     1847.98
loss-8192 0           15     1768.19
loss-163840            3     2938.48
loss-163840            6     3160.98
loss-163840            9     3104.72
loss-163840           12     3109.15
loss-163840           15     3032.51
