   Operation      Sample         Ops
1   0            1       11.20
1   0            2       11.12
1   0            3       11.13
1   0            4       11.37
1   0            5       11.19
1   0            6       11.25
1   0            7       11.11
1   0            8       11.19
1   0            9       11.04
1   0           10       11.04
4   0            1       11.84
4   0            2       11.61
4   0            3       11.47
4   0            4       11.70
4   0            5       11.69
4   0            6       11.52
4   0            7       11.70
4   0            8       11.92
4   0            9       11.64
4   0           10       11.85
4   0           11       11.84
4   0           12       11.61
4   0           13       11.47
4   0           14       11.70
4   0           15       11.69
4   0           16       11.52
4   0           17       11.70
4   0           18       11.92
4   0           19       11.64
4   0           20       11.85
4   0           21       11.84
4   0           22       11.61
4   0           23       11.47
4   0           24       11.70
4   0           25       11.69
4   0           26       11.52
4   0           27       11.70
4   0           28       11.92
4   0           29       11.64
4   0           30       11.85
4   0           31       11.84
4   0           32       11.61
4   0           33       11.47
4   0           34       11.70
4   0           35       11.69
4   0           36       11.52
4   0           37       11.70
4   0           38       11.92
4   0           39       11.64
4   0           40       11.85
7   0            1       11.26
7   0            2       11.43
7   0            3       11.07
7   0            4       11.53
7   0            5       11.31
7   0            6       11.17
7   0            7       11.19
7   0            8       11.29
7   0            9       11.40
7   0           10       11.37
7   0           11       11.26
7   0           12       11.43
7   0           13       11.07
7   0           14       11.53
7   0           15       11.31
7   0           16       11.17
7   0           17       11.19
7   0           18       11.29
7   0           19       11.40
7   0           20       11.37
7   0           21       11.26
7   0           22       11.43
7   0           23       11.07
7   0           24       11.53
7   0           25       11.31
7   0           26       11.17
7   0           27       11.19
7   0           28       11.29
7   0           29       11.40
7   0           30       11.37
7   0           31       11.26
7   0           32       11.43
7   0           33       11.07
7   0           34       11.53
7   0           35       11.31
7   0           36       11.17
7   0           37       11.19
7   0           38       11.29
7   0           39       11.40
7   0           40       11.37
7   0           41       11.26
7   0           42       11.43
7   0           43       11.07
7   0           44       11.53
7   0           45       11.31
7   0           46       11.17
7   0           47       11.19
7   0           48       11.29
7   0           49       11.40
7   0           50       11.37
7   0           51       11.26
7   0           52       11.43
7   0           53       11.07
7   0           54       11.53
7   0           55       11.31
7   0           56       11.17
7   0           57       11.19
7   0           58       11.29
7   0           59       11.40
7   0           60       11.37
7   0           61       11.26
7   0           62       11.43
7   0           63       11.07
7   0           64       11.53
7   0           65       11.31
7   0           66       11.17
7   0           67       11.19
7   0           68       11.29
7   0           69       11.40
7   0           70       11.37
12  0            1       11.74
12  0            2       11.41
12  0            3       11.75
12  0            4       11.39
12  0            5       11.26
12  0            6       11.30
12  0            7       11.46
12  0            8       11.38
12  0            9       11.36
12  0           10       11.37
12  0           11       11.74
12  0           12       11.41
12  0           13       11.75
12  0           14       11.39
12  0           15       11.26
12  0           16       11.30
12  0           17       11.46
12  0           18       11.38
12  0           19       11.36
12  0           20       11.37
12  0           21       11.74
12  0           22       11.41
12  0           23       11.75
12  0           24       11.39
12  0           25       11.26
12  0           26       11.30
12  0           27       11.46
12  0           28       11.38
12  0           29       11.36
12  0           30       11.37
12  0           31       11.74
12  0           32       11.41
12  0           33       11.75
12  0           34       11.39
12  0           35       11.26
12  0           36       11.30
12  0           37       11.46
12  0           38       11.38
12  0           39       11.36
12  0           40       11.36
12  0           41       11.74
12  0           42       11.41
12  0           43       11.75
12  0           44       11.39
12  0           45       11.26
12  0           46       11.30
12  0           47       11.46
12  0           48       11.38
12  0           49       11.36
12  0           50       11.37
12  0           51       11.74
12  0           52       11.41
12  0           53       11.75
12  0           54       11.39
12  0           55       11.26
12  0           56       11.30
12  0           57       11.46
12  0           58       11.38
12  0           59       11.36
12  0           60       11.37
12  0           61       11.74
12  0           62       11.41
12  0           63       11.75
12  0           64       11.39
12  0           65       11.26
12  0           66       11.30
12  0           67       11.46
12  0           68       11.38
12  0           69       11.36
12  0           70       11.37
12  0           71       11.74
12  0           72       11.41
12  0           73       11.75
12  0           74       11.39
12  0           75       11.26
12  0           76       11.30
12  0           77       11.46
12  0           78       11.38
12  0           79       11.36
12  0           80       11.36
12  0           81       11.74
12  0           82       11.41
12  0           83       11.75
12  0           84       11.39
12  0           85       11.26
12  0           86       11.30
12  0           87       11.46
12  0           88       11.38
12  0           89       11.36
12  0           90       11.37
12  0           91       11.74
12  0           92       11.41
12  0           93       11.75
12  0           94       11.39
12  0           95       11.26
12  0           96       11.30
12  0           97       11.46
12  0           98       11.38
12  0           99       11.36
12  0          100       11.37
12  0          101       11.74
12  0          102       11.41
12  0          103       11.75
12  0          104       11.39
12  0          105       11.26
12  0          106       11.30
12  0          107       11.46
12  0          108       11.38
12  0          109       11.36
12  0          110       11.37
12  0          111       11.74
12  0          112       11.41
12  0          113       11.75
12  0          114       11.39
12  0          115       11.26
12  0          116       11.30
12  0          117       11.46
12  0          118       11.38
12  0          119       11.36
12  0          120       11.37
21  0            1       11.72
21  0            2       11.51
21  0            3       11.52
21  0            4       11.65
21  0            5       11.61
21  0            6       11.81
21  0            7       11.31
21  0            8       11.52
21  0            9       11.48
21  0           10       11.56
21  0           11       11.72
21  0           12       11.50
21  0           13       11.52
21  0           14       11.65
21  0           15       11.61
21  0           16       11.81
21  0           17       11.31
21  0           18       11.52
21  0           19       11.48
21  0           20       11.56
21  0           21       11.72
21  0           22       11.50
21  0           23       11.52
21  0           24       11.65
21  0           25       11.60
21  0           26       11.81
21  0           27       11.31
21  0           28       11.52
21  0           29       11.48
21  0           30       11.56
21  0           31       11.72
21  0           32       11.50
21  0           33       11.52
21  0           34       11.65
21  0           35       11.60
21  0           36       11.81
21  0           37       11.30
21  0           38       11.52
21  0           39       11.48
21  0           40       11.56
21  0           41       11.72
21  0           42       11.50
21  0           43       11.52
21  0           44       11.65
21  0           45       11.60
21  0           46       11.81
21  0           47       11.31
21  0           48       11.52
21  0           49       11.48
21  0           50       11.56
21  0           51       11.72
21  0           52       11.50
21  0           53       11.52
21  0           54       11.65
21  0           55       11.60
21  0           56       11.81
21  0           57       11.30
21  0           58       11.52
21  0           59       11.48
21  0           60       11.56
21  0           61       11.72
21  0           62       11.50
21  0           63       11.52
21  0           64       11.65
21  0           65       11.61
21  0           66       11.81
21  0           67       11.32
21  0           68       11.52
21  0           69       11.48
21  0           70       11.56
21  0           71       11.72
21  0           72       11.50
21  0           73       11.52
21  0           74       11.65
21  0           75       11.60
21  0           76       11.81
21  0           77       11.31
21  0           78       11.52
21  0           79       11.48
21  0           80       11.56
21  0           81       11.72
21  0           82       11.51
21  0           83       11.52
21  0           84       11.65
21  0           85       11.60
21  0           86       11.81
21  0           87       11.31
21  0           88       11.52
21  0           89       11.48
21  0           90       11.56
21  0           91       11.72
21  0           92       11.50
21  0           93       11.52
21  0           94       11.65
21  0           95       11.60
21  0           96       11.81
21  0           97       11.31
21  0           98       11.52
21  0           99       11.49
21  0          100       11.56
21  0          101       11.72
21  0          102       11.50
21  0          103       11.52
21  0          104       11.65
21  0          105       11.60
21  0          106       11.81
21  0          107       11.30
21  0          108       11.52
21  0          109       11.48
21  0          110       11.56
21  0          111       11.73
21  0          112       11.51
21  0          113       11.52
21  0          114       11.65
21  0          115       11.61
21  0          116       11.81
21  0          117       11.31
21  0          118       11.53
21  0          119       11.49
21  0          120       11.56
21  0          121       11.72
21  0          122       11.50
21  0          123       11.52
21  0          124       11.65
21  0          125       11.60
21  0          126       11.81
21  0          127       11.31
21  0          128       11.52
21  0          129       11.48
21  0          130       11.56
21  0          131       11.72
21  0          132       11.50
21  0          133       11.52
21  0          134       11.65
21  0          135       11.60
21  0          136       11.81
21  0          137       11.31
21  0          138       11.53
21  0          139       11.48
21  0          140       11.56
21  0          141       11.72
21  0          142       11.51
21  0          143       11.52
21  0          144       11.65
21  0          145       11.61
21  0          146       11.81
21  0          147       11.32
21  0          148       11.53
21  0          149       11.48
21  0          150       11.56
21  0          151       11.72
21  0          152       11.50
21  0          153       11.52
21  0          154       11.65
21  0          155       11.60
21  0          156       11.81
21  0          157       11.31
21  0          158       11.52
21  0          159       11.48
21  0          160       11.56
21  0          161       11.73
21  0          162       11.51
21  0          163       11.52
21  0          164       11.65
21  0          165       11.60
21  0          166       11.81
21  0          167       11.31
21  0          168       11.52
21  0          169       11.49
21  0          170       11.56
21  0          171       11.72
21  0          172       11.51
21  0          173       11.52
21  0          174       11.65
21  0          175       11.60
21  0          176       11.81
21  0          177       11.31
21  0          178       11.52
21  0          179       11.49
21  0          180       11.56
21  0          181       11.72
21  0          182       11.50
21  0          183       11.52
21  0          184       11.65
21  0          185       11.61
21  0          186       11.81
21  0          187       11.31
21  0          188       11.52
21  0          189       11.49
21  0          190       11.56
21  0          191       11.72
21  0          192       11.50
21  0          193       11.52
21  0          194       11.65
21  0          195       11.60
21  0          196       11.81
21  0          197       11.31
21  0          198       11.53
21  0          199       11.49
21  0          200       11.56
21  0          201       11.72
21  0          202       11.50
21  0          203       11.52
21  0          204       11.65
21  0          205       11.61
21  0          206       11.81
21  0          207       11.31
21  0          208       11.52
21  0          209       11.49
21  0          210       11.56
30  0            1       11.69
30  0            2       12.02
30  0            3       12.10
30  0            4       12.50
30  0            5       12.11
30  0            6       11.93
30  0            7       11.82
30  0            8       11.70
30  0            9       12.26
30  0           10       12.17
30  0           11       11.69
30  0           12       12.02
30  0           13       12.10
30  0           14       12.50
30  0           15       12.11
30  0           16       11.93
30  0           17       11.82
30  0           18       11.69
30  0           19       12.26
30  0           20       12.16
30  0           21       11.67
30  0           22       12.02
30  0           23       12.10
30  0           24       12.50
30  0           25       12.11
30  0           26       11.93
30  0           27       11.82
30  0           28       11.69
30  0           29       12.27
30  0           30       12.16
30  0           31       11.68
30  0           32       12.02
30  0           33       12.09
30  0           34       12.51
30  0           35       12.11
30  0           36       11.93
30  0           37       11.82
30  0           38       11.69
30  0           39       12.26
30  0           40       12.17
30  0           41       11.69
30  0           42       12.02
30  0           43       12.09
30  0           44       12.50
30  0           45       12.11
30  0           46       11.93
30  0           47       11.82
30  0           48       11.69
30  0           49       12.27
30  0           50       12.18
30  0           51       11.68
30  0           52       12.02
30  0           53       12.10
30  0           54       12.50
30  0           55       12.11
30  0           56       11.93
30  0           57       11.82
30  0           58       11.69
30  0           59       12.27
30  0           60       12.18
30  0           61       11.68
30  0           62       12.02
30  0           63       12.10
30  0           64       12.50
30  0           65       12.11
30  0           66       11.93
30  0           67       11.82
30  0           68       11.70
30  0           69       12.27
30  0           70       12.18
30  0           71       11.68
30  0           72       12.02
30  0           73       12.10
30  0           74       12.50
30  0           75       12.11
30  0           76       11.93
30  0           77       11.82
30  0           78       11.69
30  0           79       12.26
30  0           80       12.17
30  0           81       11.68
30  0           82       12.02
30  0           83       12.09
30  0           84       12.50
30  0           85       12.11
30  0           86       11.93
30  0           87       11.82
30  0           88       11.69
30  0           89       12.27
30  0           90       12.18
30  0           91       11.69
30  0           92       12.02
30  0           93       12.10
30  0           94       12.50
30  0           95       12.11
30  0           96       11.93
30  0           97       11.82
30  0           98       11.69
30  0           99       12.26
30  0          100       12.16
30  0          101       11.68
30  0          102       12.02
30  0          103       12.09
30  0          104       12.51
30  0          105       12.11
30  0          106       11.93
30  0          107       11.82
30  0          108       11.69
30  0          109       12.26
30  0          110       12.17
30  0          111       11.69
30  0          112       12.02
30  0          113       12.10
30  0          114       12.50
30  0          115       12.11
30  0          116       11.93
30  0          117       11.82
30  0          118       11.69
30  0          119       12.27
30  0          120       12.16
30  0          121       11.68
30  0          122       12.02
30  0          123       12.10
30  0          124       12.50
30  0          125       12.11
30  0          126       11.93
30  0          127       11.82
30  0          128       11.69
30  0          129       12.26
30  0          130       12.18
30  0          131       11.69
30  0          132       12.02
30  0          133       12.10
30  0          134       12.50
30  0          135       12.11
30  0          136       11.93
30  0          137       11.82
30  0          138       11.69
30  0          139       12.26
30  0          140       12.17
30  0          141       11.68
30  0          142       12.02
30  0          143       12.10
30  0          144       12.50
30  0          145       12.11
30  0          146       11.93
30  0          147       11.82
30  0          148       11.69
30  0          149       12.26
30  0          150       12.17
30  0          151       11.68
30  0          152       12.02
30  0          153       12.09
30  0          154       12.50
30  0          155       12.11
30  0          156       11.93
30  0          157       11.82
30  0          158       11.69
30  0          159       12.26
30  0          160       12.16
30  0          161       11.68
30  0          162       12.02
30  0          163       12.09
30  0          164       12.50
30  0          165       12.11
30  0          166       11.93
30  0          167       11.82
30  0          168       11.69
30  0          169       12.27
30  0          170       12.17
30  0          171       11.67
30  0          172       12.01
30  0          173       12.09
30  0          174       12.50
30  0          175       12.11
30  0          176       11.93
30  0          177       11.82
30  0          178       11.69
30  0          179       12.26
30  0          180       12.18
30  0          181       11.68
30  0          182       12.01
30  0          183       12.09
30  0          184       12.50
30  0          185       12.11
30  0          186       11.93
30  0          187       11.82
30  0          188       11.69
30  0          189       12.26
30  0          190       12.16
30  0          191       11.67
30  0          192       12.01
30  0          193       12.09
30  0          194       12.50
30  0          195       12.11
30  0          196       11.92
30  0          197       11.82
30  0          198       11.69
30  0          199       12.26
30  0          200       12.17
30  0          201       11.67
30  0          202       12.01
30  0          203       12.09
30  0          204       12.50
30  0          205       12.11
30  0          206       11.92
30  0          207       11.82
30  0          208       11.69
30  0          209       12.26
30  0          210       12.16
30  0          211       11.67
30  0          212       12.01
30  0          213       12.09
30  0          214       12.50
30  0          215       12.11
30  0          216       11.92
30  0          217       11.82
30  0          218       11.69
30  0          219       12.27
30  0          220       12.16
30  0          221       11.69
30  0          222       12.02
30  0          223       12.10
30  0          224       12.50
30  0          225       12.11
30  0          226       11.93
30  0          227       11.82
30  0          228       11.69
30  0          229       12.26
30  0          230       12.16
30  0          231       11.68
30  0          232       12.01
30  0          233       12.09
30  0          234       12.50
30  0          235       12.11
30  0          236       11.92
30  0          237       11.82
30  0          238       11.69
30  0          239       12.27
30  0          240       12.17
30  0          241       11.68
30  0          242       12.02
30  0          243       12.09
30  0          244       12.50
30  0          245       12.11
30  0          246       11.93
30  0          247       11.82
30  0          248       11.70
30  0          249       12.27
30  0          250       12.18
30  0          251       11.68
30  0          252       12.02
30  0          253       12.09
30  0          254       12.50
30  0          255       12.11
30  0          256       11.93
30  0          257       11.82
30  0          258       11.69
30  0          259       12.27
30  0          260       12.16
30  0          261       11.68
30  0          262       12.02
30  0          263       12.09
30  0          264       12.50
30  0          265       12.11
30  0          266       11.93
30  0          267       11.82
30  0          268       11.69
30  0          269       12.26
30  0          270       12.16
30  0          271       11.68
30  0          272       12.02
30  0          273       12.10
30  0          274       12.50
30  0          275       12.11
30  0          276       11.93
30  0          277       11.82
30  0          278       11.69
30  0          279       12.27
30  0          280       12.18
30  0          281       11.67
30  0          282       12.02
30  0          283       12.09
30  0          284       12.50
30  0          285       12.11
30  0          286       11.93
30  0          287       11.82
30  0          288       11.69
30  0          289       12.27
30  0          290       12.16
30  0          291       11.68
30  0          292       12.02
30  0          293       12.09
30  0          294       12.50
30  0          295       12.11
30  0          296       11.93
30  0          297       11.82
30  0          298       11.69
30  0          299       12.26
30  0          300       12.17
48  0            1       12.08
48  0            2       12.08
48  0            3       11.78
48  0            4       11.95
48  0            5       12.37
48  0            6       11.84
48  0            7       11.81
48  0            8       12.13
48  0            9       11.94
48  0           10       11.70
48  0           11       12.16
48  0           12       12.07
48  0           13       11.78
48  0           14       11.97
48  0           15       12.37
48  0           16       11.83
48  0           17       11.82
48  0           18       12.13
48  0           19       11.93
48  0           20       11.71
48  0           21       12.08
48  0           22       12.08
48  0           23       11.77
48  0           24       11.95
48  0           25       12.38
48  0           26       11.84
48  0           27       11.80
48  0           28       12.14
48  0           29       11.94
48  0           30       11.86
48  0           31       12.13
48  0           32       12.07
48  0           33       11.78
48  0           34       11.95
48  0           35       12.35
48  0           36       11.82
48  0           37       11.82
48  0           38       12.12
48  0           39       11.93
48  0           40       11.70
48  0           41       12.17
48  0           42       12.31
48  0           43       11.75
48  0           44       11.97
48  0           45       12.33
48  0           46       11.83
48  0           47       11.81
48  0           48       12.14
48  0           49       11.93
48  0           50       11.72
48  0           51       12.64
48  0           52       12.12
48  0           53       11.78
48  0           54       11.95
48  0           55       12.36
48  0           56       11.84
48  0           57       11.79
48  0           58       12.14
48  0           59       11.94
48  0           60       11.72
48  0           61       12.08
48  0           62       12.04
48  0           63       11.76
48  0           64       11.96
48  0           65       12.34
48  0           66       11.84
48  0           67       11.81
48  0           68       12.13
48  0           69       11.93
48  0           70       11.74
48  0           71       12.55
48  0           72       12.06
48  0           73       11.78
48  0           74       11.95
48  0           75       12.33
48  0           76       11.83
48  0           77       11.81
48  0           78       12.14
48  0           79       11.93
48  0           80       11.72
48  0           81       12.08
48  0           82       12.08
48  0           83       11.79
48  0           84       11.97
48  0           85       12.34
48  0           86       11.82
48  0           87       11.79
48  0           88       12.12
48  0           89       11.93
48  0           90       11.73
48  0           91       12.10
48  0           92       12.08
48  0           93       11.78
48  0           94       11.96
48  0           95       12.33
48  0           96       11.84
48  0           97       11.82
48  0           98       12.13
48  0           99       11.92
48  0          100       11.69
48  0          101       12.08
48  0          102       12.07
48  0          103       11.76
48  0          104       11.95
48  0          105       12.37
48  0          106       11.84
48  0          107       11.81
48  0          108       12.12
48  0          109       11.94
48  0          110       11.69
48  0          111       12.31
48  0          112       12.06
48  0          113       11.77
48  0          114       11.95
48  0          115       12.36
48  0          116       11.84
48  0          117       11.78
48  0          118       12.14
48  0          119       11.92
48  0          120       11.69
48  0          121       12.14
48  0          122       12.05
48  0          123       11.78
48  0          124       11.96
48  0          125       12.37
48  0          126       11.83
48  0          127       11.83
48  0          128       12.12
48  0          129       11.94
48  0          130       11.71
48  0          131       12.72
48  0          132       12.06
48  0          133       11.78
48  0          134       11.96
48  0          135       12.33
48  0          136       11.84
48  0          137       11.82
48  0          138       12.12
48  0          139       11.94
48  0          140       11.69
48  0          141       12.22
48  0          142       12.35
48  0          143       11.76
48  0          144       11.97
48  0          145       12.35
48  0          146       11.83
48  0          147       11.81
48  0          148       12.12
48  0          149       11.93
48  0          150       11.78
48  0          151       12.12
48  0          152       12.07
48  0          153       11.76
48  0          154       11.95
48  0          155       12.35
48  0          156       11.83
48  0          157       11.81
48  0          158       12.12
48  0          159       11.93
48  0          160       11.74
48  0          161       12.11
48  0          162       12.05
48  0          163       11.77
48  0          164       11.96
48  0          165       12.36
48  0          166       11.83
48  0          167       11.82
48  0          168       12.14
48  0          169       11.93
48  0          170       11.76
48  0          171       12.08
48  0          172       12.07
48  0          173       11.78
48  0          174       11.96
48  0          175       12.33
48  0          176       11.83
48  0          177       11.82
48  0          178       12.12
48  0          179       11.93
48  0          180       11.69
48  0          181       12.11
48  0          182       12.11
48  0          183       11.77
48  0          184       11.96
48  0          185       12.37
48  0          186       11.83
48  0          187       11.81
48  0          188       12.14
48  0          189       11.92
48  0          190       11.74
48  0          191       12.57
48  0          192       12.27
48  0          193       11.78
48  0          194       11.96
48  0          195       12.36
48  0          196       11.82
48  0          197       11.82
48  0          198       12.14
48  0          199       11.93
48  0          200       11.71
48  0          201       12.75
48  0          202       12.08
48  0          203       11.78
48  0          204       11.95
48  0          205       12.37
48  0          206       11.84
48  0          207       11.79
48  0          208       12.13
48  0          209       11.92
48  0          210       11.68
48  0          211       12.07
48  0          212       12.05
48  0          213       11.75
48  0          214       11.95
48  0          215       12.35
48  0          216       11.82
48  0          217       11.81
48  0          218       12.13
48  0          219       11.93
48  0          220       11.68
48  0          221       12.39
48  0          222       12.08
48  0          223       11.75
48  0          224       11.95
48  0          225       12.37
48  0          226       11.84
48  0          227       11.82
48  0          228       12.13
48  0          229       11.92
48  0          230       11.70
48  0          231       12.37
48  0          232       12.03
48  0          233       11.77
48  0          234       11.95
48  0          235       12.35
48  0          236       11.83
48  0          237       11.81
48  0          238       12.14
48  0          239       11.93
48  0          240       11.68
48  0          241       12.07
48  0          242       12.07
48  0          243       11.77
48  0          244       11.97
48  0          245       12.35
48  0          246       11.82
48  0          247       11.81
48  0          248       12.13
48  0          249       11.93
48  0          250       11.68
48  0          251       12.14
48  0          252       12.07
48  0          253       11.76
48  0          254       11.95
48  0          255       12.35
48  0          256       11.83
48  0          257       11.82
48  0          258       12.14
48  0          259       11.93
48  0          260       11.72
48  0          261       12.10
48  0          262       12.35
48  0          263       11.75
48  0          264       11.96
48  0          265       12.37
48  0          266       11.83
48  0          267       11.82
48  0          268       12.12
48  0          269       11.94
48  0          270       11.68
48  0          271       12.07
48  0          272       12.07
48  0          273       11.78
48  0          274       11.96
48  0          275       12.33
48  0          276       11.84
48  0          277       11.81
48  0          278       12.12
48  0          279       11.92
48  0          280       11.82
48  0          281       12.52
48  0          282       12.07
48  0          283       11.76
48  0          284       11.95
48  0          285       12.36
48  0          286       11.94
48  0          287       11.81
48  0          288       12.13
48  0          289       11.93
48  0          290       11.70
48  0          291       12.60
48  0          292       12.10
48  0          293       11.76
48  0          294       11.95
48  0          295       12.33
48  0          296       11.83
48  0          297       11.80
48  0          298       12.12
48  0          299       11.93
48  0          300       11.70
48  0          301       12.13
48  0          302       12.07
48  0          303       11.77
48  0          304       11.95
48  0          305       12.33
48  0          306       11.85
48  0          307       11.78
48  0          308       12.12
48  0          309       11.92
48  0          310       11.72
48  0          311       12.07
48  0          312       12.06
48  0          313       11.75
48  0          314       11.96
48  0          315       12.33
48  0          316       11.82
48  0          317       11.78
48  0          318       12.12
48  0          319       11.92
48  0          320       11.71
48  0          321       12.13
48  0          322       12.06
48  0          323       11.76
48  0          324       11.96
48  0          325       12.34
48  0          326       11.82
48  0          327       11.82
48  0          328       12.12
48  0          329       11.93
48  0          330       11.69
48  0          331       12.15
48  0          332       12.07
48  0          333       11.80
48  0          334       11.96
48  0          335       12.34
48  0          336       11.84
48  0          337       11.81
48  0          338       12.13
48  0          339       11.93
48  0          340       11.79
48  0          341       12.59
48  0          342       12.06
48  0          343       11.78
48  0          344       11.96
48  0          345       12.35
48  0          346       11.82
48  0          347       11.81
48  0          348       12.13
48  0          349       11.92
48  0          350       11.72
48  0          351       12.12
48  0          352       12.02
48  0          353       11.75
48  0          354       11.95
48  0          355       12.36
48  0          356       11.83
48  0          357       11.81
48  0          358       12.12
48  0          359       11.92
48  0          360       11.71
48  0          361       12.09
48  0          362       12.11
48  0          363       11.76
48  0          364       11.95
48  0          365       12.35
48  0          366       11.82
48  0          367       11.80
48  0          368       12.12
48  0          369       11.92
48  0          370       11.68
48  0          371       12.06
48  0          372       12.05
48  0          373       11.74
48  0          374       11.94
48  0          375       12.34
48  0          376       11.83
48  0          377       11.80
48  0          378       12.12
48  0          379       11.91
48  0          380       11.73
48  0          381       12.41
48  0          382       12.05
48  0          383       11.74
48  0          384       11.94
48  0          385       12.35
48  0          386       11.83
48  0          387       11.78
48  0          388       12.12
48  0          389       11.91
48  0          390       11.71
48  0          391       12.15
48  0          392       12.07
48  0          393       11.74
48  0          394       11.95
48  0          395       12.32
48  0          396       11.83
48  0          397       11.81
48  0          398       12.11
48  0          399       11.93
48  0          400       11.69
48  0          401       12.07
48  0          402       12.06
48  0          403       11.77
48  0          404       11.95
48  0          405       12.32
48  0          406       11.89
48  0          407       11.81
48  0          408       12.13
48  0          409       11.91
48  0          410       11.71
48  0          411       12.06
48  0          412       12.06
48  0          413       11.75
48  0          414       11.95
48  0          415       12.34
48  0          416       11.82
48  0          417       11.81
48  0          418       12.11
48  0          419       11.91
48  0          420       11.73
48  0          421       12.06
48  0          422       12.07
48  0          423       11.76
48  0          424       11.95
48  0          425       12.35
48  0          426       11.82
48  0          427       11.82
48  0          428       12.11
48  0          429       11.91
48  0          430       11.71
48  0          431       12.10
48  0          432       12.05
48  0          433       11.77
48  0          434       11.97
48  0          435       12.34
48  0          436       11.84
48  0          437       11.82
48  0          438       12.13
48  0          439       11.94
48  0          440       11.69
48  0          441       12.08
48  0          442       12.29
48  0          443       11.77
48  0          444       11.96
48  0          445       12.33
48  0          446       11.83
48  0          447       11.82
48  0          448       12.12
48  0          449       11.94
48  0          450       11.70
48  0          451       12.59
48  0          452       12.07
48  0          453       11.78
48  0          454       11.96
48  0          455       12.35
48  0          456       11.83
48  0          457       11.82
48  0          458       12.13
48  0          459       11.92
48  0          460       11.73
48  0          461       12.17
48  0          462       12.06
48  0          463       11.77
48  0          464       11.97
48  0          465       12.36
48  0          466       11.83
48  0          467       11.81
48  0          468       12.14
48  0          469       11.93
48  0          470       11.69
48  0          471       12.15
48  0          472       12.06
48  0          473       11.78
48  0          474       11.96
48  0          475       12.35
48  0          476       11.84
48  0          477       11.81
48  0          478       12.13
48  0          479       11.92
48  0          480       11.75
79  0            1       15.58
79  0            2       15.51
79  0            3       14.35
79  0            4       15.44
79  0            5       15.54
79  0            6       15.43
79  0            7       15.37
79  0            8       15.27
79  0            9       15.28
79  0           10       15.57
79  0           11       15.43
79  0           12       15.43
79  0           13       15.49
79  0           14       15.46
79  0           15       15.24
79  0           16       15.38
79  0           17       15.51
79  0           18       15.14
79  0           19       15.29
79  0           20       15.33
79  0           21       15.41
79  0           22       15.53
79  0           23       14.35
79  0           24       15.05
79  0           25       15.38
79  0           26       15.55
79  0           27       15.24
79  0           28       15.15
79  0           29       15.42
79  0           30       15.59
79  0           31       15.41
79  0           32       15.53
79  0           33       15.40
79  0           34       15.42
79  0           35       14.48
79  0           36       15.38
79  0           37       14.67
79  0           38       15.33
79  0           39       15.34
79  0           40       15.63
79  0           41       15.64
79  0           42       15.53
79  0           43       15.60
79  0           44       14.64
79  0           45       15.47
79  0           46       15.37
79  0           47       15.22
79  0           48       15.13
79  0           49       14.84
79  0           50       15.53
79  0           51       15.61
79  0           52       15.51
79  0           53       15.62
79  0           54       15.47
79  0           55       15.47
79  0           56       15.35
79  0           57       15.25
79  0           58       15.04
79  0           59       14.98
79  0           60       15.59
79  0           61       15.47
79  0           62       15.54
79  0           63       15.47
79  0           64       15.40
79  0           65       15.61
79  0           66       15.04
79  0           67       15.42
79  0           68       15.08
79  0           69       14.99
79  0           70       15.60
79  0           71       15.41
79  0           72       15.50
79  0           73       15.02
79  0           74       15.47
79  0           75       15.46
79  0           76       15.48
79  0           77       15.41
79  0           78       15.03
79  0           79       14.98
79  0           80       15.44
79  0           81       15.40
79  0           82       15.54
79  0           83       15.31
79  0           84       14.52
79  0           85       15.14
79  0           86       15.49
79  0           87       15.48
79  0           88       15.03
79  0           89       15.30
79  0           90       15.57
79  0           91       15.41
79  0           92       15.52
79  0           93       15.31
79  0           94       15.39
79  0           95       15.20
79  0           96       15.47
79  0           97       15.43
79  0           98       15.23
79  0           99       15.22
79  0          100       15.57
79  0          101       15.41
79  0          102       15.47
79  0          103       15.23
79  0          104       15.35
79  0          105       14.78
79  0          106       15.46
79  0          107       15.40
79  0          108       15.13
79  0          109       15.36
79  0          110       15.16
79  0          111       15.53
79  0          112       15.52
79  0          113       15.00
79  0          114       15.49
79  0          115       15.28
79  0          116       15.49
79  0          117       14.79
79  0          118       15.10
79  0          119       15.32
79  0          120       15.56
79  0          121       15.62
79  0          122       15.54
79  0          123       15.33
79  0          124       15.20
79  0          125       15.49
79  0          126       15.04
79  0          127       14.80
79  0          128       15.25
79  0          129       15.29
79  0          130       15.57
79  0          131       15.48
79  0          132       15.54
79  0          133       15.25
79  0          134       15.25
79  0          135       15.18
79  0          136       15.46
79  0          137       15.24
79  0          138       14.93
79  0          139       15.25
79  0          140       15.57
79  0          141       15.40
79  0          142       15.42
79  0          143       15.29
79  0          144       15.27
79  0          145       15.30
79  0          146       15.47
79  0          147       15.48
79  0          148       15.16
79  0          149       15.40
79  0          150       15.51
79  0          151       15.41
79  0          152       15.45
79  0          153       15.57
79  0          154       15.40
79  0          155       15.14
79  0          156       15.44
79  0          157       15.49
79  0          158       15.03
79  0          159       15.35
79  0          160       15.55
79  0          161       15.58
79  0          162       15.47
79  0          163       15.22
79  0          164       15.26
79  0          165       15.47
79  0          166       15.50
79  0          167       15.20
79  0          168       15.05
79  0          169       15.34
79  0          170       15.65
79  0          171       15.40
79  0          172       15.47
79  0          173       15.38
79  0          174       15.35
79  0          175       15.39
79  0          176       15.05
79  0          177       15.43
79  0          178       15.19
79  0          179       15.15
79  0          180       14.59
79  0          181       15.41
79  0          182       15.54
79  0          183       15.45
79  0          184       15.39
79  0          185       15.18
79  0          186       15.43
79  0          187       15.34
79  0          188       15.03
79  0          189       15.27
79  0          190       15.44
79  0          191       15.40
79  0          192       15.51
79  0          193       15.57
79  0          194       15.48
79  0          195       15.24
79  0          196       15.56
79  0          197       15.46
79  0          198       15.15
79  0          199       15.28
79  0          200       15.38
79  0          201       15.61
79  0          202       15.50
79  0          203       15.37
79  0          204       15.45
79  0          205       14.62
79  0          206       15.32
79  0          207       15.54
79  0          208       15.03
79  0          209       15.28
79  0          210       15.54
79  0          211       15.46
79  0          212       15.49
79  0          213       14.66
79  0          214       15.41
79  0          215       15.35
79  0          216       15.04
79  0          217       15.26
79  0          218       15.32
79  0          219       15.42
79  0          220       15.54
79  0          221       15.45
79  0          222       15.48
79  0          223       15.46
79  0          224       15.37
79  0          225       15.48
79  0          226       15.53
79  0          227       14.84
79  0          228       15.03
79  0          229       14.59
79  0          230       15.61
79  0          231       15.46
79  0          232       15.54
79  0          233       15.34
79  0          234       15.11
79  0          235       15.40
79  0          236       15.50
79  0          237       15.43
79  0          238       15.14
79  0          239       15.34
79  0          240       15.56
79  0          241       15.60
79  0          242       15.51
79  0          243       15.26
79  0          244       15.43
79  0          245       15.09
79  0          246       15.53
79  0          247       15.58
79  0          248       15.14
79  0          249       15.39
79  0          250       15.43
79  0          251       15.48
79  0          252       15.51
79  0          253       15.14
79  0          254       15.46
79  0          255       15.31
79  0          256       15.52
79  0          257       15.21
79  0          258       15.21
79  0          259       15.31
79  0          260       15.60
79  0          261       15.62
79  0          262       15.53
79  0          263       15.37
79  0          264       15.52
79  0          265       15.06
79  0          266       15.46
79  0          267       15.52
79  0          268       15.10
79  0          269       15.17
79  0          270       15.54
79  0          271       15.60
79  0          272       15.50
79  0          273       14.88
79  0          274       15.43
79  0          275       15.05
79  0          276       15.56
79  0          277       15.41
79  0          278       15.22
79  0          279       15.11
79  0          280       15.58
79  0          281       15.43
79  0          282       15.51
79  0          283       15.31
79  0          284       15.39
79  0          285       15.52
79  0          286       15.47
79  0          287       15.38
79  0          288       15.25
79  0          289       15.23
79  0          290       15.41
79  0          291       15.54
79  0          292       15.51
79  0          293       15.41
79  0          294       15.48
79  0          295       15.49
79  0          296       15.48
79  0          297       15.48
79  0          298       15.03
79  0          299       15.19
79  0          300       14.63
79  0          301       15.46
79  0          302       15.50
79  0          303       15.39
79  0          304       15.37
79  0          305       14.75
79  0          306       15.15
79  0          307       14.83
79  0          308       15.30
79  0          309       15.39
79  0          310       15.59
79  0          311       15.45
79  0          312       15.46
79  0          313       14.56
79  0          314       15.15
79  0          315       15.50
79  0          316       15.42
79  0          317       14.87
79  0          318       15.04
79  0          319       15.22
79  0          320       15.08
79  0          321       15.61
79  0          322       15.50
79  0          323       15.32
79  0          324       15.37
79  0          325       14.65
79  0          326       15.32
79  0          327       14.77
79  0          328       15.09
79  0          329       15.36
79  0          330       15.42
79  0          331       15.41
79  0          332       15.52
79  0          333       15.28
79  0          334       15.39
79  0          335       14.82
79  0          336       15.44
79  0          337       15.37
79  0          338       15.03
79  0          339       15.26
79  0          340       15.41
79  0          341       15.45
79  0          342       15.51
79  0          343       14.58
79  0          344       15.44
79  0          345       15.41
79  0          346       15.28
79  0          347       15.39
79  0          348       15.02
79  0          349       14.59
79  0          350       15.60
79  0          351       15.48
79  0          352       15.46
79  0          353       15.40
79  0          354       15.20
79  0          355       14.90
79  0          356       15.44
79  0          357       15.42
79  0          358       15.27
79  0          359       15.26
79  0          360       14.58
79  0          361       15.55
79  0          362       15.52
79  0          363       15.50
79  0          364       15.28
79  0          365       15.37
79  0          366       15.47
79  0          367       15.21
79  0          368       15.06
79  0          369       15.22
79  0          370       15.46
79  0          371       15.49
79  0          372       15.42
79  0          373       15.49
79  0          374       15.48
79  0          375       15.27
79  0          376       15.30
79  0          377       15.57
79  0          378       15.14
79  0          379       14.94
79  0          380       15.39
79  0          381       15.39
79  0          382       15.47
79  0          383       15.12
79  0          384       15.33
79  0          385       15.33
79  0          386       15.43
79  0          387       15.53
79  0          388       15.25
79  0          389       14.79
79  0          390       15.37
79  0          391       15.41
79  0          392       15.42
79  0          393       15.28
79  0          394       15.39
79  0          395       15.27
79  0          396       15.35
79  0          397       15.39
79  0          398       15.11
79  0          399       15.08
79  0          400       15.54
79  0          401       15.48
79  0          402       15.53
79  0          403       15.55
79  0          404       15.37
79  0          405       14.46
79  0          406       15.47
79  0          407       15.47
79  0          408       15.19
79  0          409       15.35
79  0          410       15.52
79  0          411       15.40
79  0          412       15.52
79  0          413       15.49
79  0          414       14.95
79  0          415       14.62
79  0          416       15.33
79  0          417       15.49
79  0          418       15.32
79  0          419       15.37
79  0          420       15.57
79  0          421       15.40
79  0          422       15.51
79  0          423       15.25
79  0          424       14.91
79  0          425       15.29
79  0          426       15.28
79  0          427       15.36
79  0          428       15.01
79  0          429       15.21
79  0          430       14.83
79  0          431       15.56
79  0          432       15.50
79  0          433       14.98
79  0          434       15.34
79  0          435       15.53
79  0          436       15.49
79  0          437       15.32
79  0          438       15.29
79  0          439       15.08
79  0          440       15.45
79  0          441       15.57
79  0          442       15.54
79  0          443       15.56
79  0          444       15.42
79  0          445       15.32
79  0          446       15.04
79  0          447       15.33
79  0          448       15.26
79  0          449       15.37
79  0          450       15.49
79  0          451       15.57
79  0          452       15.48
79  0          453       15.30
79  0          454       15.04
79  0          455       15.37
79  0          456       15.40
79  0          457       15.44
79  0          458       15.14
79  0          459       15.33
79  0          460       15.55
79  0          461       15.39
79  0          462       15.50
79  0          463       14.33
79  0          464       15.32
79  0          465       15.29
79  0          466       15.22
79  0          467       15.35
79  0          468       15.03
79  0          469       15.37
79  0          470       15.59
79  0          471       15.59
79  0          472       15.49
79  0          473       15.06
79  0          474       15.26
79  0          475       15.07
79  0          476       15.39
79  0          477       15.44
79  0          478       15.21
79  0          479       15.15
79  0          480       14.90
79  0          481       15.41
79  0          482       15.52
79  0          483       15.32
79  0          484       15.22
79  0          485       14.95
79  0          486       15.44
79  0          487       15.41
79  0          488       15.26
79  0          489       15.38
79  0          490       15.45
79  0          491       15.52
79  0          492       15.51
79  0          493       15.27
79  0          494       14.94
79  0          495       15.29
79  0          496       15.36
79  0          497       15.33
79  0          498       15.30
79  0          499       15.32
79  0          500       15.38
79  0          501       15.52
79  0          502       15.46
79  0          503       15.38
79  0          504       15.20
79  0          505       15.44
79  0          506       15.43
79  0          507       15.47
79  0          508       15.29
79  0          509       14.57
79  0          510       15.43
79  0          511       15.55
79  0          512       15.51
79  0          513       15.34
79  0          514       15.23
79  0          515       15.52
79  0          516       15.40
79  0          517       15.46
79  0          518       15.35
79  0          519       15.30
79  0          520       15.36
79  0          521       15.57
79  0          522       15.52
79  0          523       15.01
79  0          524       15.11
79  0          525       15.45
79  0          526       15.31
79  0          527       15.49
79  0          528       15.34
79  0          529       15.18
79  0          530       15.36
79  0          531       15.53
79  0          532       15.50
79  0          533       15.13
79  0          534       15.34
79  0          535       15.23
79  0          536       15.33
79  0          537       15.35
79  0          538       15.01
79  0          539       15.28
79  0          540       15.27
79  0          541       15.49
79  0          542       15.47
79  0          543       15.30
79  0          544       14.47
79  0          545       15.37
79  0          546       15.45
79  0          547       15.50
79  0          548       15.27
79  0          549       14.89
79  0          550       15.48
79  0          551       15.54
79  0          552       15.43
79  0          553       15.30
79  0          554       14.98
79  0          555       15.15
79  0          556       15.44
79  0          557       15.44
79  0          558       15.26
79  0          559       15.30
79  0          560       15.53
79  0          561       15.49
79  0          562       15.51
79  0          563       15.35
79  0          564       14.79
79  0          565       15.35
79  0          566       15.31
79  0          567       15.53
79  0          568       15.14
79  0          569       15.16
79  0          570       15.44
79  0          571       15.48
79  0          572       15.41
79  0          573       15.30
79  0          574       15.33
79  0          575       15.47
79  0          576       15.40
79  0          577       15.49
79  0          578       15.33
79  0          579       15.17
79  0          580       15.35
79  0          581       15.56
79  0          582       15.51
79  0          583       15.24
79  0          584       14.54
79  0          585       15.45
79  0          586       15.23
79  0          587       15.53
79  0          588       15.32
79  0          589       15.29
79  0          590       15.50
79  0          591       15.57
79  0          592       15.48
79  0          593       14.93
79  0          594       15.07
79  0          595       15.46
79  0          596       15.19
79  0          597       15.34
79  0          598       15.31
79  0          599       15.17
79  0          600       15.46
79  0          601       15.62
79  0          602       15.50
79  0          603       14.98
79  0          604       15.37
79  0          605       15.30
79  0          606       15.17
79  0          607       15.32
79  0          608       15.15
79  0          609       15.14
79  0          610       15.55
79  0          611       15.54
79  0          612       15.50
79  0          613       15.55
79  0          614       14.58
79  0          615       15.38
79  0          616       15.23
79  0          617       15.51
79  0          618       15.34
79  0          619       15.24
79  0          620       15.49
79  0          621       15.48
79  0          622       15.49
79  0          623       15.36
79  0          624       15.33
79  0          625       15.51
79  0          626       15.22
79  0          627       15.47
79  0          628       15.24
79  0          629       15.17
79  0          630       15.39
79  0          631       15.46
79  0          632       15.50
79  0          633       15.37
79  0          634       15.06
79  0          635       15.48
79  0          636       15.42
79  0          637       15.46
79  0          638       15.35
79  0          639       15.04
79  0          640       15.43
79  0          641       15.44
79  0          642       15.41
79  0          643       15.27
79  0          644       15.28
79  0          645       15.54
79  0          646       15.06
79  0          647       15.34
79  0          648       15.21
79  0          649       15.00
79  0          650       15.32
79  0          651       15.40
79  0          652       15.46
79  0          653       15.24
79  0          654       15.23
79  0          655       14.86
79  0          656       15.37
79  0          657       15.44
79  0          658       15.22
79  0          659       14.76
79  0          660       15.51
79  0          661       15.40
79  0          662       15.51
79  0          663       15.47
79  0          664       15.08
79  0          665       15.52
79  0          666       15.44
79  0          667       15.46
79  0          668       15.20
79  0          669       15.22
79  0          670       15.62
79  0          671       15.51
79  0          672       15.48
79  0          673       14.96
79  0          674       14.44
79  0          675       15.57
79  0          676       15.32
79  0          677       15.52
79  0          678       15.34
79  0          679       14.85
79  0          680       14.88
79  0          681       15.39
79  0          682       15.51
79  0          683       15.47
79  0          684       15.37
79  0          685       15.50
79  0          686       15.23
79  0          687       15.51
79  0          688       15.14
79  0          689       15.25
79  0          690       15.50
79  0          691       15.55
79  0          692       15.50
79  0          693       14.84
79  0          694       15.34
79  0          695       15.24
79  0          696       14.99
79  0          697       15.47
79  0          698       15.38
79  0          699       14.84
79  0          700       15.48
79  0          701       15.53
79  0          702       15.51
79  0          703       15.02
79  0          704       14.91
79  0          705       15.26
79  0          706       15.17
79  0          707       15.42
79  0          708       15.22
79  0          709       15.26
79  0          710       15.39
79  0          711       15.58
79  0          712       15.51
79  0          713       15.35
79  0          714       15.08
79  0          715       15.31
79  0          716       15.07
79  0          717       15.44
79  0          718       15.28
79  0          719       15.12
79  0          720       15.45
79  0          721       15.39
79  0          722       15.51
79  0          723       15.34
79  0          724       15.35
79  0          725       15.38
79  0          726       15.33
79  0          727       15.50
79  0          728       15.22
79  0          729       15.13
79  0          730       15.37
79  0          731       15.56
79  0          732       15.50
79  0          733       15.27
79  0          734       14.90
79  0          735       15.22
79  0          736       15.42
79  0          737       14.98
79  0          738       15.28
79  0          739       15.31
79  0          740       15.32
79  0          741       15.52
79  0          742       15.52
79  0          743       15.38
79  0          744       14.38
79  0          745       15.14
79  0          746       15.34
79  0          747       15.42
79  0          748       15.09
79  0          749       15.24
79  0          750       15.28
79  0          751       15.60
79  0          752       15.46
79  0          753       15.21
79  0          754       15.05
79  0          755       15.25
79  0          756       15.00
79  0          757       15.52
79  0          758       15.14
79  0          759       15.05
79  0          760       14.97
79  0          761       15.37
79  0          762       15.50
79  0          763       14.99
79  0          764       15.35
79  0          765       15.48
79  0          766       15.38
79  0          767       15.44
79  0          768       15.00
79  0          769       15.23
79  0          770       15.39
79  0          771       15.57
79  0          772       15.51
79  0          773       15.35
79  0          774       15.43
79  0          775       15.49
79  0          776       15.39
79  0          777       15.49
79  0          778       15.13
79  0          779       15.22
79  0          780       15.44
79  0          781       15.54
79  0          782       15.53
79  0          783       15.46
79  0          784       15.50
79  0          785       15.44
79  0          786       15.28
79  0          787       15.51
79  0          788       15.17
79  0          789       15.32
79  0          790       15.53
80  0            1       16.43
80  0            2       16.17
80  0            3       16.37
80  0            4       16.41
80  0            5       16.26
80  0            6       16.59
80  0            7       16.40
80  0            8       16.40
80  0            9       16.05
80  0           10       15.95
80  0           11       16.44
80  0           12       16.16
80  0           13       16.37
80  0           14       16.42
80  0           15       16.28
80  0           16       16.59
80  0           17       16.40
80  0           18       16.41
80  0           19       16.04
80  0           20       15.95
80  0           21       16.44
80  0           22       16.17
80  0           23       16.37
80  0           24       16.42
80  0           25       16.28
80  0           26       16.60
80  0           27       16.40
80  0           28       16.39
80  0           29       16.04
80  0           30       15.94
80  0           31       16.44
80  0           32       16.16
80  0           33       16.39
80  0           34       16.40
80  0           35       16.27
80  0           36       16.59
80  0           37       16.41
80  0           38       16.41
80  0           39       16.05
80  0           40       15.94
80  0           41       16.43
80  0           42       16.17
80  0           43       16.39
80  0           44       16.40
80  0           45       16.28
80  0           46       16.59
80  0           47       16.40
80  0           48       16.39
80  0           49       16.05
80  0           50       15.95
80  0           51       16.43
80  0           52       16.16
80  0           53       16.37
80  0           54       16.40
80  0           55       16.28
80  0           56       16.58
80  0           57       16.40
80  0           58       16.40
80  0           59       16.06
80  0           60       15.94
80  0           61       16.43
80  0           62       16.16
80  0           63       16.39
80  0           64       16.41
80  0           65       16.26
80  0           66       16.59
80  0           67       16.40
80  0           68       16.39
80  0           69       16.06
80  0           70       15.94
80  0           71       16.45
80  0           72       16.17
80  0           73       16.39
80  0           74       16.40
80  0           75       16.26
80  0           76       16.58
80  0           77       16.40
80  0           78       16.41
80  0           79       16.05
80  0           80       15.95
80  0           81       16.43
80  0           82       16.15
80  0           83       16.38
80  0           84       16.40
80  0           85       16.26
80  0           86       16.58
80  0           87       16.41
80  0           88       16.41
80  0           89       16.03
80  0           90       15.94
80  0           91       16.45
80  0           92       16.16
80  0           93       16.37
80  0           94       16.42
80  0           95       16.28
80  0           96       16.58
80  0           97       16.41
80  0           98       16.40
80  0           99       16.05
80  0          100       15.95
80  0          101       16.44
80  0          102       16.16
80  0          103       16.37
80  0          104       16.41
80  0          105       16.27
80  0          106       16.59
80  0          107       16.41
80  0          108       16.40
80  0          109       16.06
80  0          110       15.94
80  0          111       16.42
80  0          112       16.16
80  0          113       16.37
80  0          114       16.40
80  0          115       16.28
80  0          116       16.59
80  0          117       16.41
80  0          118       16.40
80  0          119       16.05
80  0          120       15.94
80  0          121       16.44
80  0          122       16.16
80  0          123       16.38
80  0          124       16.41
80  0          125       16.26
80  0          126       16.59
80  0          127       16.39
80  0          128       16.39
80  0          129       16.03
80  0          130       15.94
80  0          131       16.44
80  0          132       16.15
80  0          133       16.38
80  0          134       16.40
80  0          135       16.26
80  0          136       16.60
80  0          137       16.39
80  0          138       16.39
80  0          139       16.05
80  0          140       15.94
80  0          141       16.42
80  0          142       16.15
80  0          143       16.37
80  0          144       16.40
80  0          145       16.26
80  0          146       16.58
80  0          147       16.40
80  0          148       16.40
80  0          149       16.03
80  0          150       15.94
80  0          151       16.45
80  0          152       16.17
80  0          153       16.37
80  0          154       16.41
80  0          155       16.28
80  0          156       16.59
80  0          157       16.39
80  0          158       16.40
80  0          159       16.03
80  0          160       15.95
80  0          161       16.45
80  0          162       16.15
80  0          163       16.38
80  0          164       16.41
80  0          165       16.26
80  0          166       16.58
80  0          167       16.39
80  0          168       16.39
80  0          169       16.04
80  0          170       15.94
80  0          171       16.42
80  0          172       16.16
80  0          173       16.37
80  0          174       16.40
80  0          175       16.28
80  0          176       16.59
80  0          177       16.40
80  0          178       16.39
80  0          179       16.03
80  0          180       15.94
80  0          181       16.42
80  0          182       16.15
80  0          183       16.37
80  0          184       16.41
80  0          185       16.26
80  0          186       16.60
80  0          187       16.40
80  0          188       16.39
80  0          189       16.05
80  0          190       15.94
80  0          191       16.44
80  0          192       16.16
80  0          193       16.37
80  0          194       16.41
80  0          195       16.26
80  0          196       16.59
80  0          197       16.39
80  0          198       16.40
80  0          199       16.03
80  0          200       15.94
80  0          201       16.43
80  0          202       16.15
80  0          203       16.38
80  0          204       16.40
80  0          205       16.27
80  0          206       16.58
80  0          207       16.39
80  0          208       16.39
80  0          209       16.04
80  0          210       15.95
80  0          211       16.42
80  0          212       16.15
80  0          213       16.37
80  0          214       16.41
80  0          215       16.26
80  0          216       16.59
80  0          217       16.39
80  0          218       16.40
80  0          219       16.05
80  0          220       15.94
80  0          221       16.44
80  0          222       16.16
80  0          223       16.37
80  0          224       16.40
80  0          225       16.28
80  0          226       16.58
80  0          227       16.41
80  0          228       16.41
80  0          229       16.05
80  0          230       15.94
80  0          231       16.42
80  0          232       16.15
80  0          233       16.36
80  0          234       16.41
80  0          235       16.26
80  0          236       16.58
80  0          237       16.39
80  0          238       16.40
80  0          239       16.03
80  0          240       15.94
80  0          241       16.44
80  0          242       16.16
80  0          243       16.38
80  0          244       16.41
80  0          245       16.26
80  0          246       16.58
80  0          247       16.39
80  0          248       16.40
80  0          249       16.05
80  0          250       15.94
80  0          251       16.44
80  0          252       16.16
80  0          253       16.36
80  0          254       16.39
80  0          255       16.27
80  0          256       16.58
80  0          257       16.40
80  0          258       16.40
80  0          259       16.03
80  0          260       15.94
80  0          261       16.44
80  0          262       16.16
80  0          263       16.36
80  0          264       16.42
80  0          265       16.27
80  0          266       16.59
80  0          267       16.39
80  0          268       16.39
80  0          269       16.03
80  0          270       15.94
80  0          271       16.43
80  0          272       16.15
80  0          273       16.36
80  0          274       16.41
80  0          275       16.27
80  0          276       16.58
80  0          277       16.40
80  0          278       16.39
80  0          279       16.04
80  0          280       15.93
80  0          281       16.42
80  0          282       16.16
80  0          283       16.37
80  0          284       16.41
80  0          285       16.26
80  0          286       16.58
80  0          287       16.39
80  0          288       16.40
80  0          289       16.03
80  0          290       15.94
80  0          291       16.43
80  0          292       16.15
80  0          293       16.36
80  0          294       16.39
80  0          295       16.27
80  0          296       16.58
80  0          297       16.39
80  0          298       16.40
80  0          299       16.04
80  0          300       15.93
80  0          301       16.43
80  0          302       16.16
80  0          303       16.36
80  0          304       16.40
80  0          305       16.25
80  0          306       16.57
80  0          307       16.39
80  0          308       16.39
80  0          309       16.05
80  0          310       15.93
80  0          311       16.43
80  0          312       16.14
80  0          313       16.36
80  0          314       16.39
80  0          315       16.27
80  0          316       16.57
80  0          317       16.39
80  0          318       16.40
80  0          319       16.05
80  0          320       15.94
80  0          321       16.42
80  0          322       16.15
80  0          323       16.37
80  0          324       16.39
80  0          325       16.26
80  0          326       16.57
80  0          327       16.40
80  0          328       16.39
80  0          329       16.05
80  0          330       15.93
80  0          331       16.42
80  0          332       16.16
80  0          333       16.37
80  0          334       16.40
80  0          335       16.27
80  0          336       16.60
80  0          337       16.40
80  0          338       16.39
80  0          339       16.04
80  0          340       15.95
80  0          341       16.42
80  0          342       16.15
80  0          343       16.36
80  0          344       16.41
80  0          345       16.25
80  0          346       16.58
80  0          347       16.39
80  0          348       16.38
80  0          349       16.02
80  0          350       15.93
80  0          351       16.42
80  0          352       16.16
80  0          353       16.36
80  0          354       16.40
80  0          355       16.26
80  0          356       16.58
80  0          357       16.39
80  0          358       16.39
80  0          359       16.05
80  0          360       15.93
80  0          361       16.42
80  0          362       16.14
80  0          363       16.36
80  0          364       16.38
80  0          365       16.26
80  0          366       16.57
80  0          367       16.38
80  0          368       16.39
80  0          369       16.05
80  0          370       15.93
80  0          371       16.42
80  0          372       16.15
80  0          373       16.38
80  0          374       16.39
80  0          375       16.25
80  0          376       16.58
80  0          377       16.39
80  0          378       16.39
80  0          379       16.02
80  0          380       15.93
80  0          381       16.41
80  0          382       16.16
80  0          383       16.36
80  0          384       16.40
80  0          385       16.22
80  0          386       16.57
80  0          387       16.38
80  0          388       16.38
80  0          389       16.03
80  0          390       15.93
80  0          391       16.41
80  0          392       16.15
80  0          393       16.36
80  0          394       16.39
80  0          395       16.23
80  0          396       16.57
80  0          397       16.38
80  0          398       16.38
80  0          399       16.02
80  0          400       15.93
80  0          401       16.42
80  0          402       16.15
80  0          403       16.36
80  0          404       16.40
80  0          405       16.25
80  0          406       16.58
80  0          407       16.40
80  0          408       16.38
80  0          409       16.05
80  0          410       15.93
80  0          411       16.41
80  0          412       16.16
80  0          413       16.35
80  0          414       16.38
80  0          415       16.21
80  0          416       16.58
80  0          417       16.39
80  0          418       16.38
80  0          419       16.02
80  0          420       15.93
80  0          421       16.43
80  0          422       16.15
80  0          423       16.35
80  0          424       16.38
80  0          425       16.22
80  0          426       16.57
80  0          427       16.39
80  0          428       16.40
80  0          429       16.03
80  0          430       15.94
80  0          431       16.42
80  0          432       16.14
80  0          433       16.37
80  0          434       16.40
80  0          435       16.22
80  0          436       16.57
80  0          437       16.38
80  0          438       16.38
80  0          439       16.02
80  0          440       15.93
80  0          441       16.43
80  0          442       16.17
80  0          443       16.39
80  0          444       16.40
80  0          445       16.27
80  0          446       16.60
80  0          447       16.40
80  0          448       16.40
80  0          449       16.04
80  0          450       15.95
80  0          451       16.41
80  0          452       16.14
80  0          453       16.36
80  0          454       16.38
80  0          455       16.23
80  0          456       16.58
80  0          457       16.38
80  0          458       16.39
80  0          459       16.03
80  0          460       15.93
80  0          461       16.43
80  0          462       16.14
80  0          463       16.36
80  0          464       16.38
80  0          465       16.22
80  0          466       16.57
80  0          467       16.39
80  0          468       16.38
80  0          469       16.04
80  0          470       15.93
80  0          471       16.42
80  0          472       16.15
80  0          473       16.35
80  0          474       16.40
80  0          475       16.23
80  0          476       16.57
80  0          477       16.38
80  0          478       16.39
80  0          479       16.05
80  0          480       15.93
80  0          481       16.41
80  0          482       16.15
80  0          483       16.37
80  0          484       16.39
80  0          485       16.21
80  0          486       16.57
80  0          487       16.38
80  0          488       16.39
80  0          489       16.03
80  0          490       15.92
80  0          491       16.41
80  0          492       16.14
80  0          493       16.35
80  0          494       16.38
80  0          495       16.22
80  0          496       16.56
80  0          497       16.38
80  0          498       16.38
80  0          499       16.04
80  0          500       15.94
80  0          501       16.41
80  0          502       16.14
80  0          503       16.36
80  0          504       16.38
80  0          505       16.21
80  0          506       16.56
80  0          507       16.38
80  0          508       16.39
80  0          509       16.01
80  0          510       15.92
80  0          511       16.42
80  0          512       16.14
80  0          513       16.35
80  0          514       16.37
80  0          515       16.22
80  0          516       16.58
80  0          517       16.38
80  0          518       16.38
80  0          519       16.03
80  0          520       15.92
80  0          521       16.43
80  0          522       16.14
80  0          523       16.35
80  0          524       16.37
80  0          525       16.21
80  0          526       16.58
80  0          527       16.38
80  0          528       16.38
80  0          529       16.02
80  0          530       15.93
80  0          531       16.42
80  0          532       16.15
80  0          533       16.35
80  0          534       16.37
80  0          535       16.24
80  0          536       16.57
80  0          537       16.38
80  0          538       16.38
80  0          539       16.01
80  0          540       15.92
80  0          541       16.41
80  0          542       16.14
80  0          543       16.35
80  0          544       16.37
80  0          545       16.24
80  0          546       16.57
80  0          547       16.38
80  0          548       16.38
80  0          549       15.99
80  0          550       15.93
80  0          551       16.43
80  0          552       16.16
80  0          553       16.39
80  0          554       16.40
80  0          555       16.26
80  0          556       16.60
80  0          557       16.40
80  0          558       16.40
80  0          559       16.04
80  0          560       15.95
80  0          561       16.41
80  0          562       16.14
80  0          563       16.34
80  0          564       16.39
80  0          565       16.24
80  0          566       16.57
80  0          567       16.38
80  0          568       16.39
80  0          569       16.01
80  0          570       15.92
80  0          571       16.42
80  0          572       16.13
80  0          573       16.35
80  0          574       16.37
80  0          575       16.22
80  0          576       16.57
80  0          577       16.39
80  0          578       16.38
80  0          579       16.01
80  0          580       15.93
80  0          581       16.42
80  0          582       16.14
80  0          583       16.35
80  0          584       16.37
80  0          585       16.22
80  0          586       16.56
80  0          587       16.38
80  0          588       16.38
80  0          589       16.00
80  0          590       15.92
80  0          591       16.41
80  0          592       16.14
80  0          593       16.34
80  0          594       16.39
80  0          595       16.22
80  0          596       16.56
80  0          597       16.38
80  0          598       16.38
80  0          599       16.02
80  0          600       15.92
80  0          601       16.41
80  0          602       16.14
80  0          603       16.34
80  0          604       16.37
80  0          605       16.21
80  0          606       16.58
80  0          607       16.38
80  0          608       16.39
80  0          609       16.01
80  0          610       15.92
80  0          611       16.41
80  0          612       16.15
80  0          613       16.35
80  0          614       16.38
80  0          615       16.21
80  0          616       16.57
80  0          617       16.38
80  0          618       16.38
80  0          619       15.99
80  0          620       15.92
80  0          621       16.42
80  0          622       16.14
80  0          623       16.35
80  0          624       16.38
80  0          625       16.22
80  0          626       16.56
80  0          627       16.39
80  0          628       16.37
80  0          629       15.99
80  0          630       15.92
80  0          631       16.43
80  0          632       16.13
80  0          633       16.34
80  0          634       16.36
80  0          635       16.23
80  0          636       16.56
80  0          637       16.38
80  0          638       16.37
80  0          639       16.00
80  0          640       15.92
80  0          641       16.40
80  0          642       16.13
80  0          643       16.35
80  0          644       16.36
80  0          645       16.21
80  0          646       16.58
80  0          647       16.37
80  0          648       16.37
80  0          649       16.00
80  0          650       15.92
80  0          651       16.42
80  0          652       16.14
80  0          653       16.34
80  0          654       16.36
80  0          655       16.22
80  0          656       16.56
80  0          657       16.38
80  0          658       16.38
80  0          659       16.02
80  0          660       15.92
80  0          661       16.44
80  0          662       16.16
80  0          663       16.37
80  0          664       16.42
80  0          665       16.28
80  0          666       16.60
80  0          667       16.40
80  0          668       16.39
80  0          669       16.04
80  0          670       15.96
80  0          671       16.41
80  0          672       16.14
80  0          673       16.34
80  0          674       16.38
80  0          675       16.21
80  0          676       16.56
80  0          677       16.37
80  0          678       16.38
80  0          679       16.01
80  0          680       15.93
80  0          681       16.40
80  0          682       16.15
80  0          683       16.34
80  0          684       16.36
80  0          685       16.23
80  0          686       16.56
80  0          687       16.37
80  0          688       16.38
80  0          689       16.00
80  0          690       15.92
80  0          691       16.41
80  0          692       16.14
80  0          693       16.33
80  0          694       16.34
80  0          695       16.22
80  0          696       16.57
80  0          697       16.37
80  0          698       16.37
80  0          699       16.01
80  0          700       15.88
80  0          701       16.42
80  0          702       16.14
80  0          703       16.33
80  0          704       16.36
80  0          705       16.22
80  0          706       16.57
80  0          707       16.37
80  0          708       16.38
80  0          709       16.01
80  0          710       15.88
80  0          711       16.40
80  0          712       16.14
80  0          713       16.35
80  0          714       16.35
80  0          715       16.22
80  0          716       16.56
80  0          717       16.38
80  0          718       16.37
80  0          719       16.01
80  0          720       15.87
80  0          721       16.41
80  0          722       16.14
80  0          723       16.35
80  0          724       16.35
80  0          725       16.22
80  0          726       16.58
80  0          727       16.38
80  0          728       16.37
80  0          729       16.01
80  0          730       15.88
80  0          731       16.40
80  0          732       16.14
80  0          733       16.34
80  0          734       16.35
80  0          735       16.22
80  0          736       16.55
80  0          737       16.37
80  0          738       16.37
80  0          739       16.02
80  0          740       15.86
80  0          741       16.41
80  0          742       16.13
80  0          743       16.34
80  0          744       16.36
80  0          745       16.21
80  0          746       16.55
80  0          747       16.37
80  0          748       16.38
80  0          749       16.04
80  0          750       15.86
80  0          751       16.40
80  0          752       16.13
80  0          753       16.33
80  0          754       16.35
80  0          755       16.21
80  0          756       16.57
80  0          757       16.37
80  0          758       16.37
80  0          759       16.01
80  0          760       15.85
80  0          761       16.41
80  0          762       16.14
80  0          763       16.34
80  0          764       16.36
80  0          765       16.22
80  0          766       16.56
80  0          767       16.37
80  0          768       16.37
80  0          769       16.01
80  0          770       15.86
80  0          771       16.44
80  0          772       16.16
80  0          773       16.37
80  0          774       16.42
80  0          775       16.27
80  0          776       16.59
80  0          777       16.40
80  0          778       16.40
80  0          779       16.04
80  0          780       15.94
80  0          781       16.41
80  0          782       16.14
80  0          783       16.33
80  0          784       16.37
80  0          785       16.20
80  0          786       16.56
80  0          787       16.38
80  0          788       16.37
80  0          789       15.99
80  0          790       15.85
80  0          791       16.43
80  0          792       16.17
80  0          793       16.39
80  0          794       16.40
80  0          795       16.27
80  0          796       16.58
80  0          797       16.40
80  0          798       16.39
80  0          799       16.04
80  0          800       15.94
