   Operation      Sample     Latency
10-i1-d0   0            1  2135472.20
10-i1-d0   0            2  2172347.00
10-i1-d0   0            3  2241714.00
10-i16-d0  0            1  2321206.20
10-i16-d0  0            2  2319344.80
10-i16-d0  0            3  2302751.80
10-i2-d0   0            1  2810105.80
10-i2-d0   0            2  2794813.40
10-i2-d0   0            3  2860232.60
10-i32-d0  0            1  1721172.60
10-i32-d0  0            2  1726695.40
10-i32-d0  0            3  1703607.60
10-i4-d0   0            1  3708766.60
10-i4-d0   0            2  3686097.80
10-i4-d0   0            3  3742377.20
10-i64-d0  0            1  1214623.60
10-i64-d0  0            2  1184211.60
10-i64-d0  0            3  1208419.40
10-i8-d0   0            1  3252137.40
10-i8-d0   0            2  3275698.80
10-i8-d0   0            3  3279412.60
14-i1-d0   0            1  2857913.80
14-i1-d0   0            2  3180660.40
14-i1-d0   0            3  2845645.60
14-i16-d0  0            1  2728147.20
14-i16-d0  0            2  2688516.60
14-i16-d0  0            3  2705992.80
14-i2-d0   0            1  5411651.00
14-i2-d0   0            2  5828908.20
14-i2-d0   0            3  5665623.40
14-i32-d0  0            1  1944998.00
14-i32-d0  0            2  1941989.40
14-i32-d0  0            3  1937206.80
14-i4-d0   0            1  5568551.20
14-i4-d0   0            2  5552932.40
14-i4-d0   0            3  5442811.00
14-i64-d0  0            1  1352942.00
14-i64-d0  0            2  1312248.00
14-i64-d0  0            3  1341676.60
14-i8-d0   0            1  4029093.80
14-i8-d0   0            2  4088803.80
14-i8-d0   0            3  4084635.20
16-i1-d0   0            1  2881299.20
16-i1-d0   0            2  2976667.60
16-i1-d0   0            3  2931414.40
16-i16-d0  0            1  2825925.20
16-i16-d0  0            2  2849460.40
16-i16-d0  0            3  2847638.00
16-i2-d0   0            1  4541840.80
16-i2-d0   0            2  4471712.80
16-i2-d0   0            3  4464432.00
16-i32-d0  0            1  2011997.00
16-i32-d0  0            2  2005463.60
16-i32-d0  0            3  2016485.20
16-i4-d0   0            1  6077231.60
16-i4-d0   0            2  6041277.00
16-i4-d0   0            3  6069929.80
16-i64-d0  0            1  1383304.60
16-i64-d0  0            2  1351861.20
16-i64-d0  0            3  1376562.80
16-i8-d0   0            1  4516121.40
16-i8-d0   0            2  4535577.40
16-i8-d0   0            3  4561252.80
2-i1-d0    0            1   780937.00
2-i1-d0    0            2   774989.00
2-i1-d0    0            3   757931.00
2-i16-d0   0            1   811128.80
2-i16-d0   0            2   810578.20
2-i16-d0   0            3   784955.20
2-i2-d0    0            1   779524.60
2-i2-d0    0            2   823751.20
2-i2-d0    0            3   795176.00
2-i32-d0   0            1   836860.80
2-i32-d0   0            2   790991.20
2-i32-d0   0            3   832409.60
2-i4-d0    0            1   774488.60
2-i4-d0    0            2   765413.20
2-i4-d0    0            3   772218.40
2-i64-d0   0            1   475360.40
2-i64-d0   0            2   463300.80
2-i64-d0   0            3   477665.60
2-i8-d0    0            1   810199.20
2-i8-d0    0            2   831429.80
2-i8-d0    0            3   812297.60
20-i1-d0   0            1  4316778.20
20-i1-d0   0            2  4565504.00
20-i1-d0   0            3  4339687.80
20-i16-d0  0            1  3225099.80
20-i16-d0  0            2  3198947.80
20-i16-d0  0            3  3218581.00
20-i2-d0   0            1  6956881.80
20-i2-d0   0            2  6748125.20
20-i2-d0   0            3  6679275.60
20-i32-d0  0            1  2138548.00
20-i32-d0  0            2  2133220.00
20-i32-d0  0            3  2161516.00
20-i4-d0   0            1  7239399.80
20-i4-d0   0            2  7343949.20
20-i4-d0   0            3  7426498.00
20-i64-d0  0            1  2130661.40
20-i64-d0  0            2  2092491.80
20-i64-d0  0            3  2131048.80
20-i8-d0   0            1  5185488.20
20-i8-d0   0            2  5167484.40
20-i8-d0   0            3  5188180.40
26-i1-d0   0            1  4924896.80
26-i1-d0   0            2  4881293.80
26-i1-d0   0            3  4877312.60
26-i16-d0  0            1  3256603.80
26-i16-d0  0            2  3238771.60
26-i16-d0  0            3  3253742.60
26-i2-d0   0            1  6583903.60
26-i2-d0   0            2  6616800.20
26-i2-d0   0            3  6614023.40
26-i32-d0  0            1  2805592.00
26-i32-d0  0            2  2833472.40
26-i32-d0  0            3  2842578.00
26-i4-d0   0            1  7204912.80
26-i4-d0   0            2  7228043.80
26-i4-d0   0            3  7265510.80
26-i64-d0  0            1  2483783.00
26-i64-d0  0            2  2496021.80
26-i64-d0  0            3  2488331.00
26-i8-d0   0            1  5517445.80
26-i8-d0   0            2  5502568.20
26-i8-d0   0            3  5627493.60
32-i1-d0   0            1  5585503.40
32-i1-d0   0            2  5540793.40
32-i1-d0   0            3  5795945.80
32-i16-d0  0            1  3540180.40
32-i16-d0  0            2  3502343.40
32-i16-d0  0            3  3524254.60
32-i2-d0   0            1  7449627.00
32-i2-d0   0            2  7416813.20
32-i2-d0   0            3  7582126.40
32-i32-d0  0            1  3671389.40
32-i32-d0  0            2  3659274.80
32-i32-d0  0            3  3650059.20
32-i4-d0   0            1  8520254.00
32-i4-d0   0            2  8656423.60
32-i4-d0   0            3  8535984.60
32-i64-d0  0            1  2637163.20
32-i64-d0  0            2  2633140.80
32-i64-d0  0            3  2641943.80
32-i8-d0   0            1  6201111.20
32-i8-d0   0            2  6149606.80
32-i8-d0   0            3  6128546.20
38-i1-d0   0            1  6465798.40
38-i1-d0   0            2  6546820.20
38-i1-d0   0            3  6501412.20
38-i16-d0  0            1  3585660.20
38-i16-d0  0            2  3631081.20
38-i16-d0  0            3  3644697.00
38-i2-d0   0            1  8542981.40
38-i2-d0   0            2  8531678.40
38-i2-d0   0            3  8696767.60
38-i32-d0  0            1  3970965.60
38-i32-d0  0            2  3943272.80
38-i32-d0  0            3  3953353.00
38-i4-d0   0            1  8742665.80
38-i4-d0   0            2  8471653.40
38-i4-d0   0            3  8602804.20
38-i64-d0  0            1  3726345.20
38-i64-d0  0            2  3814412.20
38-i64-d0  0            3  3718099.80
38-i8-d0   0            1  6598660.20
38-i8-d0   0            2  6606194.40
38-i8-d0   0            3  6573470.60
4-i1-d0    0            1  1269294.00
4-i1-d0    0            2  1372640.40
4-i1-d0    0            3  1287349.20
4-i16-d0   0            1  1216997.80
4-i16-d0   0            2  1298473.80
4-i16-d0   0            3  1290805.80
4-i2-d0    0            1  1365498.00
4-i2-d0    0            2  1313684.00
4-i2-d0    0            3  1416892.40
4-i32-d0   0            1  1038047.40
4-i32-d0   0            2  1024325.00
4-i32-d0   0            3  1028341.60
4-i4-d0    0            1  1826858.00
4-i4-d0    0            2  2027510.80
4-i4-d0    0            3  1992818.20
4-i64-d0   0            1   795438.40
4-i64-d0   0            2   780511.60
4-i64-d0   0            3   799512.40
4-i8-d0    0            1  1646554.00
4-i8-d0    0            2  1714127.00
4-i8-d0    0            3  1719049.60
46-i1-d0   0            1  7497820.20
46-i1-d0   0            2  7617257.00
46-i1-d0   0            3  7861035.20
46-i16-d0  0            1  4907185.80
46-i16-d0  0            2  4861960.80
46-i16-d0  0            3  4926709.40
46-i2-d0   0            1  8834116.20
46-i2-d0   0            2  8664406.60
46-i2-d0   0            3  8742036.20
46-i32-d0  0            1  4079649.40
46-i32-d0  0            2  4133224.20
46-i32-d0  0            3  4170634.20
46-i4-d0   0            1  8612939.80
46-i4-d0   0            2  8360885.80
46-i4-d0   0            3  8432821.80
46-i64-d0  0            1  4775478.20
46-i64-d0  0            2  4901758.80
46-i64-d0  0            3  4729163.00
46-i8-d0   0            1  6794097.40
46-i8-d0   0            2  6705705.60
46-i8-d0   0            3  6666612.20
56-i1-d0   0            1  9371675.40
56-i1-d0   0            2  9169056.80
56-i1-d0   0            3  9328963.60
56-i16-d0  0            1  5845099.00
56-i16-d0  0            2  5798177.20
56-i16-d0  0            3  5835290.60
56-i2-d0   0            1  8478620.20
56-i2-d0   0            2  8344814.20
56-i2-d0   0            3  8349327.80
56-i32-d0  0            1  4996962.40
56-i32-d0  0            2  4965147.40
56-i32-d0  0            3  4988182.40
56-i4-d0   0            1  8356896.00
56-i4-d0   0            2  8242298.00
56-i4-d0   0            3  8370494.20
56-i64-d0  0            1  5894950.40
56-i64-d0  0            2  6008000.40
56-i64-d0  0            3  6262936.00
56-i8-d0   0            1  6870380.40
56-i8-d0   0            2  6753356.80
56-i8-d0   0            3  6867858.60
6-i1-d0    0            1  1318280.00
6-i1-d0    0            2  1385283.80
6-i1-d0    0            3  1362509.60
6-i16-d0   0            1  1448166.80
6-i16-d0   0            2  1445685.60
6-i16-d0   0            3  1450354.00
6-i2-d0    0            1  1806070.00
6-i2-d0    0            2  1783961.80
6-i2-d0    0            3  1833897.40
6-i32-d0   0            1  1323626.20
6-i32-d0   0            2  1331583.40
6-i32-d0   0            3  1328910.20
6-i4-d0    0            1  2336919.60
6-i4-d0    0            2  2263899.00
6-i4-d0    0            3  2374526.80
6-i64-d0   0            1   959482.60
6-i64-d0   0            2   911646.00
6-i64-d0   0            3   959536.40
6-i8-d0    0            1  2120198.80
6-i8-d0    0            2  2122201.20
6-i8-d0    0            3  2107366.00
68-i1-d0   0            1  9118770.40
68-i1-d0   0            2  9387330.00
68-i1-d0   0            3  9902021.00
68-i16-d0  0            1  6154056.40
68-i16-d0  0            2  6125056.00
68-i16-d0  0            3  6167751.60
68-i2-d0   0            1  8401181.00
68-i2-d0   0            2  8765708.20
68-i2-d0   0            3  8235256.00
68-i32-d0  0            1  5602102.20
68-i32-d0  0            2  5572469.80
68-i32-d0  0            3  5534953.60
68-i4-d0   0            1  7796017.00
68-i4-d0   0            2  7707864.00
68-i4-d0   0            3  7770517.40
68-i64-d0  0            1  6858028.80
68-i64-d0  0            2  6870150.80
68-i64-d0  0            3  7207236.20
68-i8-d0   0            1  6757548.40
68-i8-d0   0            2  6702264.40
68-i8-d0   0            3  6778952.20
8-i1-d0    0            1  1537972.00
8-i1-d0    0            2  1765379.20
8-i1-d0    0            3  1552063.40
8-i16-d0   0            1  1913806.60
8-i16-d0   0            2  1921545.80
8-i16-d0   0            3  1926816.00
8-i2-d0    0            1  2462928.80
8-i2-d0    0            2  2522383.20
8-i2-d0    0            3  2404157.40
8-i32-d0   0            1  1599105.60
8-i32-d0   0            2  1601993.20
8-i32-d0   0            3  1611434.80
8-i4-d0    0            1  4182539.60
8-i4-d0    0            2  4043041.20
8-i4-d0    0            3  4065996.20
8-i64-d0   0            1  1148825.60
8-i64-d0   0            2  1139630.20
8-i64-d0   0            3  1150733.60
8-i8-d0    0            1  2928043.80
8-i8-d0    0            2  2866477.60
8-i8-d0    0            3  2914558.40
80-i1-d0   0            1  8942958.00
80-i1-d0   0            2  8248749.80
80-i1-d0   0            3  8473969.20
80-i16-d0  0            1  6071051.40
80-i16-d0  0            2  6020026.40
80-i16-d0  0            3  6067584.80
80-i2-d0   0            1  9429992.80
80-i2-d0   0            2  8856334.20
80-i2-d0   0            3  9940056.20
80-i32-d0  0            1  5657595.40
80-i32-d0  0            2  5624848.20
80-i32-d0  0            3  5628410.60
80-i4-d0   0            1  7825433.00
80-i4-d0   0            2  7681701.80
80-i4-d0   0            3  7844035.60
80-i64-d0  0            1  7428836.40
80-i64-d0  0            2  7559954.20
80-i64-d0  0            3  7272768.00
80-i8-d0   0            1  6783450.00
80-i8-d0   0            2  6670989.40
80-i8-d0   0            3  6780480.80
   Operation      Sample     Latency
1-i1-d0   0            1  1450463.00
1-i1-d0   0            2  1465350.80
1-i1-d0   0            3  1451638.80
1-i16-d0  0            1  1453214.60
1-i16-d0  0            2  1452524.00
1-i16-d0  0            3  1470329.60
1-i2-d0   0            1  1446657.20
1-i2-d0   0            2  1452081.80
1-i2-d0   0            3  1462434.40
1-i32-d0  0            1  1466462.80
1-i32-d0  0            2  1456918.60
1-i32-d0  0            3  1449410.00
1-i4-d0   0            1  1451081.40
1-i4-d0   0            2  1456260.20
1-i4-d0   0            3  1455112.60
1-i64-d0  0            1  1451129.80
1-i64-d0  0            2  1453343.20
1-i64-d0  0            3  1455229.00
1-i8-d0   0            1  1454805.80
1-i8-d0   0            2  1455478.60
1-i8-d0   0            3  1453593.80
11-i1-d0  0            1  5723351.80
11-i1-d0  0            2  5709101.20
11-i1-d0  0            3  5721652.20
11-i16-d0 0            1 10156904.80
11-i16-d0 0            2  9876542.40
11-i16-d0 0            3 10100943.80
11-i2-d0  0            1  8459862.80
11-i2-d0  0            2  8470176.80
11-i2-d0  0            3  8481714.20
11-i32-d0 0            1  7502759.20
11-i32-d0 0            2  7493652.60
11-i32-d0 0            3  7586479.40
11-i4-d0  0            1 12092143.00
11-i4-d0  0            2 12021117.00
11-i4-d0  0            3 12060398.00
11-i64-d0 0            1  5705994.00
11-i64-d0 0            2  5775831.20
11-i64-d0 0            3  5725576.80
11-i8-d0  0            1 12232907.00
11-i8-d0  0            2 12285522.60
11-i8-d0  0            3 12220335.20
14-i1-d0  0            1  6311691.20
14-i1-d0  0            2  6300556.00
14-i1-d0  0            3  6301077.60
14-i16-d0 0            1 11379034.20
14-i16-d0 0            2 11372030.80
14-i16-d0 0            3 11379278.40
14-i2-d0  0            1 11229177.40
14-i2-d0  0            2 11186367.40
14-i2-d0  0            3 11217109.20
14-i32-d0 0            1  8065402.40
14-i32-d0 0            2  8068764.80
14-i32-d0 0            3  8044356.80
14-i4-d0  0            1 14508699.40
14-i4-d0  0            2 14322980.20
14-i4-d0  0            3 14426160.20
14-i64-d0 0            1  6060997.80
14-i64-d0 0            2  6049674.80
14-i64-d0 0            3  6055553.00
14-i8-d0  0            1 14122637.40
14-i8-d0  0            2 14481294.00
14-i8-d0  0            3 14522858.20
17-i1-d0  0            1  7751726.00
17-i1-d0  0            2  7755295.60
17-i1-d0  0            3  7739752.40
17-i16-d0 0            1 12411037.40
17-i16-d0 0            2 12441987.60
17-i16-d0 0            3 12502197.40
17-i2-d0  0            1 13245748.20
17-i2-d0  0            2 13292958.00
17-i2-d0  0            3 13284082.00
17-i32-d0 0            1  8611050.20
17-i32-d0 0            2  8538298.60
17-i32-d0 0            3  8609875.80
17-i4-d0  0            1 17267460.60
17-i4-d0  0            2 17261419.00
17-i4-d0  0            3 17403946.40
17-i64-d0 0            1  7204445.40
17-i64-d0 0            2  7231958.60
17-i64-d0 0            3  7196509.20
17-i8-d0  0            1 17071118.60
17-i8-d0  0            2 16901871.40
17-i8-d0  0            3 16991940.80
2-i1-d0   0            1  2284452.00
2-i1-d0   0            2  2261274.00
2-i1-d0   0            3  2263083.00
2-i16-d0  0            1  2609796.00
2-i16-d0  0            2  2640300.40
2-i16-d0  0            3  2650899.80
2-i2-d0   0            1  2250722.20
2-i2-d0   0            2  2246090.00
2-i2-d0   0            3  2274829.40
2-i32-d0  0            1  2628193.20
2-i32-d0  0            2  2621445.40
2-i32-d0  0            3  2636130.80
2-i4-d0   0            1  2259362.20
2-i4-d0   0            2  2250144.00
2-i4-d0   0            3  2251096.60
2-i64-d0  0            1  2422031.40
2-i64-d0  0            2  2432028.20
2-i64-d0  0            3  2419242.60
2-i8-d0   0            1  2607739.00
2-i8-d0   0            2  2621436.80
2-i8-d0   0            3  2577632.20
21-i1-d0  0            1  9343440.00
21-i1-d0  0            2  9305351.80
21-i1-d0  0            3  9327243.60
21-i16-d0 0            1 13910921.00
21-i16-d0 0            2 13973473.00
21-i16-d0 0            3 13866358.40
21-i2-d0  0            1 16331834.00
21-i2-d0  0            2 16312635.20
21-i2-d0  0            3 16337362.40
21-i32-d0 0            1  8918408.20
21-i32-d0 0            2  8937027.40
21-i32-d0 0            3  8938671.20
21-i4-d0  0            1 21158517.40
21-i4-d0  0            2 20967303.40
21-i4-d0  0            3 21088687.60
21-i64-d0 0            1 10664912.00
21-i64-d0 0            2 10692476.80
21-i64-d0 0            3 10667344.20
21-i8-d0  0            1 20617880.60
21-i8-d0  0            2 20292129.40
21-i8-d0  0            3 20556115.80
26-i1-d0  0            1 11850760.60
26-i1-d0  0            2 11879957.20
26-i1-d0  0            3 11888024.40
26-i16-d0 0            1 14072748.80
26-i16-d0 0            2 13905154.40
26-i16-d0 0            3 14038523.20
26-i2-d0  0            1 19737083.80
26-i2-d0  0            2 19612822.00
26-i2-d0  0            3 19596190.40
26-i32-d0 0            1 11715418.40
26-i32-d0 0            2 11752255.20
26-i32-d0 0            3 11808258.80
26-i4-d0  0            1 22991006.20
26-i4-d0  0            2 22727391.40
26-i4-d0  0            3 22856036.80
26-i64-d0 0            1 11741335.40
26-i64-d0 0            2 11694213.80
26-i64-d0 0            3 11764686.20
26-i8-d0  0            1 22619063.20
26-i8-d0  0            2 22476182.40
26-i8-d0  0            3 22448896.40
3-i1-d0   0            1  2607326.20
3-i1-d0   0            2  2605670.20
3-i1-d0   0            3  2597442.60
3-i16-d0  0            1  3915252.00
3-i16-d0  0            2  3969754.20
3-i16-d0  0            3  3970533.20
3-i2-d0   0            1  2615366.20
3-i2-d0   0            2  2605034.40
3-i2-d0   0            3  2590763.80
3-i32-d0  0            1  3579644.60
3-i32-d0  0            2  3564281.20
3-i32-d0  0            3  3527978.60
3-i4-d0   0            1  3384318.40
3-i4-d0   0            2  3382730.80
3-i4-d0   0            3  3359200.00
3-i64-d0  0            1  3181487.80
3-i64-d0  0            2  3166769.00
3-i64-d0  0            3  3168570.80
3-i8-d0   0            1  3897740.40
3-i8-d0   0            2  3898206.20
3-i8-d0   0            3  3881110.20
32-i1-d0  0            1 12880882.20
32-i1-d0  0            2 12866344.40
32-i1-d0  0            3 12891888.00
32-i16-d0 0            1 14975928.00
32-i16-d0 0            2 14910093.00
32-i16-d0 0            3 14994754.00
32-i2-d0  0            1 23557888.60
32-i2-d0  0            2 23472601.80
32-i2-d0  0            3 23614887.20
32-i32-d0 0            1 16188401.00
32-i32-d0 0            2 16301504.60
32-i32-d0 0            3 16288020.40
32-i4-d0  0            1 25449184.00
32-i4-d0  0            2 25537030.80
32-i4-d0  0            3 25526438.40
32-i64-d0 0            1 12354354.40
32-i64-d0 0            2 12326498.40
32-i64-d0 0            3 12343338.80
32-i8-d0  0            1 24528458.80
32-i8-d0  0            2 24678266.40
32-i8-d0  0            3 24551411.60
39-i1-d0  0            1 16056222.80
39-i1-d0  0            2 16046508.80
39-i1-d0  0            3 16078492.40
39-i16-d0 0            1 15409621.40
39-i16-d0 0            2 15376832.60
39-i16-d0 0            3 15351432.80
39-i2-d0  0            1 29055722.60
39-i2-d0  0            2 29036059.60
39-i2-d0  0            3 29012468.00
39-i32-d0 0            1 17673785.20
39-i32-d0 0            2 17690181.60
39-i32-d0 0            3 17715660.40
39-i4-d0  0            1 28480257.60
39-i4-d0  0            2 28304253.00
39-i4-d0  0            3 28350147.80
39-i64-d0 0            1 15482082.60
39-i64-d0 0            2 15476330.20
39-i64-d0 0            3 15533545.80
39-i8-d0  0            1 28231669.80
39-i8-d0  0            2 28021958.00
39-i8-d0  0            3 28125281.20
4-i1-d0   0            1  3112955.60
4-i1-d0   0            2  3087449.60
4-i1-d0   0            3  3109695.20
4-i16-d0  0            1  4732187.20
4-i16-d0  0            2  4609304.20
4-i16-d0  0            3  4614865.00
4-i2-d0   0            1  3084938.80
4-i2-d0   0            2  3086413.80
4-i2-d0   0            3  3087441.20
4-i32-d0  0            1  4042436.40
4-i32-d0  0            2  4153909.20
4-i32-d0  0            3  4152416.60
4-i4-d0   0            1  4229036.80
4-i4-d0   0            2  4191490.20
4-i4-d0   0            3  4165189.20
4-i64-d0  0            1  3884711.40
4-i64-d0  0            2  3869142.60
4-i64-d0  0            3  3791565.20
4-i8-d0   0            1  5241150.00
4-i8-d0   0            2  5193873.80
4-i8-d0   0            3  5254415.20
47-i1-d0  0            1 19264404.60
47-i1-d0  0            2 19264708.60
47-i1-d0  0            3 19312125.00
47-i16-d0 0            1 23377459.60
47-i16-d0 0            2 23398167.80
47-i16-d0 0            3 23387921.20
47-i2-d0  0            1 30016499.60
47-i2-d0  0            2 29902732.80
47-i2-d0  0            3 30020758.80
47-i32-d0 0            1 18509042.60
47-i32-d0 0            2 18485696.80
47-i32-d0 0            3 18523215.20
47-i4-d0  0            1 29476559.00
47-i4-d0  0            2 29290669.80
47-i4-d0  0            3 29617343.40
47-i64-d0 0            1 18676415.20
47-i64-d0 0            2 18679527.20
47-i64-d0 0            3 18739477.40
47-i8-d0  0            1 28459764.60
47-i8-d0  0            2 28318580.40
47-i8-d0  0            3 28401869.60
5-i1-d0   0            1  2971951.60
5-i1-d0   0            2  2975033.60
5-i1-d0   0            3  2972720.40
5-i16-d0  0            1  5634316.20
5-i16-d0  0            2  5679145.00
5-i16-d0  0            3  5647479.40
5-i2-d0   0            1  4222544.20
5-i2-d0   0            2  4186519.20
5-i2-d0   0            3  4219116.20
5-i32-d0  0            1  4760400.40
5-i32-d0  0            2  4795604.80
5-i32-d0  0            3  4841566.20
5-i4-d0   0            1  5505869.80
5-i4-d0   0            2  5525175.20
5-i4-d0   0            3  5539596.40
5-i64-d0  0            1  4281478.00
5-i64-d0  0            2  4247075.40
5-i64-d0  0            3  4198771.80
5-i8-d0   0            1  6455172.80
5-i8-d0   0            2  6411421.60
5-i8-d0   0            3  6436525.40
57-i1-d0  0            1 23175679.20
57-i1-d0  0            2 23200280.80
57-i1-d0  0            3 23008661.20
57-i16-d0 0            1 28818821.60
57-i16-d0 0            2 28912364.60
57-i16-d0 0            3 28785425.80
57-i2-d0  0            1 30220679.60
57-i2-d0  0            2 30183251.20
57-i2-d0  0            3 30277019.80
57-i32-d0 0            1 24353304.80
57-i32-d0 0            2 24391313.00
57-i32-d0 0            3 24291673.00
57-i4-d0  0            1 29643469.60
57-i4-d0  0            2 29560626.20
57-i4-d0  0            3 29628395.40
57-i64-d0 0            1 23196829.40
57-i64-d0 0            2 23197386.00
57-i64-d0 0            3 23231434.80
57-i8-d0  0            1 29230244.20
57-i8-d0  0            2 29202750.40
57-i8-d0  0            3 29221680.20
69-i1-d0  0            1 28021108.00
69-i1-d0  0            2 28047227.00
69-i1-d0  0            3 28178373.40
69-i16-d0 0            1 30487091.20
69-i16-d0 0            2 30336699.60
69-i16-d0 0            3 30410958.20
69-i2-d0  0            1 30679785.20
69-i2-d0  0            2 30776025.20
69-i2-d0  0            3 30805784.20
69-i32-d0 0            1 29578336.20
69-i32-d0 0            2 29391066.60
69-i32-d0 0            3 29498630.80
69-i4-d0  0            1 30641943.80
69-i4-d0  0            2 30184642.40
69-i4-d0  0            3 30398557.00
69-i64-d0 0            1 28113242.20
69-i64-d0 0            2 28103438.20
69-i64-d0 0            3 28103525.00
69-i8-d0  0            1 30385408.20
69-i8-d0  0            2 30408171.80
69-i8-d0  0            3 30457820.40
7-i1-d0   0            1  3206157.40
7-i1-d0   0            2  3193480.60
7-i1-d0   0            3  3205195.80
7-i16-d0  0            1  6951841.20
7-i16-d0  0            2  7004599.00
7-i16-d0  0            3  6943262.80
7-i2-d0   0            1  5432258.20
7-i2-d0   0            2  5422175.00
7-i2-d0   0            3  5431536.80
7-i32-d0  0            1  5910629.60
7-i32-d0  0            2  6029069.20
7-i32-d0  0            3  5926394.00
7-i4-d0   0            1  7633104.40
7-i4-d0   0            2  7586972.80
7-i4-d0   0            3  7583671.00
7-i64-d0  0            1  5045409.40
7-i64-d0  0            2  5079172.00
7-i64-d0  0            3  5023957.00
7-i8-d0   0            1  8136827.80
7-i8-d0   0            2  8051312.60
7-i8-d0   0            3  8051646.80
80-i1-d0  0            1 31453673.20
80-i1-d0  0            2 31490855.40
80-i1-d0  0            3 31506437.20
80-i16-d0 0            1 31292438.20
80-i16-d0 0            2 31168695.80
80-i16-d0 0            3 31226283.00
80-i2-d0  0            1 31436148.60
80-i2-d0  0            2 31484005.20
80-i2-d0  0            3 31515340.80
80-i32-d0 0            1 31160901.20
80-i32-d0 0            2 31202525.40
80-i32-d0 0            3 31142697.20
80-i4-d0  0            1 31207114.20
80-i4-d0  0            2 31424947.60
80-i4-d0  0            3 31254299.80
80-i64-d0 0            1 31672550.40
80-i64-d0 0            2 31687496.80
80-i64-d0 0            3 31626862.20
80-i8-d0  0            1 31239254.00
80-i8-d0  0            2 31268716.40
80-i8-d0  0            3 31288491.40
9-i1-d0   0            1  4500426.80
9-i1-d0   0            2  4500556.00
9-i1-d0   0            3  4526230.60
9-i16-d0  0            1  8630690.40
9-i16-d0  0            2  8591030.00
9-i16-d0  0            3  8703196.00
9-i2-d0   0            1  7128273.40
9-i2-d0   0            2  7129151.00
9-i2-d0   0            3  7140838.80
9-i32-d0  0            1  6769831.60
9-i32-d0  0            2  6753000.20
9-i32-d0  0            3  6719294.40
9-i4-d0   0            1  9804583.00
9-i4-d0   0            2  9792964.60
9-i4-d0   0            3  9799504.20
9-i64-d0  0            1  5515607.20
9-i64-d0  0            2  5550681.40
9-i64-d0  0            3  5600447.20
9-i8-d0   0            1 10290503.80
9-i8-d0   0            2 10056766.60
9-i8-d0   0            3 10256271.40
