   Operation      Sample         Ops
Time   0            1       87.00
Time   0            2       62.00
Time   0            3       62.00
Time   0            4       58.00
Time   0            5       61.00
Time   0            6       60.00
Time   0            7       59.00
Time   0            8       58.00
Time   0            9       57.00
Time   0           10       59.00
Time   0           11       58.00
Time   0           12       58.00
Time   0           13       58.00
Time   0           14       61.00
Time   0           15       58.00
Time   0           16       58.00
Time   0           17       61.00
Time   0           18       58.00
Time   0           19       58.00
Time   0           20       60.00
Time   0           21       60.00
Time   0           22       59.00
Time   0           23       58.00
Time   0           24       58.00
Time   0           25       57.00
Time   0           26       58.00
Time   0           27       58.00
Time   0           28       58.00
Time   0           29       60.00
Time   0           30       58.00
Time   0           31       58.00
Time   0           32       57.00
Time   0           33       60.00
Time   0           34       57.00
Time   0           35       56.00
Time   0           36       56.00
Time   0           37       57.00
Time   0           38       55.00
Time   0           39       55.00
Time   0           40       57.00
Time   0           41       57.00
Time   0           42       58.00
Time   0           43       57.00
Time   0           44       58.00
Time   0           45       57.00
Time   0           46       56.00
Time   0           47       57.00
Time   0           48       56.00
Time   0           49       58.00
Time   0           50       57.00
Time   0           51       57.00
Time   0           52       57.00
Time   0           53       56.00
Time   0           54       58.00
Time   0           55       57.00
Time   0           56       57.00
Time   0           57       57.00
Time   0           58       58.00
Time   0           59       59.00
Time   0           60       57.00
Time   0           61       57.00
Time   0           62       58.00
Time   0           63       58.00
Time   0           64       56.00
Time   0           65       58.00
Time   0           66       56.00
Time   0           67       58.00
Time   0           68       56.00
Time   0           69       56.00
Time   0           70       58.00
Time   0           71       56.00
Time   0           72       56.00
Time   0           73       57.00
Time   0           74       60.00
Time   0           75       56.00
Time   0           76       56.00
Time   0           77       56.00
Time   0           78       56.00
Time   0           79       56.00
Time   0           80       56.00
Time   0           81       58.00
Time   0           82       57.00
Time   0           83       56.00
Time   0           84       56.00
Time   0           85       55.00
Time   0           86       57.00
Time   0           87       57.00
Time   0           88       56.00
Time   0           89       59.00
Time   0           90       56.00
Time   0           91       56.00
Time   0           92       56.00
Time   0           93       56.00
Time   0           94       58.00
Time   0           95       56.00
Time   0           96       57.00
Time   0           97       58.00
Time   0           98       56.00
Time   0           99       57.00
Time   0          100       55.00
Time   0          101       55.00
Time   0          102       56.00
Time   0          103       56.00
Time   0          104       57.00
Time   0          105       59.00
Time   0          106       54.00
Time   0          107       56.00
Time   0          108       56.00
Time   0          109       56.00
Time   0          110       57.00
Time   0          111       57.00
Time   0          112       56.00
Time   0          113       58.00
Time   0          114       56.00
Time   0          115       56.00
Time   0          116       56.00
Time   0          117       55.00
Time   0          118       57.00
Time   0          119       57.00
Time   0          120       56.00
Time   0          121       55.00
Time   0          122       55.00
Time   0          123       56.00
Time   0          124       56.00
Time   0          125       56.00
Time   0          126       56.00
Time   0          127       56.00
Time   0          128       55.00
Time   0          129       58.00
Time   0          130       55.00
Time   0          131       55.00
Time   0          132       56.00
Time   0          133       55.00
Time   0          134       58.00
Time   0          135      104.00
Time   0          136       59.00
Time   0          137       57.00
Time   0          138       56.00
Time   0          139       55.00
Time   0          140       56.00
Time   0          141       56.00
Time   0          142       55.00
Time   0          143       55.00
Time   0          144       55.00
Time   0          145       58.00
Time   0          146       55.00
Time   0          147       55.00
Time   0          148       57.00
Time   0          149       56.00
Time   0          150       55.00
Time   0          151       54.00
Time   0          152       54.00
Time   0          153       56.00
Time   0          154       56.00
Time   0          155       55.00
Time   0          156       55.00
Time   0          157       56.00
Time   0          158       55.00
Time   0          159       54.00
Time   0          160       55.00
Time   0          161       58.00
Time   0          162       54.00
Time   0          163       54.00
Time   0          164       54.00
Time   0          165       53.00
Time   0          166       55.00
Time   0          167       55.00
Time   0          168       54.00
Time   0          169       54.00
Time   0          170       54.00
Time   0          171       54.00
Time   0          172       54.00
Time   0          173       54.00
Time   0          174       55.00
Time   0          175       54.00
Time   0          176       54.00
Time   0          177       64.00
Time   0          178       54.00
Time   0          179       55.00
Time   0          180       55.00
Time   0          181       54.00
Time   0          182       54.00
Time   0          183       54.00
Time   0          184       54.00
Time   0          185       54.00
Time   0          186       54.00
Time   0          187       54.00
Time   0          188       55.00
Time   0          189       55.00
Time   0          190       55.00
Time   0          191       55.00
Time   0          192       54.00
Time   0          193       59.00
Time   0          194       54.00
Time   0          195       54.00
Time   0          196       55.00
Time   0          197       55.00
Time   0          198       53.00
Time   0          199       54.00
Time   0          200       54.00
Time   0          201       54.00
Time   0          202       54.00
Time   0          203       55.00
Time   0          204       55.00
Time   0          205       55.00
Time   0          206       56.00
Time   0          207       54.00
Time   0          208       56.00
Time   0          209       57.00
Time   0          210       55.00
Time   0          211       54.00
Time   0          212       54.00
Time   0          213       55.00
Time   0          214       54.00
Time   0          215       55.00
Time   0          216       54.00
Time   0          217       54.00
Time   0          218       54.00
Time   0          219       54.00
Time   0          220       54.00
Time   0          221       54.00
Time   0          222       54.00
Time   0          223       57.00
Time   0          224       54.00
Time   0          225       55.00
Time   0          226       55.00
Time   0          227       55.00
Time   0          228       54.00
Time   0          229       54.00
Time   0          230       54.00
Time   0          231       54.00
Time   0          232       54.00
Time   0          233       55.00
Time   0          234       54.00
Time   0          235       55.00
Time   0          236       53.00
Time   0          237       55.00
Time   0          238       56.00
Time   0          239       55.00
Time   0          240       55.00
Time   0          241       57.00
Time   0          242       54.00
Time   0          243       55.00
Time   0          244       54.00
Time   0          245       54.00
Time   0          246       55.00
Time   0          247       54.00
Time   0          248       54.00
Time   0          249       55.00
Time   0          250       55.00
Time   0          251       54.00
Time   0          252       55.00
Time   0          253       57.00
Time   0          254       54.00
Time   0          255       54.00
Time   0          256       55.00
